18:45:56 - Exito - SELECT cl.CLIENTE_ID, cl.DOM_ID, cl.CONTACTO_ID, cl.CLIENTE_NOMBRE, cl.CLIENTE_APELLIDO, cl.CLIENTE_FECHAALTA, cl.CLIENTE_FECHABAJA, 
    co.CONTACTO_TEL1, co.CONTACTO_TEL2, co.CONTACTO_EMAIL, co.CONTACTO_EMAIL, co.CONTACTO_WEB, co.CONTACTO_INFO, 
    dom.DOM_CALLE, dom.DOM_ALTURA, dom.DOM_CP, ci.CIUDAD_NOMBRE, pr.PROVINCIA_NOMBRE
    FROM cliente cl
    LEFT JOIN contacto co ON cl.CONTACTO_ID = co.CONTACTO_ID
    LEFT JOIN domicilio dom ON cl.DOM_ID = dom.DOM_ID
    LEFT JOIN ciudad ci ON dom.CIUDAD_ID = ci.CIUDAD_ID
    LEFT JOIN provincia pr ON ci.PROVINCIA_ID = pr.PROVINCIA_ID   
18:45:59 - Exito - SELECT cl.CLIENTE_ID, cl.DOM_ID, cl.CONTACTO_ID, cl.CLIENTE_NOMBRE, cl.CLIENTE_APELLIDO, cl.CLIENTE_FECHAALTA, cl.CLIENTE_FECHABAJA, 
    co.CONTACTO_TEL1, co.CONTACTO_TEL2, co.CONTACTO_EMAIL, co.CONTACTO_EMAIL, co.CONTACTO_WEB, co.CONTACTO_INFO, 
    dom.DOM_CALLE, dom.DOM_ALTURA, dom.DOM_CP, ci.CIUDAD_NOMBRE, pr.PROVINCIA_NOMBRE
    FROM cliente cl
    LEFT JOIN contacto co ON cl.CONTACTO_ID = co.CONTACTO_ID
    LEFT JOIN domicilio dom ON cl.DOM_ID = dom.DOM_ID
    LEFT JOIN ciudad ci ON dom.CIUDAD_ID = ci.CIUDAD_ID
    LEFT JOIN provincia pr ON ci.PROVINCIA_ID = pr.PROVINCIA_ID   
18:45:59 - Exito - SELECT cl.CLIENTE_ID, cl.DOM_ID, cl.CONTACTO_ID, cl.CLIENTE_NOMBRE, cl.CLIENTE_APELLIDO, cl.CLIENTE_FECHAALTA, cl.CLIENTE_FECHABAJA, 
    co.CONTACTO_TEL1, co.CONTACTO_TEL2, co.CONTACTO_EMAIL, co.CONTACTO_EMAIL, co.CONTACTO_WEB, co.CONTACTO_INFO, 
    dom.DOM_CALLE, dom.DOM_ALTURA, dom.DOM_CP, ci.CIUDAD_NOMBRE, pr.PROVINCIA_NOMBRE, pr.PROVINCIA_ID ,ci.CIUDAD_ID
    FROM cliente cl
    LEFT JOIN contacto co ON cl.CONTACTO_ID = co.CONTACTO_ID
    LEFT JOIN domicilio dom ON cl.DOM_ID = dom.DOM_ID
    LEFT JOIN ciudad ci ON dom.CIUDAD_ID = ci.CIUDAD_ID
    LEFT JOIN provincia pr ON ci.PROVINCIA_ID = pr.PROVINCIA_ID 
    WHERE cl.CLIENTE_ID = 5 
18:46:15 - Exito - SELECT cl.CLIENTE_ID, cl.DOM_ID, cl.CONTACTO_ID, cl.CLIENTE_NOMBRE, cl.CLIENTE_APELLIDO, cl.CLIENTE_FECHAALTA, cl.CLIENTE_FECHABAJA, 
    co.CONTACTO_TEL1, co.CONTACTO_TEL2, co.CONTACTO_EMAIL, co.CONTACTO_EMAIL, co.CONTACTO_WEB, co.CONTACTO_INFO, 
    dom.DOM_CALLE, dom.DOM_ALTURA, dom.DOM_CP, ci.CIUDAD_NOMBRE, pr.PROVINCIA_NOMBRE
    FROM cliente cl
    LEFT JOIN contacto co ON cl.CONTACTO_ID = co.CONTACTO_ID
    LEFT JOIN domicilio dom ON cl.DOM_ID = dom.DOM_ID
    LEFT JOIN ciudad ci ON dom.CIUDAD_ID = ci.CIUDAD_ID
    LEFT JOIN provincia pr ON ci.PROVINCIA_ID = pr.PROVINCIA_ID   
