13:53:38 - Exito - SELECT cl.CLIENTE_ID, cl.DOM_ID, cl.CONTACTO_ID, cl.CLIENTE_NOMBRE, cl.CLIENTE_APELLIDO, cl.CLIENTE_FECHAALTA, cl.CLIENTE_FECHABAJA, 
    co.CONTACTO_TEL1, co.CONTACTO_TEL2, co.CONTACTO_EMAIL, co.CONTACTO_EMAIL, co.CONTACTO_WEB, co.CONTACTO_INFO, 
    dom.DOM_CALLE, dom.DOM_ALTURA, dom.DOM_CP, ci.CIUDAD_NOMBRE, pr.PROVINCIA_NOMBRE
    FROM cliente cl
    LEFT JOIN contacto co ON cl.CONTACTO_ID = co.CONTACTO_ID
    LEFT JOIN domicilio dom ON cl.DOM_ID = dom.DOM_ID
    LEFT JOIN ciudad ci ON dom.CIUDAD_ID = ci.CIUDAD_ID
    LEFT JOIN provincia pr ON ci.PROVINCIA_ID = pr.PROVINCIA_ID   
13:53:50 - Exito - SELECT cl.CLIENTE_ID, cl.DOM_ID, cl.CONTACTO_ID, cl.CLIENTE_NOMBRE, cl.CLIENTE_APELLIDO, cl.CLIENTE_FECHAALTA, cl.CLIENTE_FECHABAJA, 
    co.CONTACTO_TEL1, co.CONTACTO_TEL2, co.CONTACTO_EMAIL, co.CONTACTO_EMAIL, co.CONTACTO_WEB, co.CONTACTO_INFO, 
    dom.DOM_CALLE, dom.DOM_ALTURA, dom.DOM_CP, ci.CIUDAD_NOMBRE, pr.PROVINCIA_NOMBRE, pr.PROVINCIA_ID ,ci.CIUDAD_ID
    FROM cliente cl
    LEFT JOIN contacto co ON cl.CONTACTO_ID = co.CONTACTO_ID
    LEFT JOIN domicilio dom ON cl.DOM_ID = dom.DOM_ID
    LEFT JOIN ciudad ci ON dom.CIUDAD_ID = ci.CIUDAD_ID
    LEFT JOIN provincia pr ON ci.PROVINCIA_ID = pr.PROVINCIA_ID 
    WHERE cl.CLIENTE_ID = 7 
13:53:50 - Exito - SELECT cl.CLIENTE_ID, cl.DOM_ID, cl.CONTACTO_ID, cl.CLIENTE_NOMBRE, cl.CLIENTE_APELLIDO, cl.CLIENTE_FECHAALTA, cl.CLIENTE_FECHABAJA, 
    co.CONTACTO_TEL1, co.CONTACTO_TEL2, co.CONTACTO_EMAIL, co.CONTACTO_EMAIL, co.CONTACTO_WEB, co.CONTACTO_INFO, 
    dom.DOM_CALLE, dom.DOM_ALTURA, dom.DOM_CP, ci.CIUDAD_NOMBRE, pr.PROVINCIA_NOMBRE
    FROM cliente cl
    LEFT JOIN contacto co ON cl.CONTACTO_ID = co.CONTACTO_ID
    LEFT JOIN domicilio dom ON cl.DOM_ID = dom.DOM_ID
    LEFT JOIN ciudad ci ON dom.CIUDAD_ID = ci.CIUDAD_ID
    LEFT JOIN provincia pr ON ci.PROVINCIA_ID = pr.PROVINCIA_ID   
13:54:03 - Exito - SELECT cl.CLIENTE_ID, cl.DOM_ID, cl.CONTACTO_ID, cl.CLIENTE_NOMBRE, cl.CLIENTE_APELLIDO, cl.CLIENTE_FECHAALTA, cl.CLIENTE_FECHABAJA, 
    co.CONTACTO_TEL1, co.CONTACTO_TEL2, co.CONTACTO_EMAIL, co.CONTACTO_EMAIL, co.CONTACTO_WEB, co.CONTACTO_INFO, 
    dom.DOM_CALLE, dom.DOM_ALTURA, dom.DOM_CP, ci.CIUDAD_NOMBRE, pr.PROVINCIA_NOMBRE
    FROM cliente cl
    LEFT JOIN contacto co ON cl.CONTACTO_ID = co.CONTACTO_ID
    LEFT JOIN domicilio dom ON cl.DOM_ID = dom.DOM_ID
    LEFT JOIN ciudad ci ON dom.CIUDAD_ID = ci.CIUDAD_ID
    LEFT JOIN provincia pr ON ci.PROVINCIA_ID = pr.PROVINCIA_ID   
13:54:14 - Exito - SELECT cl.CLIENTE_ID, cl.DOM_ID, cl.CONTACTO_ID, cl.CLIENTE_NOMBRE, cl.CLIENTE_APELLIDO, cl.CLIENTE_FECHAALTA, cl.CLIENTE_FECHABAJA, 
    co.CONTACTO_TEL1, co.CONTACTO_TEL2, co.CONTACTO_EMAIL, co.CONTACTO_EMAIL, co.CONTACTO_WEB, co.CONTACTO_INFO, 
    dom.DOM_CALLE, dom.DOM_ALTURA, dom.DOM_CP, ci.CIUDAD_NOMBRE, pr.PROVINCIA_NOMBRE
    FROM cliente cl
    LEFT JOIN contacto co ON cl.CONTACTO_ID = co.CONTACTO_ID
    LEFT JOIN domicilio dom ON cl.DOM_ID = dom.DOM_ID
    LEFT JOIN ciudad ci ON dom.CIUDAD_ID = ci.CIUDAD_ID
    LEFT JOIN provincia pr ON ci.PROVINCIA_ID = pr.PROVINCIA_ID   
13:54:53 - Exito - SELECT cl.CLIENTE_ID, cl.DOM_ID, cl.CONTACTO_ID, cl.CLIENTE_NOMBRE, cl.CLIENTE_APELLIDO, cl.CLIENTE_FECHAALTA, cl.CLIENTE_FECHABAJA, 
    co.CONTACTO_TEL1, co.CONTACTO_TEL2, co.CONTACTO_EMAIL, co.CONTACTO_EMAIL, co.CONTACTO_WEB, co.CONTACTO_INFO, 
    dom.DOM_CALLE, dom.DOM_ALTURA, dom.DOM_CP, ci.CIUDAD_NOMBRE, pr.PROVINCIA_NOMBRE
    FROM cliente cl
    LEFT JOIN contacto co ON cl.CONTACTO_ID = co.CONTACTO_ID
    LEFT JOIN domicilio dom ON cl.DOM_ID = dom.DOM_ID
    LEFT JOIN ciudad ci ON dom.CIUDAD_ID = ci.CIUDAD_ID
    LEFT JOIN provincia pr ON ci.PROVINCIA_ID = pr.PROVINCIA_ID   
13:55:51 - Exito - SELECT cl.CLIENTE_ID, cl.DOM_ID, cl.CONTACTO_ID, cl.CLIENTE_NOMBRE, cl.CLIENTE_APELLIDO, cl.CLIENTE_FECHAALTA, cl.CLIENTE_FECHABAJA, 
    co.CONTACTO_TEL1, co.CONTACTO_TEL2, co.CONTACTO_EMAIL, co.CONTACTO_EMAIL, co.CONTACTO_WEB, co.CONTACTO_INFO, 
    dom.DOM_CALLE, dom.DOM_ALTURA, dom.DOM_CP, ci.CIUDAD_NOMBRE, pr.PROVINCIA_NOMBRE
    FROM cliente cl
    LEFT JOIN contacto co ON cl.CONTACTO_ID = co.CONTACTO_ID
    LEFT JOIN domicilio dom ON cl.DOM_ID = dom.DOM_ID
    LEFT JOIN ciudad ci ON dom.CIUDAD_ID = ci.CIUDAD_ID
    LEFT JOIN provincia pr ON ci.PROVINCIA_ID = pr.PROVINCIA_ID   
14:16:34 - Exito - SELECT cl.CLIENTE_ID, cl.DOM_ID, cl.CONTACTO_ID, cl.CLIENTE_NOMBRE, cl.CLIENTE_APELLIDO, cl.CLIENTE_FECHAALTA, cl.CLIENTE_FECHABAJA, 
    co.CONTACTO_TEL1, co.CONTACTO_TEL2, co.CONTACTO_EMAIL, co.CONTACTO_EMAIL, co.CONTACTO_WEB, co.CONTACTO_INFO, 
    dom.DOM_CALLE, dom.DOM_ALTURA, dom.DOM_CP, ci.CIUDAD_NOMBRE, pr.PROVINCIA_NOMBRE
    FROM cliente cl
    LEFT JOIN contacto co ON cl.CONTACTO_ID = co.CONTACTO_ID
    LEFT JOIN domicilio dom ON cl.DOM_ID = dom.DOM_ID
    LEFT JOIN ciudad ci ON dom.CIUDAD_ID = ci.CIUDAD_ID
    LEFT JOIN provincia pr ON ci.PROVINCIA_ID = pr.PROVINCIA_ID   
14:17:16 - Exito - SELECT cl.CLIENTE_ID, cl.DOM_ID, cl.CONTACTO_ID, cl.CLIENTE_NOMBRE, cl.CLIENTE_APELLIDO, cl.CLIENTE_FECHAALTA, cl.CLIENTE_FECHABAJA, 
    co.CONTACTO_TEL1, co.CONTACTO_TEL2, co.CONTACTO_EMAIL, co.CONTACTO_EMAIL, co.CONTACTO_WEB, co.CONTACTO_INFO, 
    dom.DOM_CALLE, dom.DOM_ALTURA, dom.DOM_CP, ci.CIUDAD_NOMBRE, pr.PROVINCIA_NOMBRE
    FROM cliente cl
    LEFT JOIN contacto co ON cl.CONTACTO_ID = co.CONTACTO_ID
    LEFT JOIN domicilio dom ON cl.DOM_ID = dom.DOM_ID
    LEFT JOIN ciudad ci ON dom.CIUDAD_ID = ci.CIUDAD_ID
    LEFT JOIN provincia pr ON ci.PROVINCIA_ID = pr.PROVINCIA_ID   
14:26:14 - Exito - SELECT cl.CLIENTE_ID, cl.DOM_ID, cl.CONTACTO_ID, cl.CLIENTE_NOMBRE, cl.CLIENTE_APELLIDO, cl.CLIENTE_FECHAALTA, cl.CLIENTE_FECHABAJA, 
    co.CONTACTO_TEL1, co.CONTACTO_TEL2, co.CONTACTO_EMAIL, co.CONTACTO_EMAIL, co.CONTACTO_WEB, co.CONTACTO_INFO, 
    dom.DOM_CALLE, dom.DOM_ALTURA, dom.DOM_CP, ci.CIUDAD_NOMBRE, pr.PROVINCIA_NOMBRE
    FROM cliente cl
    LEFT JOIN contacto co ON cl.CONTACTO_ID = co.CONTACTO_ID
    LEFT JOIN domicilio dom ON cl.DOM_ID = dom.DOM_ID
    LEFT JOIN ciudad ci ON dom.CIUDAD_ID = ci.CIUDAD_ID
    LEFT JOIN provincia pr ON ci.PROVINCIA_ID = pr.PROVINCIA_ID   
14:27:22 - Exito - SELECT cl.CLIENTE_ID, cl.DOM_ID, cl.CONTACTO_ID, cl.CLIENTE_NOMBRE, cl.CLIENTE_APELLIDO, cl.CLIENTE_FECHAALTA, cl.CLIENTE_FECHABAJA, 
    co.CONTACTO_TEL1, co.CONTACTO_TEL2, co.CONTACTO_EMAIL, co.CONTACTO_EMAIL, co.CONTACTO_WEB, co.CONTACTO_INFO, 
    dom.DOM_CALLE, dom.DOM_ALTURA, dom.DOM_CP, ci.CIUDAD_NOMBRE, pr.PROVINCIA_NOMBRE
    FROM cliente cl
    LEFT JOIN contacto co ON cl.CONTACTO_ID = co.CONTACTO_ID
    LEFT JOIN domicilio dom ON cl.DOM_ID = dom.DOM_ID
    LEFT JOIN ciudad ci ON dom.CIUDAD_ID = ci.CIUDAD_ID
    LEFT JOIN provincia pr ON ci.PROVINCIA_ID = pr.PROVINCIA_ID   
14:27:35 - Exito - SELECT cl.CLIENTE_ID, cl.DOM_ID, cl.CONTACTO_ID, cl.CLIENTE_NOMBRE, cl.CLIENTE_APELLIDO, cl.CLIENTE_FECHAALTA, cl.CLIENTE_FECHABAJA, 
    co.CONTACTO_TEL1, co.CONTACTO_TEL2, co.CONTACTO_EMAIL, co.CONTACTO_EMAIL, co.CONTACTO_WEB, co.CONTACTO_INFO, 
    dom.DOM_CALLE, dom.DOM_ALTURA, dom.DOM_CP, ci.CIUDAD_NOMBRE, pr.PROVINCIA_NOMBRE
    FROM cliente cl
    LEFT JOIN contacto co ON cl.CONTACTO_ID = co.CONTACTO_ID
    LEFT JOIN domicilio dom ON cl.DOM_ID = dom.DOM_ID
    LEFT JOIN ciudad ci ON dom.CIUDAD_ID = ci.CIUDAD_ID
    LEFT JOIN provincia pr ON ci.PROVINCIA_ID = pr.PROVINCIA_ID   
14:29:21 - Exito - SELECT cl.CLIENTE_ID, cl.DOM_ID, cl.CONTACTO_ID, cl.CLIENTE_NOMBRE, cl.CLIENTE_APELLIDO, cl.CLIENTE_FECHAALTA, cl.CLIENTE_FECHABAJA, 
    co.CONTACTO_TEL1, co.CONTACTO_TEL2, co.CONTACTO_EMAIL, co.CONTACTO_EMAIL, co.CONTACTO_WEB, co.CONTACTO_INFO, 
    dom.DOM_CALLE, dom.DOM_ALTURA, dom.DOM_CP, ci.CIUDAD_NOMBRE, pr.PROVINCIA_NOMBRE
    FROM cliente cl
    LEFT JOIN contacto co ON cl.CONTACTO_ID = co.CONTACTO_ID
    LEFT JOIN domicilio dom ON cl.DOM_ID = dom.DOM_ID
    LEFT JOIN ciudad ci ON dom.CIUDAD_ID = ci.CIUDAD_ID
    LEFT JOIN provincia pr ON ci.PROVINCIA_ID = pr.PROVINCIA_ID   
14:29:29 - Exito - SELECT cl.CLIENTE_ID, cl.DOM_ID, cl.CONTACTO_ID, cl.CLIENTE_NOMBRE, cl.CLIENTE_APELLIDO, cl.CLIENTE_FECHAALTA, cl.CLIENTE_FECHABAJA, 
    co.CONTACTO_TEL1, co.CONTACTO_TEL2, co.CONTACTO_EMAIL, co.CONTACTO_EMAIL, co.CONTACTO_WEB, co.CONTACTO_INFO, 
    dom.DOM_CALLE, dom.DOM_ALTURA, dom.DOM_CP, ci.CIUDAD_NOMBRE, pr.PROVINCIA_NOMBRE
    FROM cliente cl
    LEFT JOIN contacto co ON cl.CONTACTO_ID = co.CONTACTO_ID
    LEFT JOIN domicilio dom ON cl.DOM_ID = dom.DOM_ID
    LEFT JOIN ciudad ci ON dom.CIUDAD_ID = ci.CIUDAD_ID
    LEFT JOIN provincia pr ON ci.PROVINCIA_ID = pr.PROVINCIA_ID   
14:30:17 - Exito - SELECT cl.CLIENTE_ID, cl.DOM_ID, cl.CONTACTO_ID, cl.CLIENTE_NOMBRE, cl.CLIENTE_APELLIDO, cl.CLIENTE_FECHAALTA, cl.CLIENTE_FECHABAJA, 
    co.CONTACTO_TEL1, co.CONTACTO_TEL2, co.CONTACTO_EMAIL, co.CONTACTO_EMAIL, co.CONTACTO_WEB, co.CONTACTO_INFO, 
    dom.DOM_CALLE, dom.DOM_ALTURA, dom.DOM_CP, ci.CIUDAD_NOMBRE, pr.PROVINCIA_NOMBRE
    FROM cliente cl
    LEFT JOIN contacto co ON cl.CONTACTO_ID = co.CONTACTO_ID
    LEFT JOIN domicilio dom ON cl.DOM_ID = dom.DOM_ID
    LEFT JOIN ciudad ci ON dom.CIUDAD_ID = ci.CIUDAD_ID
    LEFT JOIN provincia pr ON ci.PROVINCIA_ID = pr.PROVINCIA_ID   
14:30:36 - Exito - SELECT cl.CLIENTE_ID, cl.DOM_ID, cl.CONTACTO_ID, cl.CLIENTE_NOMBRE, cl.CLIENTE_APELLIDO, cl.CLIENTE_FECHAALTA, cl.CLIENTE_FECHABAJA, 
    co.CONTACTO_TEL1, co.CONTACTO_TEL2, co.CONTACTO_EMAIL, co.CONTACTO_EMAIL, co.CONTACTO_WEB, co.CONTACTO_INFO, 
    dom.DOM_CALLE, dom.DOM_ALTURA, dom.DOM_CP, ci.CIUDAD_NOMBRE, pr.PROVINCIA_NOMBRE
    FROM cliente cl
    LEFT JOIN contacto co ON cl.CONTACTO_ID = co.CONTACTO_ID
    LEFT JOIN domicilio dom ON cl.DOM_ID = dom.DOM_ID
    LEFT JOIN ciudad ci ON dom.CIUDAD_ID = ci.CIUDAD_ID
    LEFT JOIN provincia pr ON ci.PROVINCIA_ID = pr.PROVINCIA_ID   
14:31:27 - Exito - SELECT cl.CLIENTE_ID, cl.DOM_ID, cl.CONTACTO_ID, cl.CLIENTE_NOMBRE, cl.CLIENTE_APELLIDO, cl.CLIENTE_FECHAALTA, cl.CLIENTE_FECHABAJA, 
    co.CONTACTO_TEL1, co.CONTACTO_TEL2, co.CONTACTO_EMAIL, co.CONTACTO_EMAIL, co.CONTACTO_WEB, co.CONTACTO_INFO, 
    dom.DOM_CALLE, dom.DOM_ALTURA, dom.DOM_CP, ci.CIUDAD_NOMBRE, pr.PROVINCIA_NOMBRE
    FROM cliente cl
    LEFT JOIN contacto co ON cl.CONTACTO_ID = co.CONTACTO_ID
    LEFT JOIN domicilio dom ON cl.DOM_ID = dom.DOM_ID
    LEFT JOIN ciudad ci ON dom.CIUDAD_ID = ci.CIUDAD_ID
    LEFT JOIN provincia pr ON ci.PROVINCIA_ID = pr.PROVINCIA_ID   
14:31:44 - Exito - SELECT cl.CLIENTE_ID, cl.DOM_ID, cl.CONTACTO_ID, cl.CLIENTE_NOMBRE, cl.CLIENTE_APELLIDO, cl.CLIENTE_FECHAALTA, cl.CLIENTE_FECHABAJA, 
    co.CONTACTO_TEL1, co.CONTACTO_TEL2, co.CONTACTO_EMAIL, co.CONTACTO_EMAIL, co.CONTACTO_WEB, co.CONTACTO_INFO, 
    dom.DOM_CALLE, dom.DOM_ALTURA, dom.DOM_CP, ci.CIUDAD_NOMBRE, pr.PROVINCIA_NOMBRE
    FROM cliente cl
    LEFT JOIN contacto co ON cl.CONTACTO_ID = co.CONTACTO_ID
    LEFT JOIN domicilio dom ON cl.DOM_ID = dom.DOM_ID
    LEFT JOIN ciudad ci ON dom.CIUDAD_ID = ci.CIUDAD_ID
    LEFT JOIN provincia pr ON ci.PROVINCIA_ID = pr.PROVINCIA_ID   
14:39:28 - Exito - SELECT cl.CLIENTE_ID, cl.DOM_ID, cl.CONTACTO_ID, cl.CLIENTE_NOMBRE, cl.CLIENTE_APELLIDO, cl.CLIENTE_FECHAALTA, cl.CLIENTE_FECHABAJA, 
    co.CONTACTO_TEL1, co.CONTACTO_TEL2, co.CONTACTO_EMAIL, co.CONTACTO_EMAIL, co.CONTACTO_WEB, co.CONTACTO_INFO, 
    dom.DOM_CALLE, dom.DOM_ALTURA, dom.DOM_CP, ci.CIUDAD_NOMBRE, pr.PROVINCIA_NOMBRE, pr.PROVINCIA_ID ,ci.CIUDAD_ID
    FROM cliente cl
    LEFT JOIN contacto co ON cl.CONTACTO_ID = co.CONTACTO_ID
    LEFT JOIN domicilio dom ON cl.DOM_ID = dom.DOM_ID
    LEFT JOIN ciudad ci ON dom.CIUDAD_ID = ci.CIUDAD_ID
    LEFT JOIN provincia pr ON ci.PROVINCIA_ID = pr.PROVINCIA_ID 
    WHERE cl.CLIENTE_ID = 5 
14:39:28 - Exito - SELECT cl.CLIENTE_ID, cl.DOM_ID, cl.CONTACTO_ID, cl.CLIENTE_NOMBRE, cl.CLIENTE_APELLIDO, cl.CLIENTE_FECHAALTA, cl.CLIENTE_FECHABAJA, 
    co.CONTACTO_TEL1, co.CONTACTO_TEL2, co.CONTACTO_EMAIL, co.CONTACTO_EMAIL, co.CONTACTO_WEB, co.CONTACTO_INFO, 
    dom.DOM_CALLE, dom.DOM_ALTURA, dom.DOM_CP, ci.CIUDAD_NOMBRE, pr.PROVINCIA_NOMBRE
    FROM cliente cl
    LEFT JOIN contacto co ON cl.CONTACTO_ID = co.CONTACTO_ID
    LEFT JOIN domicilio dom ON cl.DOM_ID = dom.DOM_ID
    LEFT JOIN ciudad ci ON dom.CIUDAD_ID = ci.CIUDAD_ID
    LEFT JOIN provincia pr ON ci.PROVINCIA_ID = pr.PROVINCIA_ID   
14:46:07 - Exito - SELECT cl.CLIENTE_ID, cl.DOM_ID, cl.CONTACTO_ID, cl.CLIENTE_NOMBRE, cl.CLIENTE_APELLIDO, cl.CLIENTE_FECHAALTA, cl.CLIENTE_FECHABAJA, 
    co.CONTACTO_TEL1, co.CONTACTO_TEL2, co.CONTACTO_EMAIL, co.CONTACTO_EMAIL, co.CONTACTO_WEB, co.CONTACTO_INFO, 
    dom.DOM_CALLE, dom.DOM_ALTURA, dom.DOM_CP, ci.CIUDAD_NOMBRE, pr.PROVINCIA_NOMBRE, pr.PROVINCIA_ID ,ci.CIUDAD_ID
    FROM cliente cl
    LEFT JOIN contacto co ON cl.CONTACTO_ID = co.CONTACTO_ID
    LEFT JOIN domicilio dom ON cl.DOM_ID = dom.DOM_ID
    LEFT JOIN ciudad ci ON dom.CIUDAD_ID = ci.CIUDAD_ID
    LEFT JOIN provincia pr ON ci.PROVINCIA_ID = pr.PROVINCIA_ID 
    WHERE cl.CLIENTE_ID = 5 
14:46:07 - Exito - SELECT cl.CLIENTE_ID, cl.DOM_ID, cl.CONTACTO_ID, cl.CLIENTE_NOMBRE, cl.CLIENTE_APELLIDO, cl.CLIENTE_FECHAALTA, cl.CLIENTE_FECHABAJA, 
    co.CONTACTO_TEL1, co.CONTACTO_TEL2, co.CONTACTO_EMAIL, co.CONTACTO_EMAIL, co.CONTACTO_WEB, co.CONTACTO_INFO, 
    dom.DOM_CALLE, dom.DOM_ALTURA, dom.DOM_CP, ci.CIUDAD_NOMBRE, pr.PROVINCIA_NOMBRE
    FROM cliente cl
    LEFT JOIN contacto co ON cl.CONTACTO_ID = co.CONTACTO_ID
    LEFT JOIN domicilio dom ON cl.DOM_ID = dom.DOM_ID
    LEFT JOIN ciudad ci ON dom.CIUDAD_ID = ci.CIUDAD_ID
    LEFT JOIN provincia pr ON ci.PROVINCIA_ID = pr.PROVINCIA_ID   
14:53:27 - Exito - SELECT cl.CLIENTE_ID, cl.DOM_ID, cl.CONTACTO_ID, cl.CLIENTE_NOMBRE, cl.CLIENTE_APELLIDO, cl.CLIENTE_FECHAALTA, cl.CLIENTE_FECHABAJA, 
    co.CONTACTO_TEL1, co.CONTACTO_TEL2, co.CONTACTO_EMAIL, co.CONTACTO_EMAIL, co.CONTACTO_WEB, co.CONTACTO_INFO, 
    dom.DOM_CALLE, dom.DOM_ALTURA, dom.DOM_CP, ci.CIUDAD_NOMBRE, pr.PROVINCIA_NOMBRE, pr.PROVINCIA_ID ,ci.CIUDAD_ID
    FROM cliente cl
    LEFT JOIN contacto co ON cl.CONTACTO_ID = co.CONTACTO_ID
    LEFT JOIN domicilio dom ON cl.DOM_ID = dom.DOM_ID
    LEFT JOIN ciudad ci ON dom.CIUDAD_ID = ci.CIUDAD_ID
    LEFT JOIN provincia pr ON ci.PROVINCIA_ID = pr.PROVINCIA_ID 
    WHERE cl.CLIENTE_ID = 5 
14:53:27 - Exito - SELECT cl.CLIENTE_ID, cl.DOM_ID, cl.CONTACTO_ID, cl.CLIENTE_NOMBRE, cl.CLIENTE_APELLIDO, cl.CLIENTE_FECHAALTA, cl.CLIENTE_FECHABAJA, 
    co.CONTACTO_TEL1, co.CONTACTO_TEL2, co.CONTACTO_EMAIL, co.CONTACTO_EMAIL, co.CONTACTO_WEB, co.CONTACTO_INFO, 
    dom.DOM_CALLE, dom.DOM_ALTURA, dom.DOM_CP, ci.CIUDAD_NOMBRE, pr.PROVINCIA_NOMBRE
    FROM cliente cl
    LEFT JOIN contacto co ON cl.CONTACTO_ID = co.CONTACTO_ID
    LEFT JOIN domicilio dom ON cl.DOM_ID = dom.DOM_ID
    LEFT JOIN ciudad ci ON dom.CIUDAD_ID = ci.CIUDAD_ID
    LEFT JOIN provincia pr ON ci.PROVINCIA_ID = pr.PROVINCIA_ID   
14:55:06 - Exito - SELECT cl.CLIENTE_ID, cl.DOM_ID, cl.CONTACTO_ID, cl.CLIENTE_NOMBRE, cl.CLIENTE_APELLIDO, cl.CLIENTE_FECHAALTA, cl.CLIENTE_FECHABAJA, 
    co.CONTACTO_TEL1, co.CONTACTO_TEL2, co.CONTACTO_EMAIL, co.CONTACTO_EMAIL, co.CONTACTO_WEB, co.CONTACTO_INFO, 
    dom.DOM_CALLE, dom.DOM_ALTURA, dom.DOM_CP, ci.CIUDAD_NOMBRE, pr.PROVINCIA_NOMBRE, pr.PROVINCIA_ID ,ci.CIUDAD_ID
    FROM cliente cl
    LEFT JOIN contacto co ON cl.CONTACTO_ID = co.CONTACTO_ID
    LEFT JOIN domicilio dom ON cl.DOM_ID = dom.DOM_ID
    LEFT JOIN ciudad ci ON dom.CIUDAD_ID = ci.CIUDAD_ID
    LEFT JOIN provincia pr ON ci.PROVINCIA_ID = pr.PROVINCIA_ID 
    WHERE cl.CLIENTE_ID = 5 
14:55:06 - Exito - SELECT cl.CLIENTE_ID, cl.DOM_ID, cl.CONTACTO_ID, cl.CLIENTE_NOMBRE, cl.CLIENTE_APELLIDO, cl.CLIENTE_FECHAALTA, cl.CLIENTE_FECHABAJA, 
    co.CONTACTO_TEL1, co.CONTACTO_TEL2, co.CONTACTO_EMAIL, co.CONTACTO_EMAIL, co.CONTACTO_WEB, co.CONTACTO_INFO, 
    dom.DOM_CALLE, dom.DOM_ALTURA, dom.DOM_CP, ci.CIUDAD_NOMBRE, pr.PROVINCIA_NOMBRE
    FROM cliente cl
    LEFT JOIN contacto co ON cl.CONTACTO_ID = co.CONTACTO_ID
    LEFT JOIN domicilio dom ON cl.DOM_ID = dom.DOM_ID
    LEFT JOIN ciudad ci ON dom.CIUDAD_ID = ci.CIUDAD_ID
    LEFT JOIN provincia pr ON ci.PROVINCIA_ID = pr.PROVINCIA_ID   
14:55:33 - Exito - SELECT cl.CLIENTE_ID, cl.DOM_ID, cl.CONTACTO_ID, cl.CLIENTE_NOMBRE, cl.CLIENTE_APELLIDO, cl.CLIENTE_FECHAALTA, cl.CLIENTE_FECHABAJA, 
    co.CONTACTO_TEL1, co.CONTACTO_TEL2, co.CONTACTO_EMAIL, co.CONTACTO_EMAIL, co.CONTACTO_WEB, co.CONTACTO_INFO, 
    dom.DOM_CALLE, dom.DOM_ALTURA, dom.DOM_CP, ci.CIUDAD_NOMBRE, pr.PROVINCIA_NOMBRE, pr.PROVINCIA_ID ,ci.CIUDAD_ID
    FROM cliente cl
    LEFT JOIN contacto co ON cl.CONTACTO_ID = co.CONTACTO_ID
    LEFT JOIN domicilio dom ON cl.DOM_ID = dom.DOM_ID
    LEFT JOIN ciudad ci ON dom.CIUDAD_ID = ci.CIUDAD_ID
    LEFT JOIN provincia pr ON ci.PROVINCIA_ID = pr.PROVINCIA_ID 
    WHERE cl.CLIENTE_ID = 5 
14:55:33 - Exito - SELECT cl.CLIENTE_ID, cl.DOM_ID, cl.CONTACTO_ID, cl.CLIENTE_NOMBRE, cl.CLIENTE_APELLIDO, cl.CLIENTE_FECHAALTA, cl.CLIENTE_FECHABAJA, 
    co.CONTACTO_TEL1, co.CONTACTO_TEL2, co.CONTACTO_EMAIL, co.CONTACTO_EMAIL, co.CONTACTO_WEB, co.CONTACTO_INFO, 
    dom.DOM_CALLE, dom.DOM_ALTURA, dom.DOM_CP, ci.CIUDAD_NOMBRE, pr.PROVINCIA_NOMBRE
    FROM cliente cl
    LEFT JOIN contacto co ON cl.CONTACTO_ID = co.CONTACTO_ID
    LEFT JOIN domicilio dom ON cl.DOM_ID = dom.DOM_ID
    LEFT JOIN ciudad ci ON dom.CIUDAD_ID = ci.CIUDAD_ID
    LEFT JOIN provincia pr ON ci.PROVINCIA_ID = pr.PROVINCIA_ID   
14:57:27 - Exito - SELECT cl.CLIENTE_ID, cl.DOM_ID, cl.CONTACTO_ID, cl.CLIENTE_NOMBRE, cl.CLIENTE_APELLIDO, cl.CLIENTE_FECHAALTA, cl.CLIENTE_FECHABAJA, 
    co.CONTACTO_TEL1, co.CONTACTO_TEL2, co.CONTACTO_EMAIL, co.CONTACTO_EMAIL, co.CONTACTO_WEB, co.CONTACTO_INFO, 
    dom.DOM_CALLE, dom.DOM_ALTURA, dom.DOM_CP, ci.CIUDAD_NOMBRE, pr.PROVINCIA_NOMBRE, pr.PROVINCIA_ID ,ci.CIUDAD_ID
    FROM cliente cl
    LEFT JOIN contacto co ON cl.CONTACTO_ID = co.CONTACTO_ID
    LEFT JOIN domicilio dom ON cl.DOM_ID = dom.DOM_ID
    LEFT JOIN ciudad ci ON dom.CIUDAD_ID = ci.CIUDAD_ID
    LEFT JOIN provincia pr ON ci.PROVINCIA_ID = pr.PROVINCIA_ID 
    WHERE cl.CLIENTE_ID = 5 
14:57:27 - Exito - SELECT cl.CLIENTE_ID, cl.DOM_ID, cl.CONTACTO_ID, cl.CLIENTE_NOMBRE, cl.CLIENTE_APELLIDO, cl.CLIENTE_FECHAALTA, cl.CLIENTE_FECHABAJA, 
    co.CONTACTO_TEL1, co.CONTACTO_TEL2, co.CONTACTO_EMAIL, co.CONTACTO_EMAIL, co.CONTACTO_WEB, co.CONTACTO_INFO, 
    dom.DOM_CALLE, dom.DOM_ALTURA, dom.DOM_CP, ci.CIUDAD_NOMBRE, pr.PROVINCIA_NOMBRE
    FROM cliente cl
    LEFT JOIN contacto co ON cl.CONTACTO_ID = co.CONTACTO_ID
    LEFT JOIN domicilio dom ON cl.DOM_ID = dom.DOM_ID
    LEFT JOIN ciudad ci ON dom.CIUDAD_ID = ci.CIUDAD_ID
    LEFT JOIN provincia pr ON ci.PROVINCIA_ID = pr.PROVINCIA_ID   
14:57:44 - Exito - SELECT cl.CLIENTE_ID, cl.DOM_ID, cl.CONTACTO_ID, cl.CLIENTE_NOMBRE, cl.CLIENTE_APELLIDO, cl.CLIENTE_FECHAALTA, cl.CLIENTE_FECHABAJA, 
    co.CONTACTO_TEL1, co.CONTACTO_TEL2, co.CONTACTO_EMAIL, co.CONTACTO_EMAIL, co.CONTACTO_WEB, co.CONTACTO_INFO, 
    dom.DOM_CALLE, dom.DOM_ALTURA, dom.DOM_CP, ci.CIUDAD_NOMBRE, pr.PROVINCIA_NOMBRE, pr.PROVINCIA_ID ,ci.CIUDAD_ID
    FROM cliente cl
    LEFT JOIN contacto co ON cl.CONTACTO_ID = co.CONTACTO_ID
    LEFT JOIN domicilio dom ON cl.DOM_ID = dom.DOM_ID
    LEFT JOIN ciudad ci ON dom.CIUDAD_ID = ci.CIUDAD_ID
    LEFT JOIN provincia pr ON ci.PROVINCIA_ID = pr.PROVINCIA_ID 
    WHERE cl.CLIENTE_ID = 5 
14:57:44 - Exito - SELECT cl.CLIENTE_ID, cl.DOM_ID, cl.CONTACTO_ID, cl.CLIENTE_NOMBRE, cl.CLIENTE_APELLIDO, cl.CLIENTE_FECHAALTA, cl.CLIENTE_FECHABAJA, 
    co.CONTACTO_TEL1, co.CONTACTO_TEL2, co.CONTACTO_EMAIL, co.CONTACTO_EMAIL, co.CONTACTO_WEB, co.CONTACTO_INFO, 
    dom.DOM_CALLE, dom.DOM_ALTURA, dom.DOM_CP, ci.CIUDAD_NOMBRE, pr.PROVINCIA_NOMBRE
    FROM cliente cl
    LEFT JOIN contacto co ON cl.CONTACTO_ID = co.CONTACTO_ID
    LEFT JOIN domicilio dom ON cl.DOM_ID = dom.DOM_ID
    LEFT JOIN ciudad ci ON dom.CIUDAD_ID = ci.CIUDAD_ID
    LEFT JOIN provincia pr ON ci.PROVINCIA_ID = pr.PROVINCIA_ID   
14:58:03 - Exito - SELECT cl.CLIENTE_ID, cl.DOM_ID, cl.CONTACTO_ID, cl.CLIENTE_NOMBRE, cl.CLIENTE_APELLIDO, cl.CLIENTE_FECHAALTA, cl.CLIENTE_FECHABAJA, 
    co.CONTACTO_TEL1, co.CONTACTO_TEL2, co.CONTACTO_EMAIL, co.CONTACTO_EMAIL, co.CONTACTO_WEB, co.CONTACTO_INFO, 
    dom.DOM_CALLE, dom.DOM_ALTURA, dom.DOM_CP, ci.CIUDAD_NOMBRE, pr.PROVINCIA_NOMBRE, pr.PROVINCIA_ID ,ci.CIUDAD_ID
    FROM cliente cl
    LEFT JOIN contacto co ON cl.CONTACTO_ID = co.CONTACTO_ID
    LEFT JOIN domicilio dom ON cl.DOM_ID = dom.DOM_ID
    LEFT JOIN ciudad ci ON dom.CIUDAD_ID = ci.CIUDAD_ID
    LEFT JOIN provincia pr ON ci.PROVINCIA_ID = pr.PROVINCIA_ID 
    WHERE cl.CLIENTE_ID = 5 
14:58:03 - Exito - SELECT cl.CLIENTE_ID, cl.DOM_ID, cl.CONTACTO_ID, cl.CLIENTE_NOMBRE, cl.CLIENTE_APELLIDO, cl.CLIENTE_FECHAALTA, cl.CLIENTE_FECHABAJA, 
    co.CONTACTO_TEL1, co.CONTACTO_TEL2, co.CONTACTO_EMAIL, co.CONTACTO_EMAIL, co.CONTACTO_WEB, co.CONTACTO_INFO, 
    dom.DOM_CALLE, dom.DOM_ALTURA, dom.DOM_CP, ci.CIUDAD_NOMBRE, pr.PROVINCIA_NOMBRE
    FROM cliente cl
    LEFT JOIN contacto co ON cl.CONTACTO_ID = co.CONTACTO_ID
    LEFT JOIN domicilio dom ON cl.DOM_ID = dom.DOM_ID
    LEFT JOIN ciudad ci ON dom.CIUDAD_ID = ci.CIUDAD_ID
    LEFT JOIN provincia pr ON ci.PROVINCIA_ID = pr.PROVINCIA_ID   
15:09:51 - Exito - SELECT cl.CLIENTE_ID, cl.DOM_ID, cl.CONTACTO_ID, cl.CLIENTE_NOMBRE, cl.CLIENTE_APELLIDO, cl.CLIENTE_FECHAALTA, cl.CLIENTE_FECHABAJA, 
    co.CONTACTO_TEL1, co.CONTACTO_TEL2, co.CONTACTO_EMAIL, co.CONTACTO_EMAIL, co.CONTACTO_WEB, co.CONTACTO_INFO, 
    dom.DOM_CALLE, dom.DOM_ALTURA, dom.DOM_CP, ci.CIUDAD_NOMBRE, pr.PROVINCIA_NOMBRE, pr.PROVINCIA_ID ,ci.CIUDAD_ID
    FROM cliente cl
    LEFT JOIN contacto co ON cl.CONTACTO_ID = co.CONTACTO_ID
    LEFT JOIN domicilio dom ON cl.DOM_ID = dom.DOM_ID
    LEFT JOIN ciudad ci ON dom.CIUDAD_ID = ci.CIUDAD_ID
    LEFT JOIN provincia pr ON ci.PROVINCIA_ID = pr.PROVINCIA_ID 
    WHERE cl.CLIENTE_ID = 5 
15:09:51 - Exito - SELECT cl.CLIENTE_ID, cl.DOM_ID, cl.CONTACTO_ID, cl.CLIENTE_NOMBRE, cl.CLIENTE_APELLIDO, cl.CLIENTE_FECHAALTA, cl.CLIENTE_FECHABAJA, 
    co.CONTACTO_TEL1, co.CONTACTO_TEL2, co.CONTACTO_EMAIL, co.CONTACTO_EMAIL, co.CONTACTO_WEB, co.CONTACTO_INFO, 
    dom.DOM_CALLE, dom.DOM_ALTURA, dom.DOM_CP, ci.CIUDAD_NOMBRE, pr.PROVINCIA_NOMBRE
    FROM cliente cl
    LEFT JOIN contacto co ON cl.CONTACTO_ID = co.CONTACTO_ID
    LEFT JOIN domicilio dom ON cl.DOM_ID = dom.DOM_ID
    LEFT JOIN ciudad ci ON dom.CIUDAD_ID = ci.CIUDAD_ID
    LEFT JOIN provincia pr ON ci.PROVINCIA_ID = pr.PROVINCIA_ID   
15:10:19 - Exito - SELECT cl.CLIENTE_ID, cl.DOM_ID, cl.CONTACTO_ID, cl.CLIENTE_NOMBRE, cl.CLIENTE_APELLIDO, cl.CLIENTE_FECHAALTA, cl.CLIENTE_FECHABAJA, 
    co.CONTACTO_TEL1, co.CONTACTO_TEL2, co.CONTACTO_EMAIL, co.CONTACTO_EMAIL, co.CONTACTO_WEB, co.CONTACTO_INFO, 
    dom.DOM_CALLE, dom.DOM_ALTURA, dom.DOM_CP, ci.CIUDAD_NOMBRE, pr.PROVINCIA_NOMBRE
    FROM cliente cl
    LEFT JOIN contacto co ON cl.CONTACTO_ID = co.CONTACTO_ID
    LEFT JOIN domicilio dom ON cl.DOM_ID = dom.DOM_ID
    LEFT JOIN ciudad ci ON dom.CIUDAD_ID = ci.CIUDAD_ID
    LEFT JOIN provincia pr ON ci.PROVINCIA_ID = pr.PROVINCIA_ID   
15:10:27 - Exito - SELECT cl.CLIENTE_ID, cl.DOM_ID, cl.CONTACTO_ID, cl.CLIENTE_NOMBRE, cl.CLIENTE_APELLIDO, cl.CLIENTE_FECHAALTA, cl.CLIENTE_FECHABAJA, 
    co.CONTACTO_TEL1, co.CONTACTO_TEL2, co.CONTACTO_EMAIL, co.CONTACTO_EMAIL, co.CONTACTO_WEB, co.CONTACTO_INFO, 
    dom.DOM_CALLE, dom.DOM_ALTURA, dom.DOM_CP, ci.CIUDAD_NOMBRE, pr.PROVINCIA_NOMBRE
    FROM cliente cl
    LEFT JOIN contacto co ON cl.CONTACTO_ID = co.CONTACTO_ID
    LEFT JOIN domicilio dom ON cl.DOM_ID = dom.DOM_ID
    LEFT JOIN ciudad ci ON dom.CIUDAD_ID = ci.CIUDAD_ID
    LEFT JOIN provincia pr ON ci.PROVINCIA_ID = pr.PROVINCIA_ID   
17:09:07 - Exito - SELECT cl.CLIENTE_ID, cl.DOM_ID, cl.CONTACTO_ID, cl.CLIENTE_NOMBRE, cl.CLIENTE_APELLIDO, cl.CLIENTE_FECHAALTA, cl.CLIENTE_FECHABAJA, 
    co.CONTACTO_TEL1, co.CONTACTO_TEL2, co.CONTACTO_EMAIL, co.CONTACTO_EMAIL, co.CONTACTO_WEB, co.CONTACTO_INFO, 
    dom.DOM_CALLE, dom.DOM_ALTURA, dom.DOM_CP, ci.CIUDAD_NOMBRE, pr.PROVINCIA_NOMBRE
    FROM cliente cl
    LEFT JOIN contacto co ON cl.CONTACTO_ID = co.CONTACTO_ID
    LEFT JOIN domicilio dom ON cl.DOM_ID = dom.DOM_ID
    LEFT JOIN ciudad ci ON dom.CIUDAD_ID = ci.CIUDAD_ID
    LEFT JOIN provincia pr ON ci.PROVINCIA_ID = pr.PROVINCIA_ID   
17:09:10 - Exito - SELECT cl.CLIENTE_ID, cl.DOM_ID, cl.CONTACTO_ID, cl.CLIENTE_NOMBRE, cl.CLIENTE_APELLIDO, cl.CLIENTE_FECHAALTA, cl.CLIENTE_FECHABAJA, 
    co.CONTACTO_TEL1, co.CONTACTO_TEL2, co.CONTACTO_EMAIL, co.CONTACTO_EMAIL, co.CONTACTO_WEB, co.CONTACTO_INFO, 
    dom.DOM_CALLE, dom.DOM_ALTURA, dom.DOM_CP, ci.CIUDAD_NOMBRE, pr.PROVINCIA_NOMBRE, pr.PROVINCIA_ID ,ci.CIUDAD_ID
    FROM cliente cl
    LEFT JOIN contacto co ON cl.CONTACTO_ID = co.CONTACTO_ID
    LEFT JOIN domicilio dom ON cl.DOM_ID = dom.DOM_ID
    LEFT JOIN ciudad ci ON dom.CIUDAD_ID = ci.CIUDAD_ID
    LEFT JOIN provincia pr ON ci.PROVINCIA_ID = pr.PROVINCIA_ID 
    WHERE cl.CLIENTE_ID = 1 
17:09:10 - Exito - SELECT cl.CLIENTE_ID, cl.DOM_ID, cl.CONTACTO_ID, cl.CLIENTE_NOMBRE, cl.CLIENTE_APELLIDO, cl.CLIENTE_FECHAALTA, cl.CLIENTE_FECHABAJA, 
    co.CONTACTO_TEL1, co.CONTACTO_TEL2, co.CONTACTO_EMAIL, co.CONTACTO_EMAIL, co.CONTACTO_WEB, co.CONTACTO_INFO, 
    dom.DOM_CALLE, dom.DOM_ALTURA, dom.DOM_CP, ci.CIUDAD_NOMBRE, pr.PROVINCIA_NOMBRE
    FROM cliente cl
    LEFT JOIN contacto co ON cl.CONTACTO_ID = co.CONTACTO_ID
    LEFT JOIN domicilio dom ON cl.DOM_ID = dom.DOM_ID
    LEFT JOIN ciudad ci ON dom.CIUDAD_ID = ci.CIUDAD_ID
    LEFT JOIN provincia pr ON ci.PROVINCIA_ID = pr.PROVINCIA_ID   
17:12:57 - Exito - SELECT cl.CLIENTE_ID, cl.DOM_ID, cl.CONTACTO_ID, cl.CLIENTE_NOMBRE, cl.CLIENTE_APELLIDO, cl.CLIENTE_FECHAALTA, cl.CLIENTE_FECHABAJA, 
    co.CONTACTO_TEL1, co.CONTACTO_TEL2, co.CONTACTO_EMAIL, co.CONTACTO_EMAIL, co.CONTACTO_WEB, co.CONTACTO_INFO, 
    dom.DOM_CALLE, dom.DOM_ALTURA, dom.DOM_CP, ci.CIUDAD_NOMBRE, pr.PROVINCIA_NOMBRE, pr.PROVINCIA_ID ,ci.CIUDAD_ID
    FROM cliente cl
    LEFT JOIN contacto co ON cl.CONTACTO_ID = co.CONTACTO_ID
    LEFT JOIN domicilio dom ON cl.DOM_ID = dom.DOM_ID
    LEFT JOIN ciudad ci ON dom.CIUDAD_ID = ci.CIUDAD_ID
    LEFT JOIN provincia pr ON ci.PROVINCIA_ID = pr.PROVINCIA_ID 
    WHERE cl.CLIENTE_ID = 1 
17:12:57 - Exito - SELECT cl.CLIENTE_ID, cl.DOM_ID, cl.CONTACTO_ID, cl.CLIENTE_NOMBRE, cl.CLIENTE_APELLIDO, cl.CLIENTE_FECHAALTA, cl.CLIENTE_FECHABAJA, 
    co.CONTACTO_TEL1, co.CONTACTO_TEL2, co.CONTACTO_EMAIL, co.CONTACTO_EMAIL, co.CONTACTO_WEB, co.CONTACTO_INFO, 
    dom.DOM_CALLE, dom.DOM_ALTURA, dom.DOM_CP, ci.CIUDAD_NOMBRE, pr.PROVINCIA_NOMBRE
    FROM cliente cl
    LEFT JOIN contacto co ON cl.CONTACTO_ID = co.CONTACTO_ID
    LEFT JOIN domicilio dom ON cl.DOM_ID = dom.DOM_ID
    LEFT JOIN ciudad ci ON dom.CIUDAD_ID = ci.CIUDAD_ID
    LEFT JOIN provincia pr ON ci.PROVINCIA_ID = pr.PROVINCIA_ID   
17:13:31 - Exito - SELECT cl.CLIENTE_ID, cl.DOM_ID, cl.CONTACTO_ID, cl.CLIENTE_NOMBRE, cl.CLIENTE_APELLIDO, cl.CLIENTE_FECHAALTA, cl.CLIENTE_FECHABAJA, 
    co.CONTACTO_TEL1, co.CONTACTO_TEL2, co.CONTACTO_EMAIL, co.CONTACTO_EMAIL, co.CONTACTO_WEB, co.CONTACTO_INFO, 
    dom.DOM_CALLE, dom.DOM_ALTURA, dom.DOM_CP, ci.CIUDAD_NOMBRE, pr.PROVINCIA_NOMBRE, pr.PROVINCIA_ID ,ci.CIUDAD_ID
    FROM cliente cl
    LEFT JOIN contacto co ON cl.CONTACTO_ID = co.CONTACTO_ID
    LEFT JOIN domicilio dom ON cl.DOM_ID = dom.DOM_ID
    LEFT JOIN ciudad ci ON dom.CIUDAD_ID = ci.CIUDAD_ID
    LEFT JOIN provincia pr ON ci.PROVINCIA_ID = pr.PROVINCIA_ID 
    WHERE cl.CLIENTE_ID = 1 
17:13:31 - Exito - SELECT cl.CLIENTE_ID, cl.DOM_ID, cl.CONTACTO_ID, cl.CLIENTE_NOMBRE, cl.CLIENTE_APELLIDO, cl.CLIENTE_FECHAALTA, cl.CLIENTE_FECHABAJA, 
    co.CONTACTO_TEL1, co.CONTACTO_TEL2, co.CONTACTO_EMAIL, co.CONTACTO_EMAIL, co.CONTACTO_WEB, co.CONTACTO_INFO, 
    dom.DOM_CALLE, dom.DOM_ALTURA, dom.DOM_CP, ci.CIUDAD_NOMBRE, pr.PROVINCIA_NOMBRE
    FROM cliente cl
    LEFT JOIN contacto co ON cl.CONTACTO_ID = co.CONTACTO_ID
    LEFT JOIN domicilio dom ON cl.DOM_ID = dom.DOM_ID
    LEFT JOIN ciudad ci ON dom.CIUDAD_ID = ci.CIUDAD_ID
    LEFT JOIN provincia pr ON ci.PROVINCIA_ID = pr.PROVINCIA_ID   
17:15:46 - Exito - SELECT cl.CLIENTE_ID, cl.DOM_ID, cl.CONTACTO_ID, cl.CLIENTE_NOMBRE, cl.CLIENTE_APELLIDO, cl.CLIENTE_FECHAALTA, cl.CLIENTE_FECHABAJA, 
    co.CONTACTO_TEL1, co.CONTACTO_TEL2, co.CONTACTO_EMAIL, co.CONTACTO_EMAIL, co.CONTACTO_WEB, co.CONTACTO_INFO, 
    dom.DOM_CALLE, dom.DOM_ALTURA, dom.DOM_CP, ci.CIUDAD_NOMBRE, pr.PROVINCIA_NOMBRE, pr.PROVINCIA_ID ,ci.CIUDAD_ID
    FROM cliente cl
    LEFT JOIN contacto co ON cl.CONTACTO_ID = co.CONTACTO_ID
    LEFT JOIN domicilio dom ON cl.DOM_ID = dom.DOM_ID
    LEFT JOIN ciudad ci ON dom.CIUDAD_ID = ci.CIUDAD_ID
    LEFT JOIN provincia pr ON ci.PROVINCIA_ID = pr.PROVINCIA_ID 
    WHERE cl.CLIENTE_ID = 1 
17:15:46 - Exito - SELECT cl.CLIENTE_ID, cl.DOM_ID, cl.CONTACTO_ID, cl.CLIENTE_NOMBRE, cl.CLIENTE_APELLIDO, cl.CLIENTE_FECHAALTA, cl.CLIENTE_FECHABAJA, 
    co.CONTACTO_TEL1, co.CONTACTO_TEL2, co.CONTACTO_EMAIL, co.CONTACTO_EMAIL, co.CONTACTO_WEB, co.CONTACTO_INFO, 
    dom.DOM_CALLE, dom.DOM_ALTURA, dom.DOM_CP, ci.CIUDAD_NOMBRE, pr.PROVINCIA_NOMBRE
    FROM cliente cl
    LEFT JOIN contacto co ON cl.CONTACTO_ID = co.CONTACTO_ID
    LEFT JOIN domicilio dom ON cl.DOM_ID = dom.DOM_ID
    LEFT JOIN ciudad ci ON dom.CIUDAD_ID = ci.CIUDAD_ID
    LEFT JOIN provincia pr ON ci.PROVINCIA_ID = pr.PROVINCIA_ID   
17:15:57 - Exito - SELECT cl.CLIENTE_ID, cl.DOM_ID, cl.CONTACTO_ID, cl.CLIENTE_NOMBRE, cl.CLIENTE_APELLIDO, cl.CLIENTE_FECHAALTA, cl.CLIENTE_FECHABAJA, 
    co.CONTACTO_TEL1, co.CONTACTO_TEL2, co.CONTACTO_EMAIL, co.CONTACTO_EMAIL, co.CONTACTO_WEB, co.CONTACTO_INFO, 
    dom.DOM_CALLE, dom.DOM_ALTURA, dom.DOM_CP, ci.CIUDAD_NOMBRE, pr.PROVINCIA_NOMBRE, pr.PROVINCIA_ID ,ci.CIUDAD_ID
    FROM cliente cl
    LEFT JOIN contacto co ON cl.CONTACTO_ID = co.CONTACTO_ID
    LEFT JOIN domicilio dom ON cl.DOM_ID = dom.DOM_ID
    LEFT JOIN ciudad ci ON dom.CIUDAD_ID = ci.CIUDAD_ID
    LEFT JOIN provincia pr ON ci.PROVINCIA_ID = pr.PROVINCIA_ID 
    WHERE cl.CLIENTE_ID = 1 
17:15:57 - Exito - SELECT cl.CLIENTE_ID, cl.DOM_ID, cl.CONTACTO_ID, cl.CLIENTE_NOMBRE, cl.CLIENTE_APELLIDO, cl.CLIENTE_FECHAALTA, cl.CLIENTE_FECHABAJA, 
    co.CONTACTO_TEL1, co.CONTACTO_TEL2, co.CONTACTO_EMAIL, co.CONTACTO_EMAIL, co.CONTACTO_WEB, co.CONTACTO_INFO, 
    dom.DOM_CALLE, dom.DOM_ALTURA, dom.DOM_CP, ci.CIUDAD_NOMBRE, pr.PROVINCIA_NOMBRE
    FROM cliente cl
    LEFT JOIN contacto co ON cl.CONTACTO_ID = co.CONTACTO_ID
    LEFT JOIN domicilio dom ON cl.DOM_ID = dom.DOM_ID
    LEFT JOIN ciudad ci ON dom.CIUDAD_ID = ci.CIUDAD_ID
    LEFT JOIN provincia pr ON ci.PROVINCIA_ID = pr.PROVINCIA_ID   
17:16:33 - Exito - SELECT cl.CLIENTE_ID, cl.DOM_ID, cl.CONTACTO_ID, cl.CLIENTE_NOMBRE, cl.CLIENTE_APELLIDO, cl.CLIENTE_FECHAALTA, cl.CLIENTE_FECHABAJA, 
    co.CONTACTO_TEL1, co.CONTACTO_TEL2, co.CONTACTO_EMAIL, co.CONTACTO_EMAIL, co.CONTACTO_WEB, co.CONTACTO_INFO, 
    dom.DOM_CALLE, dom.DOM_ALTURA, dom.DOM_CP, ci.CIUDAD_NOMBRE, pr.PROVINCIA_NOMBRE, pr.PROVINCIA_ID ,ci.CIUDAD_ID
    FROM cliente cl
    LEFT JOIN contacto co ON cl.CONTACTO_ID = co.CONTACTO_ID
    LEFT JOIN domicilio dom ON cl.DOM_ID = dom.DOM_ID
    LEFT JOIN ciudad ci ON dom.CIUDAD_ID = ci.CIUDAD_ID
    LEFT JOIN provincia pr ON ci.PROVINCIA_ID = pr.PROVINCIA_ID 
    WHERE cl.CLIENTE_ID = 1 
17:16:33 - Exito - SELECT cl.CLIENTE_ID, cl.DOM_ID, cl.CONTACTO_ID, cl.CLIENTE_NOMBRE, cl.CLIENTE_APELLIDO, cl.CLIENTE_FECHAALTA, cl.CLIENTE_FECHABAJA, 
    co.CONTACTO_TEL1, co.CONTACTO_TEL2, co.CONTACTO_EMAIL, co.CONTACTO_EMAIL, co.CONTACTO_WEB, co.CONTACTO_INFO, 
    dom.DOM_CALLE, dom.DOM_ALTURA, dom.DOM_CP, ci.CIUDAD_NOMBRE, pr.PROVINCIA_NOMBRE
    FROM cliente cl
    LEFT JOIN contacto co ON cl.CONTACTO_ID = co.CONTACTO_ID
    LEFT JOIN domicilio dom ON cl.DOM_ID = dom.DOM_ID
    LEFT JOIN ciudad ci ON dom.CIUDAD_ID = ci.CIUDAD_ID
    LEFT JOIN provincia pr ON ci.PROVINCIA_ID = pr.PROVINCIA_ID   
17:17:11 - Exito - SELECT cl.CLIENTE_ID, cl.DOM_ID, cl.CONTACTO_ID, cl.CLIENTE_NOMBRE, cl.CLIENTE_APELLIDO, cl.CLIENTE_FECHAALTA, cl.CLIENTE_FECHABAJA, 
    co.CONTACTO_TEL1, co.CONTACTO_TEL2, co.CONTACTO_EMAIL, co.CONTACTO_EMAIL, co.CONTACTO_WEB, co.CONTACTO_INFO, 
    dom.DOM_CALLE, dom.DOM_ALTURA, dom.DOM_CP, ci.CIUDAD_NOMBRE, pr.PROVINCIA_NOMBRE, pr.PROVINCIA_ID ,ci.CIUDAD_ID
    FROM cliente cl
    LEFT JOIN contacto co ON cl.CONTACTO_ID = co.CONTACTO_ID
    LEFT JOIN domicilio dom ON cl.DOM_ID = dom.DOM_ID
    LEFT JOIN ciudad ci ON dom.CIUDAD_ID = ci.CIUDAD_ID
    LEFT JOIN provincia pr ON ci.PROVINCIA_ID = pr.PROVINCIA_ID 
    WHERE cl.CLIENTE_ID = 1 
17:17:11 - Exito - SELECT cl.CLIENTE_ID, cl.DOM_ID, cl.CONTACTO_ID, cl.CLIENTE_NOMBRE, cl.CLIENTE_APELLIDO, cl.CLIENTE_FECHAALTA, cl.CLIENTE_FECHABAJA, 
    co.CONTACTO_TEL1, co.CONTACTO_TEL2, co.CONTACTO_EMAIL, co.CONTACTO_EMAIL, co.CONTACTO_WEB, co.CONTACTO_INFO, 
    dom.DOM_CALLE, dom.DOM_ALTURA, dom.DOM_CP, ci.CIUDAD_NOMBRE, pr.PROVINCIA_NOMBRE
    FROM cliente cl
    LEFT JOIN contacto co ON cl.CONTACTO_ID = co.CONTACTO_ID
    LEFT JOIN domicilio dom ON cl.DOM_ID = dom.DOM_ID
    LEFT JOIN ciudad ci ON dom.CIUDAD_ID = ci.CIUDAD_ID
    LEFT JOIN provincia pr ON ci.PROVINCIA_ID = pr.PROVINCIA_ID   
17:18:09 - Exito - SELECT cl.CLIENTE_ID, cl.DOM_ID, cl.CONTACTO_ID, cl.CLIENTE_NOMBRE, cl.CLIENTE_APELLIDO, cl.CLIENTE_FECHAALTA, cl.CLIENTE_FECHABAJA, 
    co.CONTACTO_TEL1, co.CONTACTO_TEL2, co.CONTACTO_EMAIL, co.CONTACTO_EMAIL, co.CONTACTO_WEB, co.CONTACTO_INFO, 
    dom.DOM_CALLE, dom.DOM_ALTURA, dom.DOM_CP, ci.CIUDAD_NOMBRE, pr.PROVINCIA_NOMBRE, pr.PROVINCIA_ID ,ci.CIUDAD_ID
    FROM cliente cl
    LEFT JOIN contacto co ON cl.CONTACTO_ID = co.CONTACTO_ID
    LEFT JOIN domicilio dom ON cl.DOM_ID = dom.DOM_ID
    LEFT JOIN ciudad ci ON dom.CIUDAD_ID = ci.CIUDAD_ID
    LEFT JOIN provincia pr ON ci.PROVINCIA_ID = pr.PROVINCIA_ID 
    WHERE cl.CLIENTE_ID = 1 
17:18:09 - Exito - SELECT cl.CLIENTE_ID, cl.DOM_ID, cl.CONTACTO_ID, cl.CLIENTE_NOMBRE, cl.CLIENTE_APELLIDO, cl.CLIENTE_FECHAALTA, cl.CLIENTE_FECHABAJA, 
    co.CONTACTO_TEL1, co.CONTACTO_TEL2, co.CONTACTO_EMAIL, co.CONTACTO_EMAIL, co.CONTACTO_WEB, co.CONTACTO_INFO, 
    dom.DOM_CALLE, dom.DOM_ALTURA, dom.DOM_CP, ci.CIUDAD_NOMBRE, pr.PROVINCIA_NOMBRE
    FROM cliente cl
    LEFT JOIN contacto co ON cl.CONTACTO_ID = co.CONTACTO_ID
    LEFT JOIN domicilio dom ON cl.DOM_ID = dom.DOM_ID
    LEFT JOIN ciudad ci ON dom.CIUDAD_ID = ci.CIUDAD_ID
    LEFT JOIN provincia pr ON ci.PROVINCIA_ID = pr.PROVINCIA_ID   
18:49:30 - Exito - SELECT cl.CLIENTE_ID, cl.DOM_ID, cl.CONTACTO_ID, cl.CLIENTE_NOMBRE, cl.CLIENTE_APELLIDO, cl.CLIENTE_FECHAALTA, cl.CLIENTE_FECHABAJA, 
    co.CONTACTO_TEL1, co.CONTACTO_TEL2, co.CONTACTO_EMAIL, co.CONTACTO_EMAIL, co.CONTACTO_WEB, co.CONTACTO_INFO, 
    dom.DOM_CALLE, dom.DOM_ALTURA, dom.DOM_CP, ci.CIUDAD_NOMBRE, pr.PROVINCIA_NOMBRE, pr.PROVINCIA_ID ,ci.CIUDAD_ID
    FROM cliente cl
    LEFT JOIN contacto co ON cl.CONTACTO_ID = co.CONTACTO_ID
    LEFT JOIN domicilio dom ON cl.DOM_ID = dom.DOM_ID
    LEFT JOIN ciudad ci ON dom.CIUDAD_ID = ci.CIUDAD_ID
    LEFT JOIN provincia pr ON ci.PROVINCIA_ID = pr.PROVINCIA_ID 
    WHERE cl.CLIENTE_ID = 1 
18:49:30 - Exito - SELECT cl.CLIENTE_ID, cl.DOM_ID, cl.CONTACTO_ID, cl.CLIENTE_NOMBRE, cl.CLIENTE_APELLIDO, cl.CLIENTE_FECHAALTA, cl.CLIENTE_FECHABAJA, 
    co.CONTACTO_TEL1, co.CONTACTO_TEL2, co.CONTACTO_EMAIL, co.CONTACTO_EMAIL, co.CONTACTO_WEB, co.CONTACTO_INFO, 
    dom.DOM_CALLE, dom.DOM_ALTURA, dom.DOM_CP, ci.CIUDAD_NOMBRE, pr.PROVINCIA_NOMBRE
    FROM cliente cl
    LEFT JOIN contacto co ON cl.CONTACTO_ID = co.CONTACTO_ID
    LEFT JOIN domicilio dom ON cl.DOM_ID = dom.DOM_ID
    LEFT JOIN ciudad ci ON dom.CIUDAD_ID = ci.CIUDAD_ID
    LEFT JOIN provincia pr ON ci.PROVINCIA_ID = pr.PROVINCIA_ID   
19:26:06 - Exito - SELECT cl.CLIENTE_ID, cl.DOM_ID, cl.CONTACTO_ID, cl.CLIENTE_NOMBRE, cl.CLIENTE_APELLIDO, cl.CLIENTE_FECHAALTA, cl.CLIENTE_FECHABAJA, 
    co.CONTACTO_TEL1, co.CONTACTO_TEL2, co.CONTACTO_EMAIL, co.CONTACTO_EMAIL, co.CONTACTO_WEB, co.CONTACTO_INFO, 
    dom.DOM_CALLE, dom.DOM_ALTURA, dom.DOM_CP, ci.CIUDAD_NOMBRE, pr.PROVINCIA_NOMBRE, pr.PROVINCIA_ID ,ci.CIUDAD_ID
    FROM cliente cl
    LEFT JOIN contacto co ON cl.CONTACTO_ID = co.CONTACTO_ID
    LEFT JOIN domicilio dom ON cl.DOM_ID = dom.DOM_ID
    LEFT JOIN ciudad ci ON dom.CIUDAD_ID = ci.CIUDAD_ID
    LEFT JOIN provincia pr ON ci.PROVINCIA_ID = pr.PROVINCIA_ID 
    WHERE cl.CLIENTE_ID = 1 
19:26:06 - Exito - SELECT cl.CLIENTE_ID, cl.DOM_ID, cl.CONTACTO_ID, cl.CLIENTE_NOMBRE, cl.CLIENTE_APELLIDO, cl.CLIENTE_FECHAALTA, cl.CLIENTE_FECHABAJA, 
    co.CONTACTO_TEL1, co.CONTACTO_TEL2, co.CONTACTO_EMAIL, co.CONTACTO_EMAIL, co.CONTACTO_WEB, co.CONTACTO_INFO, 
    dom.DOM_CALLE, dom.DOM_ALTURA, dom.DOM_CP, ci.CIUDAD_NOMBRE, pr.PROVINCIA_NOMBRE
    FROM cliente cl
    LEFT JOIN contacto co ON cl.CONTACTO_ID = co.CONTACTO_ID
    LEFT JOIN domicilio dom ON cl.DOM_ID = dom.DOM_ID
    LEFT JOIN ciudad ci ON dom.CIUDAD_ID = ci.CIUDAD_ID
    LEFT JOIN provincia pr ON ci.PROVINCIA_ID = pr.PROVINCIA_ID   
19:28:18 - Exito - SELECT cl.CLIENTE_ID, cl.DOM_ID, cl.CONTACTO_ID, cl.CLIENTE_NOMBRE, cl.CLIENTE_APELLIDO, cl.CLIENTE_FECHAALTA, cl.CLIENTE_FECHABAJA, 
    co.CONTACTO_TEL1, co.CONTACTO_TEL2, co.CONTACTO_EMAIL, co.CONTACTO_EMAIL, co.CONTACTO_WEB, co.CONTACTO_INFO, 
    dom.DOM_CALLE, dom.DOM_ALTURA, dom.DOM_CP, ci.CIUDAD_NOMBRE, pr.PROVINCIA_NOMBRE, pr.PROVINCIA_ID ,ci.CIUDAD_ID
    FROM cliente cl
    LEFT JOIN contacto co ON cl.CONTACTO_ID = co.CONTACTO_ID
    LEFT JOIN domicilio dom ON cl.DOM_ID = dom.DOM_ID
    LEFT JOIN ciudad ci ON dom.CIUDAD_ID = ci.CIUDAD_ID
    LEFT JOIN provincia pr ON ci.PROVINCIA_ID = pr.PROVINCIA_ID 
    WHERE cl.CLIENTE_ID = 1 
19:28:18 - Exito - SELECT cl.CLIENTE_ID, cl.DOM_ID, cl.CONTACTO_ID, cl.CLIENTE_NOMBRE, cl.CLIENTE_APELLIDO, cl.CLIENTE_FECHAALTA, cl.CLIENTE_FECHABAJA, 
    co.CONTACTO_TEL1, co.CONTACTO_TEL2, co.CONTACTO_EMAIL, co.CONTACTO_EMAIL, co.CONTACTO_WEB, co.CONTACTO_INFO, 
    dom.DOM_CALLE, dom.DOM_ALTURA, dom.DOM_CP, ci.CIUDAD_NOMBRE, pr.PROVINCIA_NOMBRE
    FROM cliente cl
    LEFT JOIN contacto co ON cl.CONTACTO_ID = co.CONTACTO_ID
    LEFT JOIN domicilio dom ON cl.DOM_ID = dom.DOM_ID
    LEFT JOIN ciudad ci ON dom.CIUDAD_ID = ci.CIUDAD_ID
    LEFT JOIN provincia pr ON ci.PROVINCIA_ID = pr.PROVINCIA_ID   
19:28:37 - Exito - SELECT cl.CLIENTE_ID, cl.DOM_ID, cl.CONTACTO_ID, cl.CLIENTE_NOMBRE, cl.CLIENTE_APELLIDO, cl.CLIENTE_FECHAALTA, cl.CLIENTE_FECHABAJA, 
    co.CONTACTO_TEL1, co.CONTACTO_TEL2, co.CONTACTO_EMAIL, co.CONTACTO_EMAIL, co.CONTACTO_WEB, co.CONTACTO_INFO, 
    dom.DOM_CALLE, dom.DOM_ALTURA, dom.DOM_CP, ci.CIUDAD_NOMBRE, pr.PROVINCIA_NOMBRE, pr.PROVINCIA_ID ,ci.CIUDAD_ID
    FROM cliente cl
    LEFT JOIN contacto co ON cl.CONTACTO_ID = co.CONTACTO_ID
    LEFT JOIN domicilio dom ON cl.DOM_ID = dom.DOM_ID
    LEFT JOIN ciudad ci ON dom.CIUDAD_ID = ci.CIUDAD_ID
    LEFT JOIN provincia pr ON ci.PROVINCIA_ID = pr.PROVINCIA_ID 
    WHERE cl.CLIENTE_ID = 1 
19:28:37 - Exito - SELECT cl.CLIENTE_ID, cl.DOM_ID, cl.CONTACTO_ID, cl.CLIENTE_NOMBRE, cl.CLIENTE_APELLIDO, cl.CLIENTE_FECHAALTA, cl.CLIENTE_FECHABAJA, 
    co.CONTACTO_TEL1, co.CONTACTO_TEL2, co.CONTACTO_EMAIL, co.CONTACTO_EMAIL, co.CONTACTO_WEB, co.CONTACTO_INFO, 
    dom.DOM_CALLE, dom.DOM_ALTURA, dom.DOM_CP, ci.CIUDAD_NOMBRE, pr.PROVINCIA_NOMBRE
    FROM cliente cl
    LEFT JOIN contacto co ON cl.CONTACTO_ID = co.CONTACTO_ID
    LEFT JOIN domicilio dom ON cl.DOM_ID = dom.DOM_ID
    LEFT JOIN ciudad ci ON dom.CIUDAD_ID = ci.CIUDAD_ID
    LEFT JOIN provincia pr ON ci.PROVINCIA_ID = pr.PROVINCIA_ID   
19:29:31 - Exito - SELECT cl.CLIENTE_ID, cl.DOM_ID, cl.CONTACTO_ID, cl.CLIENTE_NOMBRE, cl.CLIENTE_APELLIDO, cl.CLIENTE_FECHAALTA, cl.CLIENTE_FECHABAJA, 
    co.CONTACTO_TEL1, co.CONTACTO_TEL2, co.CONTACTO_EMAIL, co.CONTACTO_EMAIL, co.CONTACTO_WEB, co.CONTACTO_INFO, 
    dom.DOM_CALLE, dom.DOM_ALTURA, dom.DOM_CP, ci.CIUDAD_NOMBRE, pr.PROVINCIA_NOMBRE, pr.PROVINCIA_ID ,ci.CIUDAD_ID
    FROM cliente cl
    LEFT JOIN contacto co ON cl.CONTACTO_ID = co.CONTACTO_ID
    LEFT JOIN domicilio dom ON cl.DOM_ID = dom.DOM_ID
    LEFT JOIN ciudad ci ON dom.CIUDAD_ID = ci.CIUDAD_ID
    LEFT JOIN provincia pr ON ci.PROVINCIA_ID = pr.PROVINCIA_ID 
    WHERE cl.CLIENTE_ID = 1 
19:29:31 - Exito - SELECT cl.CLIENTE_ID, cl.DOM_ID, cl.CONTACTO_ID, cl.CLIENTE_NOMBRE, cl.CLIENTE_APELLIDO, cl.CLIENTE_FECHAALTA, cl.CLIENTE_FECHABAJA, 
    co.CONTACTO_TEL1, co.CONTACTO_TEL2, co.CONTACTO_EMAIL, co.CONTACTO_EMAIL, co.CONTACTO_WEB, co.CONTACTO_INFO, 
    dom.DOM_CALLE, dom.DOM_ALTURA, dom.DOM_CP, ci.CIUDAD_NOMBRE, pr.PROVINCIA_NOMBRE
    FROM cliente cl
    LEFT JOIN contacto co ON cl.CONTACTO_ID = co.CONTACTO_ID
    LEFT JOIN domicilio dom ON cl.DOM_ID = dom.DOM_ID
    LEFT JOIN ciudad ci ON dom.CIUDAD_ID = ci.CIUDAD_ID
    LEFT JOIN provincia pr ON ci.PROVINCIA_ID = pr.PROVINCIA_ID   
19:33:09 - Exito - SELECT cl.CLIENTE_ID, cl.DOM_ID, cl.CONTACTO_ID, cl.CLIENTE_NOMBRE, cl.CLIENTE_APELLIDO, cl.CLIENTE_FECHAALTA, cl.CLIENTE_FECHABAJA, 
    co.CONTACTO_TEL1, co.CONTACTO_TEL2, co.CONTACTO_EMAIL, co.CONTACTO_EMAIL, co.CONTACTO_WEB, co.CONTACTO_INFO, 
    dom.DOM_CALLE, dom.DOM_ALTURA, dom.DOM_CP, ci.CIUDAD_NOMBRE, pr.PROVINCIA_NOMBRE, pr.PROVINCIA_ID ,ci.CIUDAD_ID
    FROM cliente cl
    LEFT JOIN contacto co ON cl.CONTACTO_ID = co.CONTACTO_ID
    LEFT JOIN domicilio dom ON cl.DOM_ID = dom.DOM_ID
    LEFT JOIN ciudad ci ON dom.CIUDAD_ID = ci.CIUDAD_ID
    LEFT JOIN provincia pr ON ci.PROVINCIA_ID = pr.PROVINCIA_ID 
    WHERE cl.CLIENTE_ID = 1 
19:33:09 - Exito - SELECT cl.CLIENTE_ID, cl.DOM_ID, cl.CONTACTO_ID, cl.CLIENTE_NOMBRE, cl.CLIENTE_APELLIDO, cl.CLIENTE_FECHAALTA, cl.CLIENTE_FECHABAJA, 
    co.CONTACTO_TEL1, co.CONTACTO_TEL2, co.CONTACTO_EMAIL, co.CONTACTO_EMAIL, co.CONTACTO_WEB, co.CONTACTO_INFO, 
    dom.DOM_CALLE, dom.DOM_ALTURA, dom.DOM_CP, ci.CIUDAD_NOMBRE, pr.PROVINCIA_NOMBRE
    FROM cliente cl
    LEFT JOIN contacto co ON cl.CONTACTO_ID = co.CONTACTO_ID
    LEFT JOIN domicilio dom ON cl.DOM_ID = dom.DOM_ID
    LEFT JOIN ciudad ci ON dom.CIUDAD_ID = ci.CIUDAD_ID
    LEFT JOIN provincia pr ON ci.PROVINCIA_ID = pr.PROVINCIA_ID   
20:12:05 - Exito - SELECT cl.CLIENTE_ID, cl.DOM_ID, cl.CONTACTO_ID, cl.CLIENTE_NOMBRE, cl.CLIENTE_APELLIDO, cl.CLIENTE_FECHAALTA, cl.CLIENTE_FECHABAJA, 
    co.CONTACTO_TEL1, co.CONTACTO_TEL2, co.CONTACTO_EMAIL, co.CONTACTO_EMAIL, co.CONTACTO_WEB, co.CONTACTO_INFO, 
    dom.DOM_CALLE, dom.DOM_ALTURA, dom.DOM_CP, ci.CIUDAD_NOMBRE, pr.PROVINCIA_NOMBRE
    FROM cliente cl
    LEFT JOIN contacto co ON cl.CONTACTO_ID = co.CONTACTO_ID
    LEFT JOIN domicilio dom ON cl.DOM_ID = dom.DOM_ID
    LEFT JOIN ciudad ci ON dom.CIUDAD_ID = ci.CIUDAD_ID
    LEFT JOIN provincia pr ON ci.PROVINCIA_ID = pr.PROVINCIA_ID   
20:12:08 - Exito - SELECT cl.CLIENTE_ID, cl.DOM_ID, cl.CONTACTO_ID, cl.CLIENTE_NOMBRE, cl.CLIENTE_APELLIDO, cl.CLIENTE_FECHAALTA, cl.CLIENTE_FECHABAJA, 
    co.CONTACTO_TEL1, co.CONTACTO_TEL2, co.CONTACTO_EMAIL, co.CONTACTO_EMAIL, co.CONTACTO_WEB, co.CONTACTO_INFO, 
    dom.DOM_CALLE, dom.DOM_ALTURA, dom.DOM_CP, ci.CIUDAD_NOMBRE, pr.PROVINCIA_NOMBRE, pr.PROVINCIA_ID ,ci.CIUDAD_ID
    FROM cliente cl
    LEFT JOIN contacto co ON cl.CONTACTO_ID = co.CONTACTO_ID
    LEFT JOIN domicilio dom ON cl.DOM_ID = dom.DOM_ID
    LEFT JOIN ciudad ci ON dom.CIUDAD_ID = ci.CIUDAD_ID
    LEFT JOIN provincia pr ON ci.PROVINCIA_ID = pr.PROVINCIA_ID 
    WHERE cl.CLIENTE_ID = 4 
20:12:08 - Exito - SELECT cl.CLIENTE_ID, cl.DOM_ID, cl.CONTACTO_ID, cl.CLIENTE_NOMBRE, cl.CLIENTE_APELLIDO, cl.CLIENTE_FECHAALTA, cl.CLIENTE_FECHABAJA, 
    co.CONTACTO_TEL1, co.CONTACTO_TEL2, co.CONTACTO_EMAIL, co.CONTACTO_EMAIL, co.CONTACTO_WEB, co.CONTACTO_INFO, 
    dom.DOM_CALLE, dom.DOM_ALTURA, dom.DOM_CP, ci.CIUDAD_NOMBRE, pr.PROVINCIA_NOMBRE
    FROM cliente cl
    LEFT JOIN contacto co ON cl.CONTACTO_ID = co.CONTACTO_ID
    LEFT JOIN domicilio dom ON cl.DOM_ID = dom.DOM_ID
    LEFT JOIN ciudad ci ON dom.CIUDAD_ID = ci.CIUDAD_ID
    LEFT JOIN provincia pr ON ci.PROVINCIA_ID = pr.PROVINCIA_ID   
20:13:02 - Exito - SELECT cl.CLIENTE_ID, cl.DOM_ID, cl.CONTACTO_ID, cl.CLIENTE_NOMBRE, cl.CLIENTE_APELLIDO, cl.CLIENTE_FECHAALTA, cl.CLIENTE_FECHABAJA, 
    co.CONTACTO_TEL1, co.CONTACTO_TEL2, co.CONTACTO_EMAIL, co.CONTACTO_EMAIL, co.CONTACTO_WEB, co.CONTACTO_INFO, 
    dom.DOM_CALLE, dom.DOM_ALTURA, dom.DOM_CP, ci.CIUDAD_NOMBRE, pr.PROVINCIA_NOMBRE, pr.PROVINCIA_ID ,ci.CIUDAD_ID
    FROM cliente cl
    LEFT JOIN contacto co ON cl.CONTACTO_ID = co.CONTACTO_ID
    LEFT JOIN domicilio dom ON cl.DOM_ID = dom.DOM_ID
    LEFT JOIN ciudad ci ON dom.CIUDAD_ID = ci.CIUDAD_ID
    LEFT JOIN provincia pr ON ci.PROVINCIA_ID = pr.PROVINCIA_ID 
    WHERE cl.CLIENTE_ID = 4 
20:13:02 - Exito - SELECT cl.CLIENTE_ID, cl.DOM_ID, cl.CONTACTO_ID, cl.CLIENTE_NOMBRE, cl.CLIENTE_APELLIDO, cl.CLIENTE_FECHAALTA, cl.CLIENTE_FECHABAJA, 
    co.CONTACTO_TEL1, co.CONTACTO_TEL2, co.CONTACTO_EMAIL, co.CONTACTO_EMAIL, co.CONTACTO_WEB, co.CONTACTO_INFO, 
    dom.DOM_CALLE, dom.DOM_ALTURA, dom.DOM_CP, ci.CIUDAD_NOMBRE, pr.PROVINCIA_NOMBRE
    FROM cliente cl
    LEFT JOIN contacto co ON cl.CONTACTO_ID = co.CONTACTO_ID
    LEFT JOIN domicilio dom ON cl.DOM_ID = dom.DOM_ID
    LEFT JOIN ciudad ci ON dom.CIUDAD_ID = ci.CIUDAD_ID
    LEFT JOIN provincia pr ON ci.PROVINCIA_ID = pr.PROVINCIA_ID   
20:13:15 - Exito - SELECT cl.CLIENTE_ID, cl.DOM_ID, cl.CONTACTO_ID, cl.CLIENTE_NOMBRE, cl.CLIENTE_APELLIDO, cl.CLIENTE_FECHAALTA, cl.CLIENTE_FECHABAJA, 
    co.CONTACTO_TEL1, co.CONTACTO_TEL2, co.CONTACTO_EMAIL, co.CONTACTO_EMAIL, co.CONTACTO_WEB, co.CONTACTO_INFO, 
    dom.DOM_CALLE, dom.DOM_ALTURA, dom.DOM_CP, ci.CIUDAD_NOMBRE, pr.PROVINCIA_NOMBRE, pr.PROVINCIA_ID ,ci.CIUDAD_ID
    FROM cliente cl
    LEFT JOIN contacto co ON cl.CONTACTO_ID = co.CONTACTO_ID
    LEFT JOIN domicilio dom ON cl.DOM_ID = dom.DOM_ID
    LEFT JOIN ciudad ci ON dom.CIUDAD_ID = ci.CIUDAD_ID
    LEFT JOIN provincia pr ON ci.PROVINCIA_ID = pr.PROVINCIA_ID 
    WHERE cl.CLIENTE_ID = 4 
20:13:15 - Exito - SELECT cl.CLIENTE_ID, cl.DOM_ID, cl.CONTACTO_ID, cl.CLIENTE_NOMBRE, cl.CLIENTE_APELLIDO, cl.CLIENTE_FECHAALTA, cl.CLIENTE_FECHABAJA, 
    co.CONTACTO_TEL1, co.CONTACTO_TEL2, co.CONTACTO_EMAIL, co.CONTACTO_EMAIL, co.CONTACTO_WEB, co.CONTACTO_INFO, 
    dom.DOM_CALLE, dom.DOM_ALTURA, dom.DOM_CP, ci.CIUDAD_NOMBRE, pr.PROVINCIA_NOMBRE
    FROM cliente cl
    LEFT JOIN contacto co ON cl.CONTACTO_ID = co.CONTACTO_ID
    LEFT JOIN domicilio dom ON cl.DOM_ID = dom.DOM_ID
    LEFT JOIN ciudad ci ON dom.CIUDAD_ID = ci.CIUDAD_ID
    LEFT JOIN provincia pr ON ci.PROVINCIA_ID = pr.PROVINCIA_ID   
20:35:22 - Exito - SELECT cl.CLIENTE_ID, cl.DOM_ID, cl.CONTACTO_ID, cl.CLIENTE_NOMBRE, cl.CLIENTE_APELLIDO, cl.CLIENTE_FECHAALTA, cl.CLIENTE_FECHABAJA, 
    co.CONTACTO_TEL1, co.CONTACTO_TEL2, co.CONTACTO_EMAIL, co.CONTACTO_EMAIL, co.CONTACTO_WEB, co.CONTACTO_INFO, 
    dom.DOM_CALLE, dom.DOM_ALTURA, dom.DOM_CP, ci.CIUDAD_NOMBRE, pr.PROVINCIA_NOMBRE, pr.PROVINCIA_ID ,ci.CIUDAD_ID
    FROM cliente cl
    LEFT JOIN contacto co ON cl.CONTACTO_ID = co.CONTACTO_ID
    LEFT JOIN domicilio dom ON cl.DOM_ID = dom.DOM_ID
    LEFT JOIN ciudad ci ON dom.CIUDAD_ID = ci.CIUDAD_ID
    LEFT JOIN provincia pr ON ci.PROVINCIA_ID = pr.PROVINCIA_ID 
    WHERE cl.CLIENTE_ID = 4 
20:35:22 - Exito - SELECT cl.CLIENTE_ID, cl.DOM_ID, cl.CONTACTO_ID, cl.CLIENTE_NOMBRE, cl.CLIENTE_APELLIDO, cl.CLIENTE_FECHAALTA, cl.CLIENTE_FECHABAJA, 
    co.CONTACTO_TEL1, co.CONTACTO_TEL2, co.CONTACTO_EMAIL, co.CONTACTO_EMAIL, co.CONTACTO_WEB, co.CONTACTO_INFO, 
    dom.DOM_CALLE, dom.DOM_ALTURA, dom.DOM_CP, ci.CIUDAD_NOMBRE, pr.PROVINCIA_NOMBRE
    FROM cliente cl
    LEFT JOIN contacto co ON cl.CONTACTO_ID = co.CONTACTO_ID
    LEFT JOIN domicilio dom ON cl.DOM_ID = dom.DOM_ID
    LEFT JOIN ciudad ci ON dom.CIUDAD_ID = ci.CIUDAD_ID
    LEFT JOIN provincia pr ON ci.PROVINCIA_ID = pr.PROVINCIA_ID   
20:35:51 - Exito - SELECT cl.CLIENTE_ID, cl.DOM_ID, cl.CONTACTO_ID, cl.CLIENTE_NOMBRE, cl.CLIENTE_APELLIDO, cl.CLIENTE_FECHAALTA, cl.CLIENTE_FECHABAJA, 
    co.CONTACTO_TEL1, co.CONTACTO_TEL2, co.CONTACTO_EMAIL, co.CONTACTO_EMAIL, co.CONTACTO_WEB, co.CONTACTO_INFO, 
    dom.DOM_CALLE, dom.DOM_ALTURA, dom.DOM_CP, ci.CIUDAD_NOMBRE, pr.PROVINCIA_NOMBRE, pr.PROVINCIA_ID ,ci.CIUDAD_ID
    FROM cliente cl
    LEFT JOIN contacto co ON cl.CONTACTO_ID = co.CONTACTO_ID
    LEFT JOIN domicilio dom ON cl.DOM_ID = dom.DOM_ID
    LEFT JOIN ciudad ci ON dom.CIUDAD_ID = ci.CIUDAD_ID
    LEFT JOIN provincia pr ON ci.PROVINCIA_ID = pr.PROVINCIA_ID 
    WHERE cl.CLIENTE_ID = 4 
20:35:51 - Exito - SELECT cl.CLIENTE_ID, cl.DOM_ID, cl.CONTACTO_ID, cl.CLIENTE_NOMBRE, cl.CLIENTE_APELLIDO, cl.CLIENTE_FECHAALTA, cl.CLIENTE_FECHABAJA, 
    co.CONTACTO_TEL1, co.CONTACTO_TEL2, co.CONTACTO_EMAIL, co.CONTACTO_EMAIL, co.CONTACTO_WEB, co.CONTACTO_INFO, 
    dom.DOM_CALLE, dom.DOM_ALTURA, dom.DOM_CP, ci.CIUDAD_NOMBRE, pr.PROVINCIA_NOMBRE
    FROM cliente cl
    LEFT JOIN contacto co ON cl.CONTACTO_ID = co.CONTACTO_ID
    LEFT JOIN domicilio dom ON cl.DOM_ID = dom.DOM_ID
    LEFT JOIN ciudad ci ON dom.CIUDAD_ID = ci.CIUDAD_ID
    LEFT JOIN provincia pr ON ci.PROVINCIA_ID = pr.PROVINCIA_ID   
20:36:20 - Exito - SELECT cl.CLIENTE_ID, cl.DOM_ID, cl.CONTACTO_ID, cl.CLIENTE_NOMBRE, cl.CLIENTE_APELLIDO, cl.CLIENTE_FECHAALTA, cl.CLIENTE_FECHABAJA, 
    co.CONTACTO_TEL1, co.CONTACTO_TEL2, co.CONTACTO_EMAIL, co.CONTACTO_EMAIL, co.CONTACTO_WEB, co.CONTACTO_INFO, 
    dom.DOM_CALLE, dom.DOM_ALTURA, dom.DOM_CP, ci.CIUDAD_NOMBRE, pr.PROVINCIA_NOMBRE, pr.PROVINCIA_ID ,ci.CIUDAD_ID
    FROM cliente cl
    LEFT JOIN contacto co ON cl.CONTACTO_ID = co.CONTACTO_ID
    LEFT JOIN domicilio dom ON cl.DOM_ID = dom.DOM_ID
    LEFT JOIN ciudad ci ON dom.CIUDAD_ID = ci.CIUDAD_ID
    LEFT JOIN provincia pr ON ci.PROVINCIA_ID = pr.PROVINCIA_ID 
    WHERE cl.CLIENTE_ID = 4 
20:36:20 - Exito - SELECT cl.CLIENTE_ID, cl.DOM_ID, cl.CONTACTO_ID, cl.CLIENTE_NOMBRE, cl.CLIENTE_APELLIDO, cl.CLIENTE_FECHAALTA, cl.CLIENTE_FECHABAJA, 
    co.CONTACTO_TEL1, co.CONTACTO_TEL2, co.CONTACTO_EMAIL, co.CONTACTO_EMAIL, co.CONTACTO_WEB, co.CONTACTO_INFO, 
    dom.DOM_CALLE, dom.DOM_ALTURA, dom.DOM_CP, ci.CIUDAD_NOMBRE, pr.PROVINCIA_NOMBRE
    FROM cliente cl
    LEFT JOIN contacto co ON cl.CONTACTO_ID = co.CONTACTO_ID
    LEFT JOIN domicilio dom ON cl.DOM_ID = dom.DOM_ID
    LEFT JOIN ciudad ci ON dom.CIUDAD_ID = ci.CIUDAD_ID
    LEFT JOIN provincia pr ON ci.PROVINCIA_ID = pr.PROVINCIA_ID   
21:09:43 - Exito - SELECT cl.CLIENTE_ID, cl.DOM_ID, cl.CONTACTO_ID, cl.CLIENTE_NOMBRE, cl.CLIENTE_APELLIDO, cl.CLIENTE_FECHAALTA, cl.CLIENTE_FECHABAJA, 
    co.CONTACTO_TEL1, co.CONTACTO_TEL2, co.CONTACTO_EMAIL, co.CONTACTO_EMAIL, co.CONTACTO_WEB, co.CONTACTO_INFO, 
    dom.DOM_CALLE, dom.DOM_ALTURA, dom.DOM_CP, ci.CIUDAD_NOMBRE, pr.PROVINCIA_NOMBRE, pr.PROVINCIA_ID ,ci.CIUDAD_ID
    FROM cliente cl
    LEFT JOIN contacto co ON cl.CONTACTO_ID = co.CONTACTO_ID
    LEFT JOIN domicilio dom ON cl.DOM_ID = dom.DOM_ID
    LEFT JOIN ciudad ci ON dom.CIUDAD_ID = ci.CIUDAD_ID
    LEFT JOIN provincia pr ON ci.PROVINCIA_ID = pr.PROVINCIA_ID 
    WHERE cl.CLIENTE_ID = 4 
21:09:43 - Exito - SELECT cl.CLIENTE_ID, cl.DOM_ID, cl.CONTACTO_ID, cl.CLIENTE_NOMBRE, cl.CLIENTE_APELLIDO, cl.CLIENTE_FECHAALTA, cl.CLIENTE_FECHABAJA, 
    co.CONTACTO_TEL1, co.CONTACTO_TEL2, co.CONTACTO_EMAIL, co.CONTACTO_EMAIL, co.CONTACTO_WEB, co.CONTACTO_INFO, 
    dom.DOM_CALLE, dom.DOM_ALTURA, dom.DOM_CP, ci.CIUDAD_NOMBRE, pr.PROVINCIA_NOMBRE
    FROM cliente cl
    LEFT JOIN contacto co ON cl.CONTACTO_ID = co.CONTACTO_ID
    LEFT JOIN domicilio dom ON cl.DOM_ID = dom.DOM_ID
    LEFT JOIN ciudad ci ON dom.CIUDAD_ID = ci.CIUDAD_ID
    LEFT JOIN provincia pr ON ci.PROVINCIA_ID = pr.PROVINCIA_ID   
21:10:56 - Exito - SELECT cl.CLIENTE_ID, cl.DOM_ID, cl.CONTACTO_ID, cl.CLIENTE_NOMBRE, cl.CLIENTE_APELLIDO, cl.CLIENTE_FECHAALTA, cl.CLIENTE_FECHABAJA, 
    co.CONTACTO_TEL1, co.CONTACTO_TEL2, co.CONTACTO_EMAIL, co.CONTACTO_EMAIL, co.CONTACTO_WEB, co.CONTACTO_INFO, 
    dom.DOM_CALLE, dom.DOM_ALTURA, dom.DOM_CP, ci.CIUDAD_NOMBRE, pr.PROVINCIA_NOMBRE, pr.PROVINCIA_ID ,ci.CIUDAD_ID
    FROM cliente cl
    LEFT JOIN contacto co ON cl.CONTACTO_ID = co.CONTACTO_ID
    LEFT JOIN domicilio dom ON cl.DOM_ID = dom.DOM_ID
    LEFT JOIN ciudad ci ON dom.CIUDAD_ID = ci.CIUDAD_ID
    LEFT JOIN provincia pr ON ci.PROVINCIA_ID = pr.PROVINCIA_ID 
    WHERE cl.CLIENTE_ID = 4 
21:10:56 - Exito - SELECT cl.CLIENTE_ID, cl.DOM_ID, cl.CONTACTO_ID, cl.CLIENTE_NOMBRE, cl.CLIENTE_APELLIDO, cl.CLIENTE_FECHAALTA, cl.CLIENTE_FECHABAJA, 
    co.CONTACTO_TEL1, co.CONTACTO_TEL2, co.CONTACTO_EMAIL, co.CONTACTO_EMAIL, co.CONTACTO_WEB, co.CONTACTO_INFO, 
    dom.DOM_CALLE, dom.DOM_ALTURA, dom.DOM_CP, ci.CIUDAD_NOMBRE, pr.PROVINCIA_NOMBRE
    FROM cliente cl
    LEFT JOIN contacto co ON cl.CONTACTO_ID = co.CONTACTO_ID
    LEFT JOIN domicilio dom ON cl.DOM_ID = dom.DOM_ID
    LEFT JOIN ciudad ci ON dom.CIUDAD_ID = ci.CIUDAD_ID
    LEFT JOIN provincia pr ON ci.PROVINCIA_ID = pr.PROVINCIA_ID   
21:55:55 - Exito - SELECT cl.CLIENTE_ID, cl.DOM_ID, cl.CONTACTO_ID, cl.CLIENTE_NOMBRE, cl.CLIENTE_APELLIDO, cl.CLIENTE_FECHAALTA, cl.CLIENTE_FECHABAJA, 
    co.CONTACTO_TEL1, co.CONTACTO_TEL2, co.CONTACTO_EMAIL, co.CONTACTO_EMAIL, co.CONTACTO_WEB, co.CONTACTO_INFO, 
    dom.DOM_CALLE, dom.DOM_ALTURA, dom.DOM_CP, ci.CIUDAD_NOMBRE, pr.PROVINCIA_NOMBRE, pr.PROVINCIA_ID ,ci.CIUDAD_ID
    FROM cliente cl
    LEFT JOIN contacto co ON cl.CONTACTO_ID = co.CONTACTO_ID
    LEFT JOIN domicilio dom ON cl.DOM_ID = dom.DOM_ID
    LEFT JOIN ciudad ci ON dom.CIUDAD_ID = ci.CIUDAD_ID
    LEFT JOIN provincia pr ON ci.PROVINCIA_ID = pr.PROVINCIA_ID 
    WHERE cl.CLIENTE_ID = 4 
21:55:55 - Exito - SELECT cl.CLIENTE_ID, cl.DOM_ID, cl.CONTACTO_ID, cl.CLIENTE_NOMBRE, cl.CLIENTE_APELLIDO, cl.CLIENTE_FECHAALTA, cl.CLIENTE_FECHABAJA, 
    co.CONTACTO_TEL1, co.CONTACTO_TEL2, co.CONTACTO_EMAIL, co.CONTACTO_EMAIL, co.CONTACTO_WEB, co.CONTACTO_INFO, 
    dom.DOM_CALLE, dom.DOM_ALTURA, dom.DOM_CP, ci.CIUDAD_NOMBRE, pr.PROVINCIA_NOMBRE
    FROM cliente cl
    LEFT JOIN contacto co ON cl.CONTACTO_ID = co.CONTACTO_ID
    LEFT JOIN domicilio dom ON cl.DOM_ID = dom.DOM_ID
    LEFT JOIN ciudad ci ON dom.CIUDAD_ID = ci.CIUDAD_ID
    LEFT JOIN provincia pr ON ci.PROVINCIA_ID = pr.PROVINCIA_ID   
21:55:59 - Exito - SELECT cl.CLIENTE_ID, cl.DOM_ID, cl.CONTACTO_ID, cl.CLIENTE_NOMBRE, cl.CLIENTE_APELLIDO, cl.CLIENTE_FECHAALTA, cl.CLIENTE_FECHABAJA, 
    co.CONTACTO_TEL1, co.CONTACTO_TEL2, co.CONTACTO_EMAIL, co.CONTACTO_EMAIL, co.CONTACTO_WEB, co.CONTACTO_INFO, 
    dom.DOM_CALLE, dom.DOM_ALTURA, dom.DOM_CP, ci.CIUDAD_NOMBRE, pr.PROVINCIA_NOMBRE
    FROM cliente cl
    LEFT JOIN contacto co ON cl.CONTACTO_ID = co.CONTACTO_ID
    LEFT JOIN domicilio dom ON cl.DOM_ID = dom.DOM_ID
    LEFT JOIN ciudad ci ON dom.CIUDAD_ID = ci.CIUDAD_ID
    LEFT JOIN provincia pr ON ci.PROVINCIA_ID = pr.PROVINCIA_ID   
21:56:43 - Exito - SELECT cl.CLIENTE_ID, cl.DOM_ID, cl.CONTACTO_ID, cl.CLIENTE_NOMBRE, cl.CLIENTE_APELLIDO, cl.CLIENTE_FECHAALTA, cl.CLIENTE_FECHABAJA, 
    co.CONTACTO_TEL1, co.CONTACTO_TEL2, co.CONTACTO_EMAIL, co.CONTACTO_EMAIL, co.CONTACTO_WEB, co.CONTACTO_INFO, 
    dom.DOM_CALLE, dom.DOM_ALTURA, dom.DOM_CP, ci.CIUDAD_NOMBRE, pr.PROVINCIA_NOMBRE
    FROM cliente cl
    LEFT JOIN contacto co ON cl.CONTACTO_ID = co.CONTACTO_ID
    LEFT JOIN domicilio dom ON cl.DOM_ID = dom.DOM_ID
    LEFT JOIN ciudad ci ON dom.CIUDAD_ID = ci.CIUDAD_ID
    LEFT JOIN provincia pr ON ci.PROVINCIA_ID = pr.PROVINCIA_ID   
21:57:26 - Exito - SELECT cl.CLIENTE_ID, cl.DOM_ID, cl.CONTACTO_ID, cl.CLIENTE_NOMBRE, cl.CLIENTE_APELLIDO, cl.CLIENTE_FECHAALTA, cl.CLIENTE_FECHABAJA, 
    co.CONTACTO_TEL1, co.CONTACTO_TEL2, co.CONTACTO_EMAIL, co.CONTACTO_EMAIL, co.CONTACTO_WEB, co.CONTACTO_INFO, 
    dom.DOM_CALLE, dom.DOM_ALTURA, dom.DOM_CP, ci.CIUDAD_NOMBRE, pr.PROVINCIA_NOMBRE
    FROM cliente cl
    LEFT JOIN contacto co ON cl.CONTACTO_ID = co.CONTACTO_ID
    LEFT JOIN domicilio dom ON cl.DOM_ID = dom.DOM_ID
    LEFT JOIN ciudad ci ON dom.CIUDAD_ID = ci.CIUDAD_ID
    LEFT JOIN provincia pr ON ci.PROVINCIA_ID = pr.PROVINCIA_ID   
21:57:29 - Exito - SELECT cl.CLIENTE_ID, cl.DOM_ID, cl.CONTACTO_ID, cl.CLIENTE_NOMBRE, cl.CLIENTE_APELLIDO, cl.CLIENTE_FECHAALTA, cl.CLIENTE_FECHABAJA, 
    co.CONTACTO_TEL1, co.CONTACTO_TEL2, co.CONTACTO_EMAIL, co.CONTACTO_EMAIL, co.CONTACTO_WEB, co.CONTACTO_INFO, 
    dom.DOM_CALLE, dom.DOM_ALTURA, dom.DOM_CP, ci.CIUDAD_NOMBRE, pr.PROVINCIA_NOMBRE
    FROM cliente cl
    LEFT JOIN contacto co ON cl.CONTACTO_ID = co.CONTACTO_ID
    LEFT JOIN domicilio dom ON cl.DOM_ID = dom.DOM_ID
    LEFT JOIN ciudad ci ON dom.CIUDAD_ID = ci.CIUDAD_ID
    LEFT JOIN provincia pr ON ci.PROVINCIA_ID = pr.PROVINCIA_ID   
21:57:46 - Exito - SELECT cl.CLIENTE_ID, cl.DOM_ID, cl.CONTACTO_ID, cl.CLIENTE_NOMBRE, cl.CLIENTE_APELLIDO, cl.CLIENTE_FECHAALTA, cl.CLIENTE_FECHABAJA, 
    co.CONTACTO_TEL1, co.CONTACTO_TEL2, co.CONTACTO_EMAIL, co.CONTACTO_EMAIL, co.CONTACTO_WEB, co.CONTACTO_INFO, 
    dom.DOM_CALLE, dom.DOM_ALTURA, dom.DOM_CP, ci.CIUDAD_NOMBRE, pr.PROVINCIA_NOMBRE
    FROM cliente cl
    LEFT JOIN contacto co ON cl.CONTACTO_ID = co.CONTACTO_ID
    LEFT JOIN domicilio dom ON cl.DOM_ID = dom.DOM_ID
    LEFT JOIN ciudad ci ON dom.CIUDAD_ID = ci.CIUDAD_ID
    LEFT JOIN provincia pr ON ci.PROVINCIA_ID = pr.PROVINCIA_ID   
21:58:41 - Exito - SELECT cl.CLIENTE_ID, cl.DOM_ID, cl.CONTACTO_ID, cl.CLIENTE_NOMBRE, cl.CLIENTE_APELLIDO, cl.CLIENTE_FECHAALTA, cl.CLIENTE_FECHABAJA, 
    co.CONTACTO_TEL1, co.CONTACTO_TEL2, co.CONTACTO_EMAIL, co.CONTACTO_EMAIL, co.CONTACTO_WEB, co.CONTACTO_INFO, 
    dom.DOM_CALLE, dom.DOM_ALTURA, dom.DOM_CP, ci.CIUDAD_NOMBRE, pr.PROVINCIA_NOMBRE
    FROM cliente cl
    LEFT JOIN contacto co ON cl.CONTACTO_ID = co.CONTACTO_ID
    LEFT JOIN domicilio dom ON cl.DOM_ID = dom.DOM_ID
    LEFT JOIN ciudad ci ON dom.CIUDAD_ID = ci.CIUDAD_ID
    LEFT JOIN provincia pr ON ci.PROVINCIA_ID = pr.PROVINCIA_ID   
21:59:01 - Exito - SELECT cl.CLIENTE_ID, cl.DOM_ID, cl.CONTACTO_ID, cl.CLIENTE_NOMBRE, cl.CLIENTE_APELLIDO, cl.CLIENTE_FECHAALTA, cl.CLIENTE_FECHABAJA, 
    co.CONTACTO_TEL1, co.CONTACTO_TEL2, co.CONTACTO_EMAIL, co.CONTACTO_EMAIL, co.CONTACTO_WEB, co.CONTACTO_INFO, 
    dom.DOM_CALLE, dom.DOM_ALTURA, dom.DOM_CP, ci.CIUDAD_NOMBRE, pr.PROVINCIA_NOMBRE
    FROM cliente cl
    LEFT JOIN contacto co ON cl.CONTACTO_ID = co.CONTACTO_ID
    LEFT JOIN domicilio dom ON cl.DOM_ID = dom.DOM_ID
    LEFT JOIN ciudad ci ON dom.CIUDAD_ID = ci.CIUDAD_ID
    LEFT JOIN provincia pr ON ci.PROVINCIA_ID = pr.PROVINCIA_ID   
22:01:01 - Exito - SELECT cl.CLIENTE_ID, cl.DOM_ID, cl.CONTACTO_ID, cl.CLIENTE_NOMBRE, cl.CLIENTE_APELLIDO, cl.CLIENTE_FECHAALTA, cl.CLIENTE_FECHABAJA, 
    co.CONTACTO_TEL1, co.CONTACTO_TEL2, co.CONTACTO_EMAIL, co.CONTACTO_EMAIL, co.CONTACTO_WEB, co.CONTACTO_INFO, 
    dom.DOM_CALLE, dom.DOM_ALTURA, dom.DOM_CP, ci.CIUDAD_NOMBRE, pr.PROVINCIA_NOMBRE
    FROM cliente cl
    LEFT JOIN contacto co ON cl.CONTACTO_ID = co.CONTACTO_ID
    LEFT JOIN domicilio dom ON cl.DOM_ID = dom.DOM_ID
    LEFT JOIN ciudad ci ON dom.CIUDAD_ID = ci.CIUDAD_ID
    LEFT JOIN provincia pr ON ci.PROVINCIA_ID = pr.PROVINCIA_ID   
22:05:37 - Exito - SELECT cl.CLIENTE_ID, cl.DOM_ID, cl.CONTACTO_ID, cl.CLIENTE_NOMBRE, cl.CLIENTE_APELLIDO, cl.CLIENTE_FECHAALTA, cl.CLIENTE_FECHABAJA, 
    co.CONTACTO_TEL1, co.CONTACTO_TEL2, co.CONTACTO_EMAIL, co.CONTACTO_EMAIL, co.CONTACTO_WEB, co.CONTACTO_INFO, 
    dom.DOM_CALLE, dom.DOM_ALTURA, dom.DOM_CP, ci.CIUDAD_NOMBRE, pr.PROVINCIA_NOMBRE
    FROM cliente cl
    LEFT JOIN contacto co ON cl.CONTACTO_ID = co.CONTACTO_ID
    LEFT JOIN domicilio dom ON cl.DOM_ID = dom.DOM_ID
    LEFT JOIN ciudad ci ON dom.CIUDAD_ID = ci.CIUDAD_ID
    LEFT JOIN provincia pr ON ci.PROVINCIA_ID = pr.PROVINCIA_ID   
22:05:41 - Exito - SELECT cl.CLIENTE_ID, cl.DOM_ID, cl.CONTACTO_ID, cl.CLIENTE_NOMBRE, cl.CLIENTE_APELLIDO, cl.CLIENTE_FECHAALTA, cl.CLIENTE_FECHABAJA, 
    co.CONTACTO_TEL1, co.CONTACTO_TEL2, co.CONTACTO_EMAIL, co.CONTACTO_EMAIL, co.CONTACTO_WEB, co.CONTACTO_INFO, 
    dom.DOM_CALLE, dom.DOM_ALTURA, dom.DOM_CP, ci.CIUDAD_NOMBRE, pr.PROVINCIA_NOMBRE
    FROM cliente cl
    LEFT JOIN contacto co ON cl.CONTACTO_ID = co.CONTACTO_ID
    LEFT JOIN domicilio dom ON cl.DOM_ID = dom.DOM_ID
    LEFT JOIN ciudad ci ON dom.CIUDAD_ID = ci.CIUDAD_ID
    LEFT JOIN provincia pr ON ci.PROVINCIA_ID = pr.PROVINCIA_ID   
22:07:23 - Exito - SELECT cl.CLIENTE_ID, cl.DOM_ID, cl.CONTACTO_ID, cl.CLIENTE_NOMBRE, cl.CLIENTE_APELLIDO, cl.CLIENTE_FECHAALTA, cl.CLIENTE_FECHABAJA, 
    co.CONTACTO_TEL1, co.CONTACTO_TEL2, co.CONTACTO_EMAIL, co.CONTACTO_EMAIL, co.CONTACTO_WEB, co.CONTACTO_INFO, 
    dom.DOM_CALLE, dom.DOM_ALTURA, dom.DOM_CP, ci.CIUDAD_NOMBRE, pr.PROVINCIA_NOMBRE
    FROM cliente cl
    LEFT JOIN contacto co ON cl.CONTACTO_ID = co.CONTACTO_ID
    LEFT JOIN domicilio dom ON cl.DOM_ID = dom.DOM_ID
    LEFT JOIN ciudad ci ON dom.CIUDAD_ID = ci.CIUDAD_ID
    LEFT JOIN provincia pr ON ci.PROVINCIA_ID = pr.PROVINCIA_ID   
22:08:49 - Exito - SELECT cl.CLIENTE_ID, cl.DOM_ID, cl.CONTACTO_ID, cl.CLIENTE_NOMBRE, cl.CLIENTE_APELLIDO, cl.CLIENTE_FECHAALTA, cl.CLIENTE_FECHABAJA, 
    co.CONTACTO_TEL1, co.CONTACTO_TEL2, co.CONTACTO_EMAIL, co.CONTACTO_EMAIL, co.CONTACTO_WEB, co.CONTACTO_INFO, 
    dom.DOM_CALLE, dom.DOM_ALTURA, dom.DOM_CP, ci.CIUDAD_NOMBRE, pr.PROVINCIA_NOMBRE
    FROM cliente cl
    LEFT JOIN contacto co ON cl.CONTACTO_ID = co.CONTACTO_ID
    LEFT JOIN domicilio dom ON cl.DOM_ID = dom.DOM_ID
    LEFT JOIN ciudad ci ON dom.CIUDAD_ID = ci.CIUDAD_ID
    LEFT JOIN provincia pr ON ci.PROVINCIA_ID = pr.PROVINCIA_ID   
22:09:46 - Exito - SELECT cl.CLIENTE_ID, cl.DOM_ID, cl.CONTACTO_ID, cl.CLIENTE_NOMBRE, cl.CLIENTE_APELLIDO, cl.CLIENTE_FECHAALTA, cl.CLIENTE_FECHABAJA, 
    co.CONTACTO_TEL1, co.CONTACTO_TEL2, co.CONTACTO_EMAIL, co.CONTACTO_EMAIL, co.CONTACTO_WEB, co.CONTACTO_INFO, 
    dom.DOM_CALLE, dom.DOM_ALTURA, dom.DOM_CP, ci.CIUDAD_NOMBRE, pr.PROVINCIA_NOMBRE
    FROM cliente cl
    LEFT JOIN contacto co ON cl.CONTACTO_ID = co.CONTACTO_ID
    LEFT JOIN domicilio dom ON cl.DOM_ID = dom.DOM_ID
    LEFT JOIN ciudad ci ON dom.CIUDAD_ID = ci.CIUDAD_ID
    LEFT JOIN provincia pr ON ci.PROVINCIA_ID = pr.PROVINCIA_ID   
22:09:48 - Exito - SELECT cl.CLIENTE_ID, cl.DOM_ID, cl.CONTACTO_ID, cl.CLIENTE_NOMBRE, cl.CLIENTE_APELLIDO, cl.CLIENTE_FECHAALTA, cl.CLIENTE_FECHABAJA, 
    co.CONTACTO_TEL1, co.CONTACTO_TEL2, co.CONTACTO_EMAIL, co.CONTACTO_EMAIL, co.CONTACTO_WEB, co.CONTACTO_INFO, 
    dom.DOM_CALLE, dom.DOM_ALTURA, dom.DOM_CP, ci.CIUDAD_NOMBRE, pr.PROVINCIA_NOMBRE
    FROM cliente cl
    LEFT JOIN contacto co ON cl.CONTACTO_ID = co.CONTACTO_ID
    LEFT JOIN domicilio dom ON cl.DOM_ID = dom.DOM_ID
    LEFT JOIN ciudad ci ON dom.CIUDAD_ID = ci.CIUDAD_ID
    LEFT JOIN provincia pr ON ci.PROVINCIA_ID = pr.PROVINCIA_ID   
22:10:27 - Exito - SELECT cl.CLIENTE_ID, cl.DOM_ID, cl.CONTACTO_ID, cl.CLIENTE_NOMBRE, cl.CLIENTE_APELLIDO, cl.CLIENTE_FECHAALTA, cl.CLIENTE_FECHABAJA, 
    co.CONTACTO_TEL1, co.CONTACTO_TEL2, co.CONTACTO_EMAIL, co.CONTACTO_EMAIL, co.CONTACTO_WEB, co.CONTACTO_INFO, 
    dom.DOM_CALLE, dom.DOM_ALTURA, dom.DOM_CP, ci.CIUDAD_NOMBRE, pr.PROVINCIA_NOMBRE
    FROM cliente cl
    LEFT JOIN contacto co ON cl.CONTACTO_ID = co.CONTACTO_ID
    LEFT JOIN domicilio dom ON cl.DOM_ID = dom.DOM_ID
    LEFT JOIN ciudad ci ON dom.CIUDAD_ID = ci.CIUDAD_ID
    LEFT JOIN provincia pr ON ci.PROVINCIA_ID = pr.PROVINCIA_ID   
22:11:17 - Exito - SELECT cl.CLIENTE_ID, cl.DOM_ID, cl.CONTACTO_ID, cl.CLIENTE_NOMBRE, cl.CLIENTE_APELLIDO, cl.CLIENTE_FECHAALTA, cl.CLIENTE_FECHABAJA, 
    co.CONTACTO_TEL1, co.CONTACTO_TEL2, co.CONTACTO_EMAIL, co.CONTACTO_EMAIL, co.CONTACTO_WEB, co.CONTACTO_INFO, 
    dom.DOM_CALLE, dom.DOM_ALTURA, dom.DOM_CP, ci.CIUDAD_NOMBRE, pr.PROVINCIA_NOMBRE
    FROM cliente cl
    LEFT JOIN contacto co ON cl.CONTACTO_ID = co.CONTACTO_ID
    LEFT JOIN domicilio dom ON cl.DOM_ID = dom.DOM_ID
    LEFT JOIN ciudad ci ON dom.CIUDAD_ID = ci.CIUDAD_ID
    LEFT JOIN provincia pr ON ci.PROVINCIA_ID = pr.PROVINCIA_ID   
22:19:21 - Exito - SELECT cl.CLIENTE_ID, cl.DOM_ID, cl.CONTACTO_ID, cl.CLIENTE_NOMBRE, cl.CLIENTE_APELLIDO, cl.CLIENTE_FECHAALTA, cl.CLIENTE_FECHABAJA, 
    co.CONTACTO_TEL1, co.CONTACTO_TEL2, co.CONTACTO_EMAIL, co.CONTACTO_EMAIL, co.CONTACTO_WEB, co.CONTACTO_INFO, 
    dom.DOM_CALLE, dom.DOM_ALTURA, dom.DOM_CP, ci.CIUDAD_NOMBRE, pr.PROVINCIA_NOMBRE
    FROM cliente cl
    LEFT JOIN contacto co ON cl.CONTACTO_ID = co.CONTACTO_ID
    LEFT JOIN domicilio dom ON cl.DOM_ID = dom.DOM_ID
    LEFT JOIN ciudad ci ON dom.CIUDAD_ID = ci.CIUDAD_ID
    LEFT JOIN provincia pr ON ci.PROVINCIA_ID = pr.PROVINCIA_ID   
22:19:24 - Exito - SELECT cl.CLIENTE_ID, cl.DOM_ID, cl.CONTACTO_ID, cl.CLIENTE_NOMBRE, cl.CLIENTE_APELLIDO, cl.CLIENTE_FECHAALTA, cl.CLIENTE_FECHABAJA, 
    co.CONTACTO_TEL1, co.CONTACTO_TEL2, co.CONTACTO_EMAIL, co.CONTACTO_EMAIL, co.CONTACTO_WEB, co.CONTACTO_INFO, 
    dom.DOM_CALLE, dom.DOM_ALTURA, dom.DOM_CP, ci.CIUDAD_NOMBRE, pr.PROVINCIA_NOMBRE
    FROM cliente cl
    LEFT JOIN contacto co ON cl.CONTACTO_ID = co.CONTACTO_ID
    LEFT JOIN domicilio dom ON cl.DOM_ID = dom.DOM_ID
    LEFT JOIN ciudad ci ON dom.CIUDAD_ID = ci.CIUDAD_ID
    LEFT JOIN provincia pr ON ci.PROVINCIA_ID = pr.PROVINCIA_ID   
22:19:56 - Exito - SELECT cl.CLIENTE_ID, cl.DOM_ID, cl.CONTACTO_ID, cl.CLIENTE_NOMBRE, cl.CLIENTE_APELLIDO, cl.CLIENTE_FECHAALTA, cl.CLIENTE_FECHABAJA, 
    co.CONTACTO_TEL1, co.CONTACTO_TEL2, co.CONTACTO_EMAIL, co.CONTACTO_EMAIL, co.CONTACTO_WEB, co.CONTACTO_INFO, 
    dom.DOM_CALLE, dom.DOM_ALTURA, dom.DOM_CP, ci.CIUDAD_NOMBRE, pr.PROVINCIA_NOMBRE
    FROM cliente cl
    LEFT JOIN contacto co ON cl.CONTACTO_ID = co.CONTACTO_ID
    LEFT JOIN domicilio dom ON cl.DOM_ID = dom.DOM_ID
    LEFT JOIN ciudad ci ON dom.CIUDAD_ID = ci.CIUDAD_ID
    LEFT JOIN provincia pr ON ci.PROVINCIA_ID = pr.PROVINCIA_ID   
22:22:45 - Exito - SELECT cl.CLIENTE_ID, cl.DOM_ID, cl.CONTACTO_ID, cl.CLIENTE_NOMBRE, cl.CLIENTE_APELLIDO, cl.CLIENTE_FECHAALTA, cl.CLIENTE_FECHABAJA, 
    co.CONTACTO_TEL1, co.CONTACTO_TEL2, co.CONTACTO_EMAIL, co.CONTACTO_EMAIL, co.CONTACTO_WEB, co.CONTACTO_INFO, 
    dom.DOM_CALLE, dom.DOM_ALTURA, dom.DOM_CP, ci.CIUDAD_NOMBRE, pr.PROVINCIA_NOMBRE
    FROM cliente cl
    LEFT JOIN contacto co ON cl.CONTACTO_ID = co.CONTACTO_ID
    LEFT JOIN domicilio dom ON cl.DOM_ID = dom.DOM_ID
    LEFT JOIN ciudad ci ON dom.CIUDAD_ID = ci.CIUDAD_ID
    LEFT JOIN provincia pr ON ci.PROVINCIA_ID = pr.PROVINCIA_ID   
22:22:48 - Exito - SELECT cl.CLIENTE_ID, cl.DOM_ID, cl.CONTACTO_ID, cl.CLIENTE_NOMBRE, cl.CLIENTE_APELLIDO, cl.CLIENTE_FECHAALTA, cl.CLIENTE_FECHABAJA, 
    co.CONTACTO_TEL1, co.CONTACTO_TEL2, co.CONTACTO_EMAIL, co.CONTACTO_EMAIL, co.CONTACTO_WEB, co.CONTACTO_INFO, 
    dom.DOM_CALLE, dom.DOM_ALTURA, dom.DOM_CP, ci.CIUDAD_NOMBRE, pr.PROVINCIA_NOMBRE
    FROM cliente cl
    LEFT JOIN contacto co ON cl.CONTACTO_ID = co.CONTACTO_ID
    LEFT JOIN domicilio dom ON cl.DOM_ID = dom.DOM_ID
    LEFT JOIN ciudad ci ON dom.CIUDAD_ID = ci.CIUDAD_ID
    LEFT JOIN provincia pr ON ci.PROVINCIA_ID = pr.PROVINCIA_ID   
22:23:20 - Exito - SELECT cl.CLIENTE_ID, cl.DOM_ID, cl.CONTACTO_ID, cl.CLIENTE_NOMBRE, cl.CLIENTE_APELLIDO, cl.CLIENTE_FECHAALTA, cl.CLIENTE_FECHABAJA, 
    co.CONTACTO_TEL1, co.CONTACTO_TEL2, co.CONTACTO_EMAIL, co.CONTACTO_EMAIL, co.CONTACTO_WEB, co.CONTACTO_INFO, 
    dom.DOM_CALLE, dom.DOM_ALTURA, dom.DOM_CP, ci.CIUDAD_NOMBRE, pr.PROVINCIA_NOMBRE
    FROM cliente cl
    LEFT JOIN contacto co ON cl.CONTACTO_ID = co.CONTACTO_ID
    LEFT JOIN domicilio dom ON cl.DOM_ID = dom.DOM_ID
    LEFT JOIN ciudad ci ON dom.CIUDAD_ID = ci.CIUDAD_ID
    LEFT JOIN provincia pr ON ci.PROVINCIA_ID = pr.PROVINCIA_ID   
22:23:22 - Exito - SELECT cl.CLIENTE_ID, cl.DOM_ID, cl.CONTACTO_ID, cl.CLIENTE_NOMBRE, cl.CLIENTE_APELLIDO, cl.CLIENTE_FECHAALTA, cl.CLIENTE_FECHABAJA, 
    co.CONTACTO_TEL1, co.CONTACTO_TEL2, co.CONTACTO_EMAIL, co.CONTACTO_EMAIL, co.CONTACTO_WEB, co.CONTACTO_INFO, 
    dom.DOM_CALLE, dom.DOM_ALTURA, dom.DOM_CP, ci.CIUDAD_NOMBRE, pr.PROVINCIA_NOMBRE
    FROM cliente cl
    LEFT JOIN contacto co ON cl.CONTACTO_ID = co.CONTACTO_ID
    LEFT JOIN domicilio dom ON cl.DOM_ID = dom.DOM_ID
    LEFT JOIN ciudad ci ON dom.CIUDAD_ID = ci.CIUDAD_ID
    LEFT JOIN provincia pr ON ci.PROVINCIA_ID = pr.PROVINCIA_ID   
22:23:34 - Exito - SELECT cl.CLIENTE_ID, cl.DOM_ID, cl.CONTACTO_ID, cl.CLIENTE_NOMBRE, cl.CLIENTE_APELLIDO, cl.CLIENTE_FECHAALTA, cl.CLIENTE_FECHABAJA, 
    co.CONTACTO_TEL1, co.CONTACTO_TEL2, co.CONTACTO_EMAIL, co.CONTACTO_EMAIL, co.CONTACTO_WEB, co.CONTACTO_INFO, 
    dom.DOM_CALLE, dom.DOM_ALTURA, dom.DOM_CP, ci.CIUDAD_NOMBRE, pr.PROVINCIA_NOMBRE
    FROM cliente cl
    LEFT JOIN contacto co ON cl.CONTACTO_ID = co.CONTACTO_ID
    LEFT JOIN domicilio dom ON cl.DOM_ID = dom.DOM_ID
    LEFT JOIN ciudad ci ON dom.CIUDAD_ID = ci.CIUDAD_ID
    LEFT JOIN provincia pr ON ci.PROVINCIA_ID = pr.PROVINCIA_ID   
22:24:13 - Exito - SELECT cl.CLIENTE_ID, cl.DOM_ID, cl.CONTACTO_ID, cl.CLIENTE_NOMBRE, cl.CLIENTE_APELLIDO, cl.CLIENTE_FECHAALTA, cl.CLIENTE_FECHABAJA, 
    co.CONTACTO_TEL1, co.CONTACTO_TEL2, co.CONTACTO_EMAIL, co.CONTACTO_EMAIL, co.CONTACTO_WEB, co.CONTACTO_INFO, 
    dom.DOM_CALLE, dom.DOM_ALTURA, dom.DOM_CP, ci.CIUDAD_NOMBRE, pr.PROVINCIA_NOMBRE
    FROM cliente cl
    LEFT JOIN contacto co ON cl.CONTACTO_ID = co.CONTACTO_ID
    LEFT JOIN domicilio dom ON cl.DOM_ID = dom.DOM_ID
    LEFT JOIN ciudad ci ON dom.CIUDAD_ID = ci.CIUDAD_ID
    LEFT JOIN provincia pr ON ci.PROVINCIA_ID = pr.PROVINCIA_ID   
22:24:34 - Exito - SELECT cl.CLIENTE_ID, cl.DOM_ID, cl.CONTACTO_ID, cl.CLIENTE_NOMBRE, cl.CLIENTE_APELLIDO, cl.CLIENTE_FECHAALTA, cl.CLIENTE_FECHABAJA, 
    co.CONTACTO_TEL1, co.CONTACTO_TEL2, co.CONTACTO_EMAIL, co.CONTACTO_EMAIL, co.CONTACTO_WEB, co.CONTACTO_INFO, 
    dom.DOM_CALLE, dom.DOM_ALTURA, dom.DOM_CP, ci.CIUDAD_NOMBRE, pr.PROVINCIA_NOMBRE
    FROM cliente cl
    LEFT JOIN contacto co ON cl.CONTACTO_ID = co.CONTACTO_ID
    LEFT JOIN domicilio dom ON cl.DOM_ID = dom.DOM_ID
    LEFT JOIN ciudad ci ON dom.CIUDAD_ID = ci.CIUDAD_ID
    LEFT JOIN provincia pr ON ci.PROVINCIA_ID = pr.PROVINCIA_ID   
22:24:36 - Exito - SELECT cl.CLIENTE_ID, cl.DOM_ID, cl.CONTACTO_ID, cl.CLIENTE_NOMBRE, cl.CLIENTE_APELLIDO, cl.CLIENTE_FECHAALTA, cl.CLIENTE_FECHABAJA, 
    co.CONTACTO_TEL1, co.CONTACTO_TEL2, co.CONTACTO_EMAIL, co.CONTACTO_EMAIL, co.CONTACTO_WEB, co.CONTACTO_INFO, 
    dom.DOM_CALLE, dom.DOM_ALTURA, dom.DOM_CP, ci.CIUDAD_NOMBRE, pr.PROVINCIA_NOMBRE
    FROM cliente cl
    LEFT JOIN contacto co ON cl.CONTACTO_ID = co.CONTACTO_ID
    LEFT JOIN domicilio dom ON cl.DOM_ID = dom.DOM_ID
    LEFT JOIN ciudad ci ON dom.CIUDAD_ID = ci.CIUDAD_ID
    LEFT JOIN provincia pr ON ci.PROVINCIA_ID = pr.PROVINCIA_ID   
22:25:05 - Exito - SELECT cl.CLIENTE_ID, cl.DOM_ID, cl.CONTACTO_ID, cl.CLIENTE_NOMBRE, cl.CLIENTE_APELLIDO, cl.CLIENTE_FECHAALTA, cl.CLIENTE_FECHABAJA, 
    co.CONTACTO_TEL1, co.CONTACTO_TEL2, co.CONTACTO_EMAIL, co.CONTACTO_EMAIL, co.CONTACTO_WEB, co.CONTACTO_INFO, 
    dom.DOM_CALLE, dom.DOM_ALTURA, dom.DOM_CP, ci.CIUDAD_NOMBRE, pr.PROVINCIA_NOMBRE
    FROM cliente cl
    LEFT JOIN contacto co ON cl.CONTACTO_ID = co.CONTACTO_ID
    LEFT JOIN domicilio dom ON cl.DOM_ID = dom.DOM_ID
    LEFT JOIN ciudad ci ON dom.CIUDAD_ID = ci.CIUDAD_ID
    LEFT JOIN provincia pr ON ci.PROVINCIA_ID = pr.PROVINCIA_ID   
22:26:26 - Exito - SELECT cl.CLIENTE_ID, cl.DOM_ID, cl.CONTACTO_ID, cl.CLIENTE_NOMBRE, cl.CLIENTE_APELLIDO, cl.CLIENTE_FECHAALTA, cl.CLIENTE_FECHABAJA, 
    co.CONTACTO_TEL1, co.CONTACTO_TEL2, co.CONTACTO_EMAIL, co.CONTACTO_EMAIL, co.CONTACTO_WEB, co.CONTACTO_INFO, 
    dom.DOM_CALLE, dom.DOM_ALTURA, dom.DOM_CP, ci.CIUDAD_NOMBRE, pr.PROVINCIA_NOMBRE
    FROM cliente cl
    LEFT JOIN contacto co ON cl.CONTACTO_ID = co.CONTACTO_ID
    LEFT JOIN domicilio dom ON cl.DOM_ID = dom.DOM_ID
    LEFT JOIN ciudad ci ON dom.CIUDAD_ID = ci.CIUDAD_ID
    LEFT JOIN provincia pr ON ci.PROVINCIA_ID = pr.PROVINCIA_ID   
22:31:29 - Exito - SELECT cl.CLIENTE_ID, cl.DOM_ID, cl.CONTACTO_ID, cl.CLIENTE_NOMBRE, cl.CLIENTE_APELLIDO, cl.CLIENTE_FECHAALTA, cl.CLIENTE_FECHABAJA, 
    co.CONTACTO_TEL1, co.CONTACTO_TEL2, co.CONTACTO_EMAIL, co.CONTACTO_EMAIL, co.CONTACTO_WEB, co.CONTACTO_INFO, 
    dom.DOM_CALLE, dom.DOM_ALTURA, dom.DOM_CP, ci.CIUDAD_NOMBRE, pr.PROVINCIA_NOMBRE
    FROM cliente cl
    LEFT JOIN contacto co ON cl.CONTACTO_ID = co.CONTACTO_ID
    LEFT JOIN domicilio dom ON cl.DOM_ID = dom.DOM_ID
    LEFT JOIN ciudad ci ON dom.CIUDAD_ID = ci.CIUDAD_ID
    LEFT JOIN provincia pr ON ci.PROVINCIA_ID = pr.PROVINCIA_ID   
22:31:42 - Exito - SELECT cl.CLIENTE_ID, cl.DOM_ID, cl.CONTACTO_ID, cl.CLIENTE_NOMBRE, cl.CLIENTE_APELLIDO, cl.CLIENTE_FECHAALTA, cl.CLIENTE_FECHABAJA, 
    co.CONTACTO_TEL1, co.CONTACTO_TEL2, co.CONTACTO_EMAIL, co.CONTACTO_EMAIL, co.CONTACTO_WEB, co.CONTACTO_INFO, 
    dom.DOM_CALLE, dom.DOM_ALTURA, dom.DOM_CP, ci.CIUDAD_NOMBRE, pr.PROVINCIA_NOMBRE
    FROM cliente cl
    LEFT JOIN contacto co ON cl.CONTACTO_ID = co.CONTACTO_ID
    LEFT JOIN domicilio dom ON cl.DOM_ID = dom.DOM_ID
    LEFT JOIN ciudad ci ON dom.CIUDAD_ID = ci.CIUDAD_ID
    LEFT JOIN provincia pr ON ci.PROVINCIA_ID = pr.PROVINCIA_ID   
22:32:28 - Exito - SELECT cl.CLIENTE_ID, cl.DOM_ID, cl.CONTACTO_ID, cl.CLIENTE_NOMBRE, cl.CLIENTE_APELLIDO, cl.CLIENTE_FECHAALTA, cl.CLIENTE_FECHABAJA, 
    co.CONTACTO_TEL1, co.CONTACTO_TEL2, co.CONTACTO_EMAIL, co.CONTACTO_EMAIL, co.CONTACTO_WEB, co.CONTACTO_INFO, 
    dom.DOM_CALLE, dom.DOM_ALTURA, dom.DOM_CP, ci.CIUDAD_NOMBRE, pr.PROVINCIA_NOMBRE
    FROM cliente cl
    LEFT JOIN contacto co ON cl.CONTACTO_ID = co.CONTACTO_ID
    LEFT JOIN domicilio dom ON cl.DOM_ID = dom.DOM_ID
    LEFT JOIN ciudad ci ON dom.CIUDAD_ID = ci.CIUDAD_ID
    LEFT JOIN provincia pr ON ci.PROVINCIA_ID = pr.PROVINCIA_ID   
22:32:50 - Exito - SELECT cl.CLIENTE_ID, cl.DOM_ID, cl.CONTACTO_ID, cl.CLIENTE_NOMBRE, cl.CLIENTE_APELLIDO, cl.CLIENTE_FECHAALTA, cl.CLIENTE_FECHABAJA, 
    co.CONTACTO_TEL1, co.CONTACTO_TEL2, co.CONTACTO_EMAIL, co.CONTACTO_EMAIL, co.CONTACTO_WEB, co.CONTACTO_INFO, 
    dom.DOM_CALLE, dom.DOM_ALTURA, dom.DOM_CP, ci.CIUDAD_NOMBRE, pr.PROVINCIA_NOMBRE
    FROM cliente cl
    LEFT JOIN contacto co ON cl.CONTACTO_ID = co.CONTACTO_ID
    LEFT JOIN domicilio dom ON cl.DOM_ID = dom.DOM_ID
    LEFT JOIN ciudad ci ON dom.CIUDAD_ID = ci.CIUDAD_ID
    LEFT JOIN provincia pr ON ci.PROVINCIA_ID = pr.PROVINCIA_ID   
22:36:39 - Exito - SELECT cl.CLIENTE_ID, cl.DOM_ID, cl.CONTACTO_ID, cl.CLIENTE_NOMBRE, cl.CLIENTE_APELLIDO, cl.CLIENTE_FECHAALTA, cl.CLIENTE_FECHABAJA, 
    co.CONTACTO_TEL1, co.CONTACTO_TEL2, co.CONTACTO_EMAIL, co.CONTACTO_EMAIL, co.CONTACTO_WEB, co.CONTACTO_INFO, 
    dom.DOM_CALLE, dom.DOM_ALTURA, dom.DOM_CP, ci.CIUDAD_NOMBRE, pr.PROVINCIA_NOMBRE
    FROM cliente cl
    LEFT JOIN contacto co ON cl.CONTACTO_ID = co.CONTACTO_ID
    LEFT JOIN domicilio dom ON cl.DOM_ID = dom.DOM_ID
    LEFT JOIN ciudad ci ON dom.CIUDAD_ID = ci.CIUDAD_ID
    LEFT JOIN provincia pr ON ci.PROVINCIA_ID = pr.PROVINCIA_ID   
22:38:12 - Exito - SELECT cl.CLIENTE_ID, cl.DOM_ID, cl.CONTACTO_ID, cl.CLIENTE_NOMBRE, cl.CLIENTE_APELLIDO, cl.CLIENTE_FECHAALTA, cl.CLIENTE_FECHABAJA, 
    co.CONTACTO_TEL1, co.CONTACTO_TEL2, co.CONTACTO_EMAIL, co.CONTACTO_EMAIL, co.CONTACTO_WEB, co.CONTACTO_INFO, 
    dom.DOM_CALLE, dom.DOM_ALTURA, dom.DOM_CP, ci.CIUDAD_NOMBRE, pr.PROVINCIA_NOMBRE
    FROM cliente cl
    LEFT JOIN contacto co ON cl.CONTACTO_ID = co.CONTACTO_ID
    LEFT JOIN domicilio dom ON cl.DOM_ID = dom.DOM_ID
    LEFT JOIN ciudad ci ON dom.CIUDAD_ID = ci.CIUDAD_ID
    LEFT JOIN provincia pr ON ci.PROVINCIA_ID = pr.PROVINCIA_ID   
22:38:53 - Exito - SELECT cl.CLIENTE_ID, cl.DOM_ID, cl.CONTACTO_ID, cl.CLIENTE_NOMBRE, cl.CLIENTE_APELLIDO, cl.CLIENTE_FECHAALTA, cl.CLIENTE_FECHABAJA, 
    co.CONTACTO_TEL1, co.CONTACTO_TEL2, co.CONTACTO_EMAIL, co.CONTACTO_EMAIL, co.CONTACTO_WEB, co.CONTACTO_INFO, 
    dom.DOM_CALLE, dom.DOM_ALTURA, dom.DOM_CP, ci.CIUDAD_NOMBRE, pr.PROVINCIA_NOMBRE
    FROM cliente cl
    LEFT JOIN contacto co ON cl.CONTACTO_ID = co.CONTACTO_ID
    LEFT JOIN domicilio dom ON cl.DOM_ID = dom.DOM_ID
    LEFT JOIN ciudad ci ON dom.CIUDAD_ID = ci.CIUDAD_ID
    LEFT JOIN provincia pr ON ci.PROVINCIA_ID = pr.PROVINCIA_ID   
22:39:00 - Exito - SELECT cl.CLIENTE_ID, cl.DOM_ID, cl.CONTACTO_ID, cl.CLIENTE_NOMBRE, cl.CLIENTE_APELLIDO, cl.CLIENTE_FECHAALTA, cl.CLIENTE_FECHABAJA, 
    co.CONTACTO_TEL1, co.CONTACTO_TEL2, co.CONTACTO_EMAIL, co.CONTACTO_EMAIL, co.CONTACTO_WEB, co.CONTACTO_INFO, 
    dom.DOM_CALLE, dom.DOM_ALTURA, dom.DOM_CP, ci.CIUDAD_NOMBRE, pr.PROVINCIA_NOMBRE
    FROM cliente cl
    LEFT JOIN contacto co ON cl.CONTACTO_ID = co.CONTACTO_ID
    LEFT JOIN domicilio dom ON cl.DOM_ID = dom.DOM_ID
    LEFT JOIN ciudad ci ON dom.CIUDAD_ID = ci.CIUDAD_ID
    LEFT JOIN provincia pr ON ci.PROVINCIA_ID = pr.PROVINCIA_ID   
22:39:40 - Exito - SELECT cl.CLIENTE_ID, cl.DOM_ID, cl.CONTACTO_ID, cl.CLIENTE_NOMBRE, cl.CLIENTE_APELLIDO, cl.CLIENTE_FECHAALTA, cl.CLIENTE_FECHABAJA, 
    co.CONTACTO_TEL1, co.CONTACTO_TEL2, co.CONTACTO_EMAIL, co.CONTACTO_EMAIL, co.CONTACTO_WEB, co.CONTACTO_INFO, 
    dom.DOM_CALLE, dom.DOM_ALTURA, dom.DOM_CP, ci.CIUDAD_NOMBRE, pr.PROVINCIA_NOMBRE
    FROM cliente cl
    LEFT JOIN contacto co ON cl.CONTACTO_ID = co.CONTACTO_ID
    LEFT JOIN domicilio dom ON cl.DOM_ID = dom.DOM_ID
    LEFT JOIN ciudad ci ON dom.CIUDAD_ID = ci.CIUDAD_ID
    LEFT JOIN provincia pr ON ci.PROVINCIA_ID = pr.PROVINCIA_ID   
22:39:44 - Exito - SELECT cl.CLIENTE_ID, cl.DOM_ID, cl.CONTACTO_ID, cl.CLIENTE_NOMBRE, cl.CLIENTE_APELLIDO, cl.CLIENTE_FECHAALTA, cl.CLIENTE_FECHABAJA, 
    co.CONTACTO_TEL1, co.CONTACTO_TEL2, co.CONTACTO_EMAIL, co.CONTACTO_EMAIL, co.CONTACTO_WEB, co.CONTACTO_INFO, 
    dom.DOM_CALLE, dom.DOM_ALTURA, dom.DOM_CP, ci.CIUDAD_NOMBRE, pr.PROVINCIA_NOMBRE, pr.PROVINCIA_ID ,ci.CIUDAD_ID
    FROM cliente cl
    LEFT JOIN contacto co ON cl.CONTACTO_ID = co.CONTACTO_ID
    LEFT JOIN domicilio dom ON cl.DOM_ID = dom.DOM_ID
    LEFT JOIN ciudad ci ON dom.CIUDAD_ID = ci.CIUDAD_ID
    LEFT JOIN provincia pr ON ci.PROVINCIA_ID = pr.PROVINCIA_ID 
    WHERE cl.CLIENTE_ID = 6 
22:39:44 - Exito - SELECT cl.CLIENTE_ID, cl.DOM_ID, cl.CONTACTO_ID, cl.CLIENTE_NOMBRE, cl.CLIENTE_APELLIDO, cl.CLIENTE_FECHAALTA, cl.CLIENTE_FECHABAJA, 
    co.CONTACTO_TEL1, co.CONTACTO_TEL2, co.CONTACTO_EMAIL, co.CONTACTO_EMAIL, co.CONTACTO_WEB, co.CONTACTO_INFO, 
    dom.DOM_CALLE, dom.DOM_ALTURA, dom.DOM_CP, ci.CIUDAD_NOMBRE, pr.PROVINCIA_NOMBRE
    FROM cliente cl
    LEFT JOIN contacto co ON cl.CONTACTO_ID = co.CONTACTO_ID
    LEFT JOIN domicilio dom ON cl.DOM_ID = dom.DOM_ID
    LEFT JOIN ciudad ci ON dom.CIUDAD_ID = ci.CIUDAD_ID
    LEFT JOIN provincia pr ON ci.PROVINCIA_ID = pr.PROVINCIA_ID   
22:40:37 - Exito - SELECT cl.CLIENTE_ID, cl.DOM_ID, cl.CONTACTO_ID, cl.CLIENTE_NOMBRE, cl.CLIENTE_APELLIDO, cl.CLIENTE_FECHAALTA, cl.CLIENTE_FECHABAJA, 
    co.CONTACTO_TEL1, co.CONTACTO_TEL2, co.CONTACTO_EMAIL, co.CONTACTO_EMAIL, co.CONTACTO_WEB, co.CONTACTO_INFO, 
    dom.DOM_CALLE, dom.DOM_ALTURA, dom.DOM_CP, ci.CIUDAD_NOMBRE, pr.PROVINCIA_NOMBRE, pr.PROVINCIA_ID ,ci.CIUDAD_ID
    FROM cliente cl
    LEFT JOIN contacto co ON cl.CONTACTO_ID = co.CONTACTO_ID
    LEFT JOIN domicilio dom ON cl.DOM_ID = dom.DOM_ID
    LEFT JOIN ciudad ci ON dom.CIUDAD_ID = ci.CIUDAD_ID
    LEFT JOIN provincia pr ON ci.PROVINCIA_ID = pr.PROVINCIA_ID 
    WHERE cl.CLIENTE_ID = 6 
22:40:37 - Exito - SELECT cl.CLIENTE_ID, cl.DOM_ID, cl.CONTACTO_ID, cl.CLIENTE_NOMBRE, cl.CLIENTE_APELLIDO, cl.CLIENTE_FECHAALTA, cl.CLIENTE_FECHABAJA, 
    co.CONTACTO_TEL1, co.CONTACTO_TEL2, co.CONTACTO_EMAIL, co.CONTACTO_EMAIL, co.CONTACTO_WEB, co.CONTACTO_INFO, 
    dom.DOM_CALLE, dom.DOM_ALTURA, dom.DOM_CP, ci.CIUDAD_NOMBRE, pr.PROVINCIA_NOMBRE
    FROM cliente cl
    LEFT JOIN contacto co ON cl.CONTACTO_ID = co.CONTACTO_ID
    LEFT JOIN domicilio dom ON cl.DOM_ID = dom.DOM_ID
    LEFT JOIN ciudad ci ON dom.CIUDAD_ID = ci.CIUDAD_ID
    LEFT JOIN provincia pr ON ci.PROVINCIA_ID = pr.PROVINCIA_ID   
23:01:57 - Exito - SELECT cl.CLIENTE_ID, cl.DOM_ID, cl.CONTACTO_ID, cl.CLIENTE_NOMBRE, cl.CLIENTE_APELLIDO, cl.CLIENTE_FECHAALTA, cl.CLIENTE_FECHABAJA, 
    co.CONTACTO_TEL1, co.CONTACTO_TEL2, co.CONTACTO_EMAIL, co.CONTACTO_EMAIL, co.CONTACTO_WEB, co.CONTACTO_INFO, 
    dom.DOM_CALLE, dom.DOM_ALTURA, dom.DOM_CP, ci.CIUDAD_NOMBRE, pr.PROVINCIA_NOMBRE, pr.PROVINCIA_ID ,ci.CIUDAD_ID
    FROM cliente cl
    LEFT JOIN contacto co ON cl.CONTACTO_ID = co.CONTACTO_ID
    LEFT JOIN domicilio dom ON cl.DOM_ID = dom.DOM_ID
    LEFT JOIN ciudad ci ON dom.CIUDAD_ID = ci.CIUDAD_ID
    LEFT JOIN provincia pr ON ci.PROVINCIA_ID = pr.PROVINCIA_ID 
    WHERE cl.CLIENTE_ID = 6 
23:01:57 - Exito - SELECT cl.CLIENTE_ID, cl.DOM_ID, cl.CONTACTO_ID, cl.CLIENTE_NOMBRE, cl.CLIENTE_APELLIDO, cl.CLIENTE_FECHAALTA, cl.CLIENTE_FECHABAJA, 
    co.CONTACTO_TEL1, co.CONTACTO_TEL2, co.CONTACTO_EMAIL, co.CONTACTO_EMAIL, co.CONTACTO_WEB, co.CONTACTO_INFO, 
    dom.DOM_CALLE, dom.DOM_ALTURA, dom.DOM_CP, ci.CIUDAD_NOMBRE, pr.PROVINCIA_NOMBRE
    FROM cliente cl
    LEFT JOIN contacto co ON cl.CONTACTO_ID = co.CONTACTO_ID
    LEFT JOIN domicilio dom ON cl.DOM_ID = dom.DOM_ID
    LEFT JOIN ciudad ci ON dom.CIUDAD_ID = ci.CIUDAD_ID
    LEFT JOIN provincia pr ON ci.PROVINCIA_ID = pr.PROVINCIA_ID   
23:02:01 - Exito - SELECT cl.CLIENTE_ID, cl.DOM_ID, cl.CONTACTO_ID, cl.CLIENTE_NOMBRE, cl.CLIENTE_APELLIDO, cl.CLIENTE_FECHAALTA, cl.CLIENTE_FECHABAJA, 
    co.CONTACTO_TEL1, co.CONTACTO_TEL2, co.CONTACTO_EMAIL, co.CONTACTO_EMAIL, co.CONTACTO_WEB, co.CONTACTO_INFO, 
    dom.DOM_CALLE, dom.DOM_ALTURA, dom.DOM_CP, ci.CIUDAD_NOMBRE, pr.PROVINCIA_NOMBRE
    FROM cliente cl
    LEFT JOIN contacto co ON cl.CONTACTO_ID = co.CONTACTO_ID
    LEFT JOIN domicilio dom ON cl.DOM_ID = dom.DOM_ID
    LEFT JOIN ciudad ci ON dom.CIUDAD_ID = ci.CIUDAD_ID
    LEFT JOIN provincia pr ON ci.PROVINCIA_ID = pr.PROVINCIA_ID   
23:03:05 - Exito - SELECT cl.CLIENTE_ID, cl.DOM_ID, cl.CONTACTO_ID, cl.CLIENTE_NOMBRE, cl.CLIENTE_APELLIDO, cl.CLIENTE_FECHAALTA, cl.CLIENTE_FECHABAJA, 
    co.CONTACTO_TEL1, co.CONTACTO_TEL2, co.CONTACTO_EMAIL, co.CONTACTO_EMAIL, co.CONTACTO_WEB, co.CONTACTO_INFO, 
    dom.DOM_CALLE, dom.DOM_ALTURA, dom.DOM_CP, ci.CIUDAD_NOMBRE, pr.PROVINCIA_NOMBRE
    FROM cliente cl
    LEFT JOIN contacto co ON cl.CONTACTO_ID = co.CONTACTO_ID
    LEFT JOIN domicilio dom ON cl.DOM_ID = dom.DOM_ID
    LEFT JOIN ciudad ci ON dom.CIUDAD_ID = ci.CIUDAD_ID
    LEFT JOIN provincia pr ON ci.PROVINCIA_ID = pr.PROVINCIA_ID   
23:06:08 - Exito - SELECT cl.CLIENTE_ID, cl.DOM_ID, cl.CONTACTO_ID, cl.CLIENTE_NOMBRE, cl.CLIENTE_APELLIDO, cl.CLIENTE_FECHAALTA, cl.CLIENTE_FECHABAJA, 
    co.CONTACTO_TEL1, co.CONTACTO_TEL2, co.CONTACTO_EMAIL, co.CONTACTO_EMAIL, co.CONTACTO_WEB, co.CONTACTO_INFO, 
    dom.DOM_CALLE, dom.DOM_ALTURA, dom.DOM_CP, ci.CIUDAD_NOMBRE, pr.PROVINCIA_NOMBRE
    FROM cliente cl
    LEFT JOIN contacto co ON cl.CONTACTO_ID = co.CONTACTO_ID
    LEFT JOIN domicilio dom ON cl.DOM_ID = dom.DOM_ID
    LEFT JOIN ciudad ci ON dom.CIUDAD_ID = ci.CIUDAD_ID
    LEFT JOIN provincia pr ON ci.PROVINCIA_ID = pr.PROVINCIA_ID   
23:06:11 - Exito - SELECT cl.CLIENTE_ID, cl.DOM_ID, cl.CONTACTO_ID, cl.CLIENTE_NOMBRE, cl.CLIENTE_APELLIDO, cl.CLIENTE_FECHAALTA, cl.CLIENTE_FECHABAJA, 
    co.CONTACTO_TEL1, co.CONTACTO_TEL2, co.CONTACTO_EMAIL, co.CONTACTO_EMAIL, co.CONTACTO_WEB, co.CONTACTO_INFO, 
    dom.DOM_CALLE, dom.DOM_ALTURA, dom.DOM_CP, ci.CIUDAD_NOMBRE, pr.PROVINCIA_NOMBRE
    FROM cliente cl
    LEFT JOIN contacto co ON cl.CONTACTO_ID = co.CONTACTO_ID
    LEFT JOIN domicilio dom ON cl.DOM_ID = dom.DOM_ID
    LEFT JOIN ciudad ci ON dom.CIUDAD_ID = ci.CIUDAD_ID
    LEFT JOIN provincia pr ON ci.PROVINCIA_ID = pr.PROVINCIA_ID   
23:09:13 - Exito - SELECT cl.CLIENTE_ID, cl.DOM_ID, cl.CONTACTO_ID, cl.CLIENTE_NOMBRE, cl.CLIENTE_APELLIDO, cl.CLIENTE_FECHAALTA, cl.CLIENTE_FECHABAJA, 
    co.CONTACTO_TEL1, co.CONTACTO_TEL2, co.CONTACTO_EMAIL, co.CONTACTO_EMAIL, co.CONTACTO_WEB, co.CONTACTO_INFO, 
    dom.DOM_CALLE, dom.DOM_ALTURA, dom.DOM_CP, ci.CIUDAD_NOMBRE, pr.PROVINCIA_NOMBRE
    FROM cliente cl
    LEFT JOIN contacto co ON cl.CONTACTO_ID = co.CONTACTO_ID
    LEFT JOIN domicilio dom ON cl.DOM_ID = dom.DOM_ID
    LEFT JOIN ciudad ci ON dom.CIUDAD_ID = ci.CIUDAD_ID
    LEFT JOIN provincia pr ON ci.PROVINCIA_ID = pr.PROVINCIA_ID   
23:09:15 - Exito - SELECT cl.CLIENTE_ID, cl.DOM_ID, cl.CONTACTO_ID, cl.CLIENTE_NOMBRE, cl.CLIENTE_APELLIDO, cl.CLIENTE_FECHAALTA, cl.CLIENTE_FECHABAJA, 
    co.CONTACTO_TEL1, co.CONTACTO_TEL2, co.CONTACTO_EMAIL, co.CONTACTO_EMAIL, co.CONTACTO_WEB, co.CONTACTO_INFO, 
    dom.DOM_CALLE, dom.DOM_ALTURA, dom.DOM_CP, ci.CIUDAD_NOMBRE, pr.PROVINCIA_NOMBRE
    FROM cliente cl
    LEFT JOIN contacto co ON cl.CONTACTO_ID = co.CONTACTO_ID
    LEFT JOIN domicilio dom ON cl.DOM_ID = dom.DOM_ID
    LEFT JOIN ciudad ci ON dom.CIUDAD_ID = ci.CIUDAD_ID
    LEFT JOIN provincia pr ON ci.PROVINCIA_ID = pr.PROVINCIA_ID   
