17:08:18 - Exito - SELECT cl.CLIENTE_ID, cl.DOM_ID, cl.CONTACTO_ID, cl.CLIENTE_NOMBRE, cl.CLIENTE_APELLIDO, cl.CLIENTE_FECHAALTA, cl.CLIENTE_FECHABAJA, 
    co.CONTACTO_TEL1, co.CONTACTO_TEL2, co.CONTACTO_EMAIL, co.CONTACTO_EMAIL, co.CONTACTO_WEB, co.CONTACTO_INFO, 
    dom.DOM_CALLE, dom.DOM_ALTURA, dom.DOM_CP, ci.CIUDAD_NOMBRE, pr.PROVINCIA_NOMBRE
    FROM cliente cl
    LEFT JOIN contacto co ON cl.CONTACTO_ID = co.CONTACTO_ID
    LEFT JOIN domicilio dom ON cl.DOM_ID = dom.DOM_ID
    LEFT JOIN ciudad ci ON dom.CIUDAD_ID = ci.CIUDAD_ID
    LEFT JOIN provincia pr ON ci.PROVINCIA_ID = pr.PROVINCIA_ID   
17:08:23 - Exito - SELECT cl.CLIENTE_ID, cl.DOM_ID, cl.CONTACTO_ID, cl.CLIENTE_NOMBRE, cl.CLIENTE_APELLIDO, cl.CLIENTE_FECHAALTA, cl.CLIENTE_FECHABAJA, 
    co.CONTACTO_TEL1, co.CONTACTO_TEL2, co.CONTACTO_EMAIL, co.CONTACTO_EMAIL, co.CONTACTO_WEB, co.CONTACTO_INFO, 
    dom.DOM_CALLE, dom.DOM_ALTURA, dom.DOM_CP, ci.CIUDAD_NOMBRE, pr.PROVINCIA_NOMBRE
    FROM cliente cl
    LEFT JOIN contacto co ON cl.CONTACTO_ID = co.CONTACTO_ID
    LEFT JOIN domicilio dom ON cl.DOM_ID = dom.DOM_ID
    LEFT JOIN ciudad ci ON dom.CIUDAD_ID = ci.CIUDAD_ID
    LEFT JOIN provincia pr ON ci.PROVINCIA_ID = pr.PROVINCIA_ID   
17:08:23 - Exito - SELECT cl.CLIENTE_ID, cl.DOM_ID, cl.CONTACTO_ID, cl.CLIENTE_NOMBRE, cl.CLIENTE_APELLIDO, cl.CLIENTE_FECHAALTA, cl.CLIENTE_FECHABAJA, 
    co.CONTACTO_TEL1, co.CONTACTO_TEL2, co.CONTACTO_EMAIL, co.CONTACTO_EMAIL, co.CONTACTO_WEB, co.CONTACTO_INFO, 
    dom.DOM_CALLE, dom.DOM_ALTURA, dom.DOM_CP, ci.CIUDAD_NOMBRE, pr.PROVINCIA_NOMBRE, pr.PROVINCIA_ID ,ci.CIUDAD_ID
    FROM cliente cl
    LEFT JOIN contacto co ON cl.CONTACTO_ID = co.CONTACTO_ID
    LEFT JOIN domicilio dom ON cl.DOM_ID = dom.DOM_ID
    LEFT JOIN ciudad ci ON dom.CIUDAD_ID = ci.CIUDAD_ID
    LEFT JOIN provincia pr ON ci.PROVINCIA_ID = pr.PROVINCIA_ID 
    WHERE cl.CLIENTE_ID = 8 
17:20:30 - Exito - SELECT cl.CLIENTE_ID, cl.DOM_ID, cl.CONTACTO_ID, cl.CLIENTE_NOMBRE, cl.CLIENTE_APELLIDO, cl.CLIENTE_FECHAALTA, cl.CLIENTE_FECHABAJA, 
    co.CONTACTO_TEL1, co.CONTACTO_TEL2, co.CONTACTO_EMAIL, co.CONTACTO_EMAIL, co.CONTACTO_WEB, co.CONTACTO_INFO, 
    dom.DOM_CALLE, dom.DOM_ALTURA, dom.DOM_CP, ci.CIUDAD_NOMBRE, pr.PROVINCIA_NOMBRE
    FROM cliente cl
    LEFT JOIN contacto co ON cl.CONTACTO_ID = co.CONTACTO_ID
    LEFT JOIN domicilio dom ON cl.DOM_ID = dom.DOM_ID
    LEFT JOIN ciudad ci ON dom.CIUDAD_ID = ci.CIUDAD_ID
    LEFT JOIN provincia pr ON ci.PROVINCIA_ID = pr.PROVINCIA_ID   
17:20:30 - Exito - SELECT cl.CLIENTE_ID, cl.DOM_ID, cl.CONTACTO_ID, cl.CLIENTE_NOMBRE, cl.CLIENTE_APELLIDO, cl.CLIENTE_FECHAALTA, cl.CLIENTE_FECHABAJA, 
    co.CONTACTO_TEL1, co.CONTACTO_TEL2, co.CONTACTO_EMAIL, co.CONTACTO_EMAIL, co.CONTACTO_WEB, co.CONTACTO_INFO, 
    dom.DOM_CALLE, dom.DOM_ALTURA, dom.DOM_CP, ci.CIUDAD_NOMBRE, pr.PROVINCIA_NOMBRE, pr.PROVINCIA_ID ,ci.CIUDAD_ID
    FROM cliente cl
    LEFT JOIN contacto co ON cl.CONTACTO_ID = co.CONTACTO_ID
    LEFT JOIN domicilio dom ON cl.DOM_ID = dom.DOM_ID
    LEFT JOIN ciudad ci ON dom.CIUDAD_ID = ci.CIUDAD_ID
    LEFT JOIN provincia pr ON ci.PROVINCIA_ID = pr.PROVINCIA_ID 
    WHERE cl.CLIENTE_ID = 8 
17:23:20 - Exito - SELECT cl.CLIENTE_ID, cl.DOM_ID, cl.CONTACTO_ID, cl.CLIENTE_NOMBRE, cl.CLIENTE_APELLIDO, cl.CLIENTE_FECHAALTA, cl.CLIENTE_FECHABAJA, 
    co.CONTACTO_TEL1, co.CONTACTO_TEL2, co.CONTACTO_EMAIL, co.CONTACTO_EMAIL, co.CONTACTO_WEB, co.CONTACTO_INFO, 
    dom.DOM_CALLE, dom.DOM_ALTURA, dom.DOM_CP, ci.CIUDAD_NOMBRE, pr.PROVINCIA_NOMBRE
    FROM cliente cl
    LEFT JOIN contacto co ON cl.CONTACTO_ID = co.CONTACTO_ID
    LEFT JOIN domicilio dom ON cl.DOM_ID = dom.DOM_ID
    LEFT JOIN ciudad ci ON dom.CIUDAD_ID = ci.CIUDAD_ID
    LEFT JOIN provincia pr ON ci.PROVINCIA_ID = pr.PROVINCIA_ID   
17:23:20 - Exito - SELECT cl.CLIENTE_ID, cl.DOM_ID, cl.CONTACTO_ID, cl.CLIENTE_NOMBRE, cl.CLIENTE_APELLIDO, cl.CLIENTE_FECHAALTA, cl.CLIENTE_FECHABAJA, 
    co.CONTACTO_TEL1, co.CONTACTO_TEL2, co.CONTACTO_EMAIL, co.CONTACTO_EMAIL, co.CONTACTO_WEB, co.CONTACTO_INFO, 
    dom.DOM_CALLE, dom.DOM_ALTURA, dom.DOM_CP, ci.CIUDAD_NOMBRE, pr.PROVINCIA_NOMBRE, pr.PROVINCIA_ID ,ci.CIUDAD_ID
    FROM cliente cl
    LEFT JOIN contacto co ON cl.CONTACTO_ID = co.CONTACTO_ID
    LEFT JOIN domicilio dom ON cl.DOM_ID = dom.DOM_ID
    LEFT JOIN ciudad ci ON dom.CIUDAD_ID = ci.CIUDAD_ID
    LEFT JOIN provincia pr ON ci.PROVINCIA_ID = pr.PROVINCIA_ID 
    WHERE cl.CLIENTE_ID = 8 
17:26:46 - Exito - SELECT cl.CLIENTE_ID, cl.DOM_ID, cl.CONTACTO_ID, cl.CLIENTE_NOMBRE, cl.CLIENTE_APELLIDO, cl.CLIENTE_FECHAALTA, cl.CLIENTE_FECHABAJA, 
    co.CONTACTO_TEL1, co.CONTACTO_TEL2, co.CONTACTO_EMAIL, co.CONTACTO_EMAIL, co.CONTACTO_WEB, co.CONTACTO_INFO, 
    dom.DOM_CALLE, dom.DOM_ALTURA, dom.DOM_CP, ci.CIUDAD_NOMBRE, pr.PROVINCIA_NOMBRE
    FROM cliente cl
    LEFT JOIN contacto co ON cl.CONTACTO_ID = co.CONTACTO_ID
    LEFT JOIN domicilio dom ON cl.DOM_ID = dom.DOM_ID
    LEFT JOIN ciudad ci ON dom.CIUDAD_ID = ci.CIUDAD_ID
    LEFT JOIN provincia pr ON ci.PROVINCIA_ID = pr.PROVINCIA_ID   
17:26:46 - Exito - SELECT cl.CLIENTE_ID, cl.DOM_ID, cl.CONTACTO_ID, cl.CLIENTE_NOMBRE, cl.CLIENTE_APELLIDO, cl.CLIENTE_FECHAALTA, cl.CLIENTE_FECHABAJA, 
    co.CONTACTO_TEL1, co.CONTACTO_TEL2, co.CONTACTO_EMAIL, co.CONTACTO_EMAIL, co.CONTACTO_WEB, co.CONTACTO_INFO, 
    dom.DOM_CALLE, dom.DOM_ALTURA, dom.DOM_CP, ci.CIUDAD_NOMBRE, pr.PROVINCIA_NOMBRE, pr.PROVINCIA_ID ,ci.CIUDAD_ID
    FROM cliente cl
    LEFT JOIN contacto co ON cl.CONTACTO_ID = co.CONTACTO_ID
    LEFT JOIN domicilio dom ON cl.DOM_ID = dom.DOM_ID
    LEFT JOIN ciudad ci ON dom.CIUDAD_ID = ci.CIUDAD_ID
    LEFT JOIN provincia pr ON ci.PROVINCIA_ID = pr.PROVINCIA_ID 
    WHERE cl.CLIENTE_ID = 8 
17:28:27 - Exito - SELECT cl.CLIENTE_ID, cl.DOM_ID, cl.CONTACTO_ID, cl.CLIENTE_NOMBRE, cl.CLIENTE_APELLIDO, cl.CLIENTE_FECHAALTA, cl.CLIENTE_FECHABAJA, 
    co.CONTACTO_TEL1, co.CONTACTO_TEL2, co.CONTACTO_EMAIL, co.CONTACTO_EMAIL, co.CONTACTO_WEB, co.CONTACTO_INFO, 
    dom.DOM_CALLE, dom.DOM_ALTURA, dom.DOM_CP, ci.CIUDAD_NOMBRE, pr.PROVINCIA_NOMBRE
    FROM cliente cl
    LEFT JOIN contacto co ON cl.CONTACTO_ID = co.CONTACTO_ID
    LEFT JOIN domicilio dom ON cl.DOM_ID = dom.DOM_ID
    LEFT JOIN ciudad ci ON dom.CIUDAD_ID = ci.CIUDAD_ID
    LEFT JOIN provincia pr ON ci.PROVINCIA_ID = pr.PROVINCIA_ID   
17:28:27 - Exito - SELECT cl.CLIENTE_ID, cl.DOM_ID, cl.CONTACTO_ID, cl.CLIENTE_NOMBRE, cl.CLIENTE_APELLIDO, cl.CLIENTE_FECHAALTA, cl.CLIENTE_FECHABAJA, 
    co.CONTACTO_TEL1, co.CONTACTO_TEL2, co.CONTACTO_EMAIL, co.CONTACTO_EMAIL, co.CONTACTO_WEB, co.CONTACTO_INFO, 
    dom.DOM_CALLE, dom.DOM_ALTURA, dom.DOM_CP, ci.CIUDAD_NOMBRE, pr.PROVINCIA_NOMBRE, pr.PROVINCIA_ID ,ci.CIUDAD_ID
    FROM cliente cl
    LEFT JOIN contacto co ON cl.CONTACTO_ID = co.CONTACTO_ID
    LEFT JOIN domicilio dom ON cl.DOM_ID = dom.DOM_ID
    LEFT JOIN ciudad ci ON dom.CIUDAD_ID = ci.CIUDAD_ID
    LEFT JOIN provincia pr ON ci.PROVINCIA_ID = pr.PROVINCIA_ID 
    WHERE cl.CLIENTE_ID = 8 
17:29:25 - Exito - SELECT cl.CLIENTE_ID, cl.DOM_ID, cl.CONTACTO_ID, cl.CLIENTE_NOMBRE, cl.CLIENTE_APELLIDO, cl.CLIENTE_FECHAALTA, cl.CLIENTE_FECHABAJA, 
    co.CONTACTO_TEL1, co.CONTACTO_TEL2, co.CONTACTO_EMAIL, co.CONTACTO_EMAIL, co.CONTACTO_WEB, co.CONTACTO_INFO, 
    dom.DOM_CALLE, dom.DOM_ALTURA, dom.DOM_CP, ci.CIUDAD_NOMBRE, pr.PROVINCIA_NOMBRE
    FROM cliente cl
    LEFT JOIN contacto co ON cl.CONTACTO_ID = co.CONTACTO_ID
    LEFT JOIN domicilio dom ON cl.DOM_ID = dom.DOM_ID
    LEFT JOIN ciudad ci ON dom.CIUDAD_ID = ci.CIUDAD_ID
    LEFT JOIN provincia pr ON ci.PROVINCIA_ID = pr.PROVINCIA_ID   
17:29:25 - Exito - SELECT cl.CLIENTE_ID, cl.DOM_ID, cl.CONTACTO_ID, cl.CLIENTE_NOMBRE, cl.CLIENTE_APELLIDO, cl.CLIENTE_FECHAALTA, cl.CLIENTE_FECHABAJA, 
    co.CONTACTO_TEL1, co.CONTACTO_TEL2, co.CONTACTO_EMAIL, co.CONTACTO_EMAIL, co.CONTACTO_WEB, co.CONTACTO_INFO, 
    dom.DOM_CALLE, dom.DOM_ALTURA, dom.DOM_CP, ci.CIUDAD_NOMBRE, pr.PROVINCIA_NOMBRE, pr.PROVINCIA_ID ,ci.CIUDAD_ID
    FROM cliente cl
    LEFT JOIN contacto co ON cl.CONTACTO_ID = co.CONTACTO_ID
    LEFT JOIN domicilio dom ON cl.DOM_ID = dom.DOM_ID
    LEFT JOIN ciudad ci ON dom.CIUDAD_ID = ci.CIUDAD_ID
    LEFT JOIN provincia pr ON ci.PROVINCIA_ID = pr.PROVINCIA_ID 
    WHERE cl.CLIENTE_ID = 8 
17:30:19 - Exito - SELECT cl.CLIENTE_ID, cl.DOM_ID, cl.CONTACTO_ID, cl.CLIENTE_NOMBRE, cl.CLIENTE_APELLIDO, cl.CLIENTE_FECHAALTA, cl.CLIENTE_FECHABAJA, 
    co.CONTACTO_TEL1, co.CONTACTO_TEL2, co.CONTACTO_EMAIL, co.CONTACTO_EMAIL, co.CONTACTO_WEB, co.CONTACTO_INFO, 
    dom.DOM_CALLE, dom.DOM_ALTURA, dom.DOM_CP, ci.CIUDAD_NOMBRE, pr.PROVINCIA_NOMBRE
    FROM cliente cl
    LEFT JOIN contacto co ON cl.CONTACTO_ID = co.CONTACTO_ID
    LEFT JOIN domicilio dom ON cl.DOM_ID = dom.DOM_ID
    LEFT JOIN ciudad ci ON dom.CIUDAD_ID = ci.CIUDAD_ID
    LEFT JOIN provincia pr ON ci.PROVINCIA_ID = pr.PROVINCIA_ID   
17:30:19 - Exito - SELECT cl.CLIENTE_ID, cl.DOM_ID, cl.CONTACTO_ID, cl.CLIENTE_NOMBRE, cl.CLIENTE_APELLIDO, cl.CLIENTE_FECHAALTA, cl.CLIENTE_FECHABAJA, 
    co.CONTACTO_TEL1, co.CONTACTO_TEL2, co.CONTACTO_EMAIL, co.CONTACTO_EMAIL, co.CONTACTO_WEB, co.CONTACTO_INFO, 
    dom.DOM_CALLE, dom.DOM_ALTURA, dom.DOM_CP, ci.CIUDAD_NOMBRE, pr.PROVINCIA_NOMBRE, pr.PROVINCIA_ID ,ci.CIUDAD_ID
    FROM cliente cl
    LEFT JOIN contacto co ON cl.CONTACTO_ID = co.CONTACTO_ID
    LEFT JOIN domicilio dom ON cl.DOM_ID = dom.DOM_ID
    LEFT JOIN ciudad ci ON dom.CIUDAD_ID = ci.CIUDAD_ID
    LEFT JOIN provincia pr ON ci.PROVINCIA_ID = pr.PROVINCIA_ID 
    WHERE cl.CLIENTE_ID = 8 
17:32:20 - Exito - SELECT cl.CLIENTE_ID, cl.DOM_ID, cl.CONTACTO_ID, cl.CLIENTE_NOMBRE, cl.CLIENTE_APELLIDO, cl.CLIENTE_FECHAALTA, cl.CLIENTE_FECHABAJA, 
    co.CONTACTO_TEL1, co.CONTACTO_TEL2, co.CONTACTO_EMAIL, co.CONTACTO_EMAIL, co.CONTACTO_WEB, co.CONTACTO_INFO, 
    dom.DOM_CALLE, dom.DOM_ALTURA, dom.DOM_CP, ci.CIUDAD_NOMBRE, pr.PROVINCIA_NOMBRE
    FROM cliente cl
    LEFT JOIN contacto co ON cl.CONTACTO_ID = co.CONTACTO_ID
    LEFT JOIN domicilio dom ON cl.DOM_ID = dom.DOM_ID
    LEFT JOIN ciudad ci ON dom.CIUDAD_ID = ci.CIUDAD_ID
    LEFT JOIN provincia pr ON ci.PROVINCIA_ID = pr.PROVINCIA_ID   
17:32:20 - Exito - SELECT cl.CLIENTE_ID, cl.DOM_ID, cl.CONTACTO_ID, cl.CLIENTE_NOMBRE, cl.CLIENTE_APELLIDO, cl.CLIENTE_FECHAALTA, cl.CLIENTE_FECHABAJA, 
    co.CONTACTO_TEL1, co.CONTACTO_TEL2, co.CONTACTO_EMAIL, co.CONTACTO_EMAIL, co.CONTACTO_WEB, co.CONTACTO_INFO, 
    dom.DOM_CALLE, dom.DOM_ALTURA, dom.DOM_CP, ci.CIUDAD_NOMBRE, pr.PROVINCIA_NOMBRE, pr.PROVINCIA_ID ,ci.CIUDAD_ID
    FROM cliente cl
    LEFT JOIN contacto co ON cl.CONTACTO_ID = co.CONTACTO_ID
    LEFT JOIN domicilio dom ON cl.DOM_ID = dom.DOM_ID
    LEFT JOIN ciudad ci ON dom.CIUDAD_ID = ci.CIUDAD_ID
    LEFT JOIN provincia pr ON ci.PROVINCIA_ID = pr.PROVINCIA_ID 
    WHERE cl.CLIENTE_ID = 8 
17:33:43 - Exito - SELECT cl.CLIENTE_ID, cl.DOM_ID, cl.CONTACTO_ID, cl.CLIENTE_NOMBRE, cl.CLIENTE_APELLIDO, cl.CLIENTE_FECHAALTA, cl.CLIENTE_FECHABAJA, 
    co.CONTACTO_TEL1, co.CONTACTO_TEL2, co.CONTACTO_EMAIL, co.CONTACTO_EMAIL, co.CONTACTO_WEB, co.CONTACTO_INFO, 
    dom.DOM_CALLE, dom.DOM_ALTURA, dom.DOM_CP, ci.CIUDAD_NOMBRE, pr.PROVINCIA_NOMBRE
    FROM cliente cl
    LEFT JOIN contacto co ON cl.CONTACTO_ID = co.CONTACTO_ID
    LEFT JOIN domicilio dom ON cl.DOM_ID = dom.DOM_ID
    LEFT JOIN ciudad ci ON dom.CIUDAD_ID = ci.CIUDAD_ID
    LEFT JOIN provincia pr ON ci.PROVINCIA_ID = pr.PROVINCIA_ID   
17:33:43 - Exito - SELECT cl.CLIENTE_ID, cl.DOM_ID, cl.CONTACTO_ID, cl.CLIENTE_NOMBRE, cl.CLIENTE_APELLIDO, cl.CLIENTE_FECHAALTA, cl.CLIENTE_FECHABAJA, 
    co.CONTACTO_TEL1, co.CONTACTO_TEL2, co.CONTACTO_EMAIL, co.CONTACTO_EMAIL, co.CONTACTO_WEB, co.CONTACTO_INFO, 
    dom.DOM_CALLE, dom.DOM_ALTURA, dom.DOM_CP, ci.CIUDAD_NOMBRE, pr.PROVINCIA_NOMBRE, pr.PROVINCIA_ID ,ci.CIUDAD_ID
    FROM cliente cl
    LEFT JOIN contacto co ON cl.CONTACTO_ID = co.CONTACTO_ID
    LEFT JOIN domicilio dom ON cl.DOM_ID = dom.DOM_ID
    LEFT JOIN ciudad ci ON dom.CIUDAD_ID = ci.CIUDAD_ID
    LEFT JOIN provincia pr ON ci.PROVINCIA_ID = pr.PROVINCIA_ID 
    WHERE cl.CLIENTE_ID = 8 
17:34:20 - Exito - SELECT cl.CLIENTE_ID, cl.DOM_ID, cl.CONTACTO_ID, cl.CLIENTE_NOMBRE, cl.CLIENTE_APELLIDO, cl.CLIENTE_FECHAALTA, cl.CLIENTE_FECHABAJA, 
    co.CONTACTO_TEL1, co.CONTACTO_TEL2, co.CONTACTO_EMAIL, co.CONTACTO_EMAIL, co.CONTACTO_WEB, co.CONTACTO_INFO, 
    dom.DOM_CALLE, dom.DOM_ALTURA, dom.DOM_CP, ci.CIUDAD_NOMBRE, pr.PROVINCIA_NOMBRE
    FROM cliente cl
    LEFT JOIN contacto co ON cl.CONTACTO_ID = co.CONTACTO_ID
    LEFT JOIN domicilio dom ON cl.DOM_ID = dom.DOM_ID
    LEFT JOIN ciudad ci ON dom.CIUDAD_ID = ci.CIUDAD_ID
    LEFT JOIN provincia pr ON ci.PROVINCIA_ID = pr.PROVINCIA_ID   
17:34:20 - Exito - SELECT cl.CLIENTE_ID, cl.DOM_ID, cl.CONTACTO_ID, cl.CLIENTE_NOMBRE, cl.CLIENTE_APELLIDO, cl.CLIENTE_FECHAALTA, cl.CLIENTE_FECHABAJA, 
    co.CONTACTO_TEL1, co.CONTACTO_TEL2, co.CONTACTO_EMAIL, co.CONTACTO_EMAIL, co.CONTACTO_WEB, co.CONTACTO_INFO, 
    dom.DOM_CALLE, dom.DOM_ALTURA, dom.DOM_CP, ci.CIUDAD_NOMBRE, pr.PROVINCIA_NOMBRE, pr.PROVINCIA_ID ,ci.CIUDAD_ID
    FROM cliente cl
    LEFT JOIN contacto co ON cl.CONTACTO_ID = co.CONTACTO_ID
    LEFT JOIN domicilio dom ON cl.DOM_ID = dom.DOM_ID
    LEFT JOIN ciudad ci ON dom.CIUDAD_ID = ci.CIUDAD_ID
    LEFT JOIN provincia pr ON ci.PROVINCIA_ID = pr.PROVINCIA_ID 
    WHERE cl.CLIENTE_ID = 8 
17:34:42 - Exito - SELECT cl.CLIENTE_ID, cl.DOM_ID, cl.CONTACTO_ID, cl.CLIENTE_NOMBRE, cl.CLIENTE_APELLIDO, cl.CLIENTE_FECHAALTA, cl.CLIENTE_FECHABAJA, 
    co.CONTACTO_TEL1, co.CONTACTO_TEL2, co.CONTACTO_EMAIL, co.CONTACTO_EMAIL, co.CONTACTO_WEB, co.CONTACTO_INFO, 
    dom.DOM_CALLE, dom.DOM_ALTURA, dom.DOM_CP, ci.CIUDAD_NOMBRE, pr.PROVINCIA_NOMBRE
    FROM cliente cl
    LEFT JOIN contacto co ON cl.CONTACTO_ID = co.CONTACTO_ID
    LEFT JOIN domicilio dom ON cl.DOM_ID = dom.DOM_ID
    LEFT JOIN ciudad ci ON dom.CIUDAD_ID = ci.CIUDAD_ID
    LEFT JOIN provincia pr ON ci.PROVINCIA_ID = pr.PROVINCIA_ID   
17:34:42 - Exito - SELECT cl.CLIENTE_ID, cl.DOM_ID, cl.CONTACTO_ID, cl.CLIENTE_NOMBRE, cl.CLIENTE_APELLIDO, cl.CLIENTE_FECHAALTA, cl.CLIENTE_FECHABAJA, 
    co.CONTACTO_TEL1, co.CONTACTO_TEL2, co.CONTACTO_EMAIL, co.CONTACTO_EMAIL, co.CONTACTO_WEB, co.CONTACTO_INFO, 
    dom.DOM_CALLE, dom.DOM_ALTURA, dom.DOM_CP, ci.CIUDAD_NOMBRE, pr.PROVINCIA_NOMBRE, pr.PROVINCIA_ID ,ci.CIUDAD_ID
    FROM cliente cl
    LEFT JOIN contacto co ON cl.CONTACTO_ID = co.CONTACTO_ID
    LEFT JOIN domicilio dom ON cl.DOM_ID = dom.DOM_ID
    LEFT JOIN ciudad ci ON dom.CIUDAD_ID = ci.CIUDAD_ID
    LEFT JOIN provincia pr ON ci.PROVINCIA_ID = pr.PROVINCIA_ID 
    WHERE cl.CLIENTE_ID = 8 
17:36:11 - Exito - SELECT cl.CLIENTE_ID, cl.DOM_ID, cl.CONTACTO_ID, cl.CLIENTE_NOMBRE, cl.CLIENTE_APELLIDO, cl.CLIENTE_FECHAALTA, cl.CLIENTE_FECHABAJA, 
    co.CONTACTO_TEL1, co.CONTACTO_TEL2, co.CONTACTO_EMAIL, co.CONTACTO_EMAIL, co.CONTACTO_WEB, co.CONTACTO_INFO, 
    dom.DOM_CALLE, dom.DOM_ALTURA, dom.DOM_CP, ci.CIUDAD_NOMBRE, pr.PROVINCIA_NOMBRE
    FROM cliente cl
    LEFT JOIN contacto co ON cl.CONTACTO_ID = co.CONTACTO_ID
    LEFT JOIN domicilio dom ON cl.DOM_ID = dom.DOM_ID
    LEFT JOIN ciudad ci ON dom.CIUDAD_ID = ci.CIUDAD_ID
    LEFT JOIN provincia pr ON ci.PROVINCIA_ID = pr.PROVINCIA_ID   
17:36:11 - Exito - SELECT cl.CLIENTE_ID, cl.DOM_ID, cl.CONTACTO_ID, cl.CLIENTE_NOMBRE, cl.CLIENTE_APELLIDO, cl.CLIENTE_FECHAALTA, cl.CLIENTE_FECHABAJA, 
    co.CONTACTO_TEL1, co.CONTACTO_TEL2, co.CONTACTO_EMAIL, co.CONTACTO_EMAIL, co.CONTACTO_WEB, co.CONTACTO_INFO, 
    dom.DOM_CALLE, dom.DOM_ALTURA, dom.DOM_CP, ci.CIUDAD_NOMBRE, pr.PROVINCIA_NOMBRE, pr.PROVINCIA_ID ,ci.CIUDAD_ID
    FROM cliente cl
    LEFT JOIN contacto co ON cl.CONTACTO_ID = co.CONTACTO_ID
    LEFT JOIN domicilio dom ON cl.DOM_ID = dom.DOM_ID
    LEFT JOIN ciudad ci ON dom.CIUDAD_ID = ci.CIUDAD_ID
    LEFT JOIN provincia pr ON ci.PROVINCIA_ID = pr.PROVINCIA_ID 
    WHERE cl.CLIENTE_ID = 8 
17:39:06 - Exito - SELECT cl.CLIENTE_ID, cl.DOM_ID, cl.CONTACTO_ID, cl.CLIENTE_NOMBRE, cl.CLIENTE_APELLIDO, cl.CLIENTE_FECHAALTA, cl.CLIENTE_FECHABAJA, 
    co.CONTACTO_TEL1, co.CONTACTO_TEL2, co.CONTACTO_EMAIL, co.CONTACTO_EMAIL, co.CONTACTO_WEB, co.CONTACTO_INFO, 
    dom.DOM_CALLE, dom.DOM_ALTURA, dom.DOM_CP, ci.CIUDAD_NOMBRE, pr.PROVINCIA_NOMBRE
    FROM cliente cl
    LEFT JOIN contacto co ON cl.CONTACTO_ID = co.CONTACTO_ID
    LEFT JOIN domicilio dom ON cl.DOM_ID = dom.DOM_ID
    LEFT JOIN ciudad ci ON dom.CIUDAD_ID = ci.CIUDAD_ID
    LEFT JOIN provincia pr ON ci.PROVINCIA_ID = pr.PROVINCIA_ID   
17:39:06 - Exito - SELECT cl.CLIENTE_ID, cl.DOM_ID, cl.CONTACTO_ID, cl.CLIENTE_NOMBRE, cl.CLIENTE_APELLIDO, cl.CLIENTE_FECHAALTA, cl.CLIENTE_FECHABAJA, 
    co.CONTACTO_TEL1, co.CONTACTO_TEL2, co.CONTACTO_EMAIL, co.CONTACTO_EMAIL, co.CONTACTO_WEB, co.CONTACTO_INFO, 
    dom.DOM_CALLE, dom.DOM_ALTURA, dom.DOM_CP, ci.CIUDAD_NOMBRE, pr.PROVINCIA_NOMBRE, pr.PROVINCIA_ID ,ci.CIUDAD_ID
    FROM cliente cl
    LEFT JOIN contacto co ON cl.CONTACTO_ID = co.CONTACTO_ID
    LEFT JOIN domicilio dom ON cl.DOM_ID = dom.DOM_ID
    LEFT JOIN ciudad ci ON dom.CIUDAD_ID = ci.CIUDAD_ID
    LEFT JOIN provincia pr ON ci.PROVINCIA_ID = pr.PROVINCIA_ID 
    WHERE cl.CLIENTE_ID = 8 
17:39:38 - Exito - SELECT cl.CLIENTE_ID, cl.DOM_ID, cl.CONTACTO_ID, cl.CLIENTE_NOMBRE, cl.CLIENTE_APELLIDO, cl.CLIENTE_FECHAALTA, cl.CLIENTE_FECHABAJA, 
    co.CONTACTO_TEL1, co.CONTACTO_TEL2, co.CONTACTO_EMAIL, co.CONTACTO_EMAIL, co.CONTACTO_WEB, co.CONTACTO_INFO, 
    dom.DOM_CALLE, dom.DOM_ALTURA, dom.DOM_CP, ci.CIUDAD_NOMBRE, pr.PROVINCIA_NOMBRE
    FROM cliente cl
    LEFT JOIN contacto co ON cl.CONTACTO_ID = co.CONTACTO_ID
    LEFT JOIN domicilio dom ON cl.DOM_ID = dom.DOM_ID
    LEFT JOIN ciudad ci ON dom.CIUDAD_ID = ci.CIUDAD_ID
    LEFT JOIN provincia pr ON ci.PROVINCIA_ID = pr.PROVINCIA_ID   
17:39:38 - Exito - SELECT cl.CLIENTE_ID, cl.DOM_ID, cl.CONTACTO_ID, cl.CLIENTE_NOMBRE, cl.CLIENTE_APELLIDO, cl.CLIENTE_FECHAALTA, cl.CLIENTE_FECHABAJA, 
    co.CONTACTO_TEL1, co.CONTACTO_TEL2, co.CONTACTO_EMAIL, co.CONTACTO_EMAIL, co.CONTACTO_WEB, co.CONTACTO_INFO, 
    dom.DOM_CALLE, dom.DOM_ALTURA, dom.DOM_CP, ci.CIUDAD_NOMBRE, pr.PROVINCIA_NOMBRE, pr.PROVINCIA_ID ,ci.CIUDAD_ID
    FROM cliente cl
    LEFT JOIN contacto co ON cl.CONTACTO_ID = co.CONTACTO_ID
    LEFT JOIN domicilio dom ON cl.DOM_ID = dom.DOM_ID
    LEFT JOIN ciudad ci ON dom.CIUDAD_ID = ci.CIUDAD_ID
    LEFT JOIN provincia pr ON ci.PROVINCIA_ID = pr.PROVINCIA_ID 
    WHERE cl.CLIENTE_ID = 8 
17:41:48 - Exito - SELECT cl.CLIENTE_ID, cl.DOM_ID, cl.CONTACTO_ID, cl.CLIENTE_NOMBRE, cl.CLIENTE_APELLIDO, cl.CLIENTE_FECHAALTA, cl.CLIENTE_FECHABAJA, 
    co.CONTACTO_TEL1, co.CONTACTO_TEL2, co.CONTACTO_EMAIL, co.CONTACTO_EMAIL, co.CONTACTO_WEB, co.CONTACTO_INFO, 
    dom.DOM_CALLE, dom.DOM_ALTURA, dom.DOM_CP, ci.CIUDAD_NOMBRE, pr.PROVINCIA_NOMBRE
    FROM cliente cl
    LEFT JOIN contacto co ON cl.CONTACTO_ID = co.CONTACTO_ID
    LEFT JOIN domicilio dom ON cl.DOM_ID = dom.DOM_ID
    LEFT JOIN ciudad ci ON dom.CIUDAD_ID = ci.CIUDAD_ID
    LEFT JOIN provincia pr ON ci.PROVINCIA_ID = pr.PROVINCIA_ID   
17:41:48 - Exito - SELECT cl.CLIENTE_ID, cl.DOM_ID, cl.CONTACTO_ID, cl.CLIENTE_NOMBRE, cl.CLIENTE_APELLIDO, cl.CLIENTE_FECHAALTA, cl.CLIENTE_FECHABAJA, 
    co.CONTACTO_TEL1, co.CONTACTO_TEL2, co.CONTACTO_EMAIL, co.CONTACTO_EMAIL, co.CONTACTO_WEB, co.CONTACTO_INFO, 
    dom.DOM_CALLE, dom.DOM_ALTURA, dom.DOM_CP, ci.CIUDAD_NOMBRE, pr.PROVINCIA_NOMBRE, pr.PROVINCIA_ID ,ci.CIUDAD_ID
    FROM cliente cl
    LEFT JOIN contacto co ON cl.CONTACTO_ID = co.CONTACTO_ID
    LEFT JOIN domicilio dom ON cl.DOM_ID = dom.DOM_ID
    LEFT JOIN ciudad ci ON dom.CIUDAD_ID = ci.CIUDAD_ID
    LEFT JOIN provincia pr ON ci.PROVINCIA_ID = pr.PROVINCIA_ID 
    WHERE cl.CLIENTE_ID = 8 
17:52:49 - Exito - SELECT cl.CLIENTE_ID, cl.DOM_ID, cl.CONTACTO_ID, cl.CLIENTE_NOMBRE, cl.CLIENTE_APELLIDO, cl.CLIENTE_FECHAALTA, cl.CLIENTE_FECHABAJA, 
    co.CONTACTO_TEL1, co.CONTACTO_TEL2, co.CONTACTO_EMAIL, co.CONTACTO_EMAIL, co.CONTACTO_WEB, co.CONTACTO_INFO, 
    dom.DOM_CALLE, dom.DOM_ALTURA, dom.DOM_CP, ci.CIUDAD_NOMBRE, pr.PROVINCIA_NOMBRE
    FROM cliente cl
    LEFT JOIN contacto co ON cl.CONTACTO_ID = co.CONTACTO_ID
    LEFT JOIN domicilio dom ON cl.DOM_ID = dom.DOM_ID
    LEFT JOIN ciudad ci ON dom.CIUDAD_ID = ci.CIUDAD_ID
    LEFT JOIN provincia pr ON ci.PROVINCIA_ID = pr.PROVINCIA_ID   
17:52:49 - Exito - SELECT cl.CLIENTE_ID, cl.DOM_ID, cl.CONTACTO_ID, cl.CLIENTE_NOMBRE, cl.CLIENTE_APELLIDO, cl.CLIENTE_FECHAALTA, cl.CLIENTE_FECHABAJA, 
    co.CONTACTO_TEL1, co.CONTACTO_TEL2, co.CONTACTO_EMAIL, co.CONTACTO_EMAIL, co.CONTACTO_WEB, co.CONTACTO_INFO, 
    dom.DOM_CALLE, dom.DOM_ALTURA, dom.DOM_CP, ci.CIUDAD_NOMBRE, pr.PROVINCIA_NOMBRE, pr.PROVINCIA_ID ,ci.CIUDAD_ID
    FROM cliente cl
    LEFT JOIN contacto co ON cl.CONTACTO_ID = co.CONTACTO_ID
    LEFT JOIN domicilio dom ON cl.DOM_ID = dom.DOM_ID
    LEFT JOIN ciudad ci ON dom.CIUDAD_ID = ci.CIUDAD_ID
    LEFT JOIN provincia pr ON ci.PROVINCIA_ID = pr.PROVINCIA_ID 
    WHERE cl.CLIENTE_ID = 8 
17:54:29 - Exito - SELECT cl.CLIENTE_ID, cl.DOM_ID, cl.CONTACTO_ID, cl.CLIENTE_NOMBRE, cl.CLIENTE_APELLIDO, cl.CLIENTE_FECHAALTA, cl.CLIENTE_FECHABAJA, 
    co.CONTACTO_TEL1, co.CONTACTO_TEL2, co.CONTACTO_EMAIL, co.CONTACTO_EMAIL, co.CONTACTO_WEB, co.CONTACTO_INFO, 
    dom.DOM_CALLE, dom.DOM_ALTURA, dom.DOM_CP, ci.CIUDAD_NOMBRE, pr.PROVINCIA_NOMBRE
    FROM cliente cl
    LEFT JOIN contacto co ON cl.CONTACTO_ID = co.CONTACTO_ID
    LEFT JOIN domicilio dom ON cl.DOM_ID = dom.DOM_ID
    LEFT JOIN ciudad ci ON dom.CIUDAD_ID = ci.CIUDAD_ID
    LEFT JOIN provincia pr ON ci.PROVINCIA_ID = pr.PROVINCIA_ID   
17:54:29 - Exito - SELECT cl.CLIENTE_ID, cl.DOM_ID, cl.CONTACTO_ID, cl.CLIENTE_NOMBRE, cl.CLIENTE_APELLIDO, cl.CLIENTE_FECHAALTA, cl.CLIENTE_FECHABAJA, 
    co.CONTACTO_TEL1, co.CONTACTO_TEL2, co.CONTACTO_EMAIL, co.CONTACTO_EMAIL, co.CONTACTO_WEB, co.CONTACTO_INFO, 
    dom.DOM_CALLE, dom.DOM_ALTURA, dom.DOM_CP, ci.CIUDAD_NOMBRE, pr.PROVINCIA_NOMBRE, pr.PROVINCIA_ID ,ci.CIUDAD_ID
    FROM cliente cl
    LEFT JOIN contacto co ON cl.CONTACTO_ID = co.CONTACTO_ID
    LEFT JOIN domicilio dom ON cl.DOM_ID = dom.DOM_ID
    LEFT JOIN ciudad ci ON dom.CIUDAD_ID = ci.CIUDAD_ID
    LEFT JOIN provincia pr ON ci.PROVINCIA_ID = pr.PROVINCIA_ID 
    WHERE cl.CLIENTE_ID = 8 
17:56:08 - Exito - SELECT cl.CLIENTE_ID, cl.DOM_ID, cl.CONTACTO_ID, cl.CLIENTE_NOMBRE, cl.CLIENTE_APELLIDO, cl.CLIENTE_FECHAALTA, cl.CLIENTE_FECHABAJA, 
    co.CONTACTO_TEL1, co.CONTACTO_TEL2, co.CONTACTO_EMAIL, co.CONTACTO_EMAIL, co.CONTACTO_WEB, co.CONTACTO_INFO, 
    dom.DOM_CALLE, dom.DOM_ALTURA, dom.DOM_CP, ci.CIUDAD_NOMBRE, pr.PROVINCIA_NOMBRE
    FROM cliente cl
    LEFT JOIN contacto co ON cl.CONTACTO_ID = co.CONTACTO_ID
    LEFT JOIN domicilio dom ON cl.DOM_ID = dom.DOM_ID
    LEFT JOIN ciudad ci ON dom.CIUDAD_ID = ci.CIUDAD_ID
    LEFT JOIN provincia pr ON ci.PROVINCIA_ID = pr.PROVINCIA_ID   
17:56:08 - Exito - SELECT cl.CLIENTE_ID, cl.DOM_ID, cl.CONTACTO_ID, cl.CLIENTE_NOMBRE, cl.CLIENTE_APELLIDO, cl.CLIENTE_FECHAALTA, cl.CLIENTE_FECHABAJA, 
    co.CONTACTO_TEL1, co.CONTACTO_TEL2, co.CONTACTO_EMAIL, co.CONTACTO_EMAIL, co.CONTACTO_WEB, co.CONTACTO_INFO, 
    dom.DOM_CALLE, dom.DOM_ALTURA, dom.DOM_CP, ci.CIUDAD_NOMBRE, pr.PROVINCIA_NOMBRE, pr.PROVINCIA_ID ,ci.CIUDAD_ID
    FROM cliente cl
    LEFT JOIN contacto co ON cl.CONTACTO_ID = co.CONTACTO_ID
    LEFT JOIN domicilio dom ON cl.DOM_ID = dom.DOM_ID
    LEFT JOIN ciudad ci ON dom.CIUDAD_ID = ci.CIUDAD_ID
    LEFT JOIN provincia pr ON ci.PROVINCIA_ID = pr.PROVINCIA_ID 
    WHERE cl.CLIENTE_ID = 8 
17:57:28 - Exito - SELECT cl.CLIENTE_ID, cl.DOM_ID, cl.CONTACTO_ID, cl.CLIENTE_NOMBRE, cl.CLIENTE_APELLIDO, cl.CLIENTE_FECHAALTA, cl.CLIENTE_FECHABAJA, 
    co.CONTACTO_TEL1, co.CONTACTO_TEL2, co.CONTACTO_EMAIL, co.CONTACTO_EMAIL, co.CONTACTO_WEB, co.CONTACTO_INFO, 
    dom.DOM_CALLE, dom.DOM_ALTURA, dom.DOM_CP, ci.CIUDAD_NOMBRE, pr.PROVINCIA_NOMBRE
    FROM cliente cl
    LEFT JOIN contacto co ON cl.CONTACTO_ID = co.CONTACTO_ID
    LEFT JOIN domicilio dom ON cl.DOM_ID = dom.DOM_ID
    LEFT JOIN ciudad ci ON dom.CIUDAD_ID = ci.CIUDAD_ID
    LEFT JOIN provincia pr ON ci.PROVINCIA_ID = pr.PROVINCIA_ID   
17:57:28 - Exito - SELECT cl.CLIENTE_ID, cl.DOM_ID, cl.CONTACTO_ID, cl.CLIENTE_NOMBRE, cl.CLIENTE_APELLIDO, cl.CLIENTE_FECHAALTA, cl.CLIENTE_FECHABAJA, 
    co.CONTACTO_TEL1, co.CONTACTO_TEL2, co.CONTACTO_EMAIL, co.CONTACTO_EMAIL, co.CONTACTO_WEB, co.CONTACTO_INFO, 
    dom.DOM_CALLE, dom.DOM_ALTURA, dom.DOM_CP, ci.CIUDAD_NOMBRE, pr.PROVINCIA_NOMBRE, pr.PROVINCIA_ID ,ci.CIUDAD_ID
    FROM cliente cl
    LEFT JOIN contacto co ON cl.CONTACTO_ID = co.CONTACTO_ID
    LEFT JOIN domicilio dom ON cl.DOM_ID = dom.DOM_ID
    LEFT JOIN ciudad ci ON dom.CIUDAD_ID = ci.CIUDAD_ID
    LEFT JOIN provincia pr ON ci.PROVINCIA_ID = pr.PROVINCIA_ID 
    WHERE cl.CLIENTE_ID = 8 
17:58:05 - Exito - SELECT cl.CLIENTE_ID, cl.DOM_ID, cl.CONTACTO_ID, cl.CLIENTE_NOMBRE, cl.CLIENTE_APELLIDO, cl.CLIENTE_FECHAALTA, cl.CLIENTE_FECHABAJA, 
    co.CONTACTO_TEL1, co.CONTACTO_TEL2, co.CONTACTO_EMAIL, co.CONTACTO_EMAIL, co.CONTACTO_WEB, co.CONTACTO_INFO, 
    dom.DOM_CALLE, dom.DOM_ALTURA, dom.DOM_CP, ci.CIUDAD_NOMBRE, pr.PROVINCIA_NOMBRE
    FROM cliente cl
    LEFT JOIN contacto co ON cl.CONTACTO_ID = co.CONTACTO_ID
    LEFT JOIN domicilio dom ON cl.DOM_ID = dom.DOM_ID
    LEFT JOIN ciudad ci ON dom.CIUDAD_ID = ci.CIUDAD_ID
    LEFT JOIN provincia pr ON ci.PROVINCIA_ID = pr.PROVINCIA_ID   
17:58:05 - Exito - SELECT cl.CLIENTE_ID, cl.DOM_ID, cl.CONTACTO_ID, cl.CLIENTE_NOMBRE, cl.CLIENTE_APELLIDO, cl.CLIENTE_FECHAALTA, cl.CLIENTE_FECHABAJA, 
    co.CONTACTO_TEL1, co.CONTACTO_TEL2, co.CONTACTO_EMAIL, co.CONTACTO_EMAIL, co.CONTACTO_WEB, co.CONTACTO_INFO, 
    dom.DOM_CALLE, dom.DOM_ALTURA, dom.DOM_CP, ci.CIUDAD_NOMBRE, pr.PROVINCIA_NOMBRE, pr.PROVINCIA_ID ,ci.CIUDAD_ID
    FROM cliente cl
    LEFT JOIN contacto co ON cl.CONTACTO_ID = co.CONTACTO_ID
    LEFT JOIN domicilio dom ON cl.DOM_ID = dom.DOM_ID
    LEFT JOIN ciudad ci ON dom.CIUDAD_ID = ci.CIUDAD_ID
    LEFT JOIN provincia pr ON ci.PROVINCIA_ID = pr.PROVINCIA_ID 
    WHERE cl.CLIENTE_ID = 8 
18:01:35 - Exito - SELECT cl.CLIENTE_ID, cl.DOM_ID, cl.CONTACTO_ID, cl.CLIENTE_NOMBRE, cl.CLIENTE_APELLIDO, cl.CLIENTE_FECHAALTA, cl.CLIENTE_FECHABAJA, 
    co.CONTACTO_TEL1, co.CONTACTO_TEL2, co.CONTACTO_EMAIL, co.CONTACTO_EMAIL, co.CONTACTO_WEB, co.CONTACTO_INFO, 
    dom.DOM_CALLE, dom.DOM_ALTURA, dom.DOM_CP, ci.CIUDAD_NOMBRE, pr.PROVINCIA_NOMBRE
    FROM cliente cl
    LEFT JOIN contacto co ON cl.CONTACTO_ID = co.CONTACTO_ID
    LEFT JOIN domicilio dom ON cl.DOM_ID = dom.DOM_ID
    LEFT JOIN ciudad ci ON dom.CIUDAD_ID = ci.CIUDAD_ID
    LEFT JOIN provincia pr ON ci.PROVINCIA_ID = pr.PROVINCIA_ID   
18:01:35 - Exito - SELECT cl.CLIENTE_ID, cl.DOM_ID, cl.CONTACTO_ID, cl.CLIENTE_NOMBRE, cl.CLIENTE_APELLIDO, cl.CLIENTE_FECHAALTA, cl.CLIENTE_FECHABAJA, 
    co.CONTACTO_TEL1, co.CONTACTO_TEL2, co.CONTACTO_EMAIL, co.CONTACTO_EMAIL, co.CONTACTO_WEB, co.CONTACTO_INFO, 
    dom.DOM_CALLE, dom.DOM_ALTURA, dom.DOM_CP, ci.CIUDAD_NOMBRE, pr.PROVINCIA_NOMBRE, pr.PROVINCIA_ID ,ci.CIUDAD_ID
    FROM cliente cl
    LEFT JOIN contacto co ON cl.CONTACTO_ID = co.CONTACTO_ID
    LEFT JOIN domicilio dom ON cl.DOM_ID = dom.DOM_ID
    LEFT JOIN ciudad ci ON dom.CIUDAD_ID = ci.CIUDAD_ID
    LEFT JOIN provincia pr ON ci.PROVINCIA_ID = pr.PROVINCIA_ID 
    WHERE cl.CLIENTE_ID = 8 
18:03:17 - Exito - SELECT cl.CLIENTE_ID, cl.DOM_ID, cl.CONTACTO_ID, cl.CLIENTE_NOMBRE, cl.CLIENTE_APELLIDO, cl.CLIENTE_FECHAALTA, cl.CLIENTE_FECHABAJA, 
    co.CONTACTO_TEL1, co.CONTACTO_TEL2, co.CONTACTO_EMAIL, co.CONTACTO_EMAIL, co.CONTACTO_WEB, co.CONTACTO_INFO, 
    dom.DOM_CALLE, dom.DOM_ALTURA, dom.DOM_CP, ci.CIUDAD_NOMBRE, pr.PROVINCIA_NOMBRE
    FROM cliente cl
    LEFT JOIN contacto co ON cl.CONTACTO_ID = co.CONTACTO_ID
    LEFT JOIN domicilio dom ON cl.DOM_ID = dom.DOM_ID
    LEFT JOIN ciudad ci ON dom.CIUDAD_ID = ci.CIUDAD_ID
    LEFT JOIN provincia pr ON ci.PROVINCIA_ID = pr.PROVINCIA_ID   
18:03:17 - Exito - SELECT cl.CLIENTE_ID, cl.DOM_ID, cl.CONTACTO_ID, cl.CLIENTE_NOMBRE, cl.CLIENTE_APELLIDO, cl.CLIENTE_FECHAALTA, cl.CLIENTE_FECHABAJA, 
    co.CONTACTO_TEL1, co.CONTACTO_TEL2, co.CONTACTO_EMAIL, co.CONTACTO_EMAIL, co.CONTACTO_WEB, co.CONTACTO_INFO, 
    dom.DOM_CALLE, dom.DOM_ALTURA, dom.DOM_CP, ci.CIUDAD_NOMBRE, pr.PROVINCIA_NOMBRE, pr.PROVINCIA_ID ,ci.CIUDAD_ID
    FROM cliente cl
    LEFT JOIN contacto co ON cl.CONTACTO_ID = co.CONTACTO_ID
    LEFT JOIN domicilio dom ON cl.DOM_ID = dom.DOM_ID
    LEFT JOIN ciudad ci ON dom.CIUDAD_ID = ci.CIUDAD_ID
    LEFT JOIN provincia pr ON ci.PROVINCIA_ID = pr.PROVINCIA_ID 
    WHERE cl.CLIENTE_ID = 8 
18:04:14 - Exito - SELECT cl.CLIENTE_ID, cl.DOM_ID, cl.CONTACTO_ID, cl.CLIENTE_NOMBRE, cl.CLIENTE_APELLIDO, cl.CLIENTE_FECHAALTA, cl.CLIENTE_FECHABAJA, 
    co.CONTACTO_TEL1, co.CONTACTO_TEL2, co.CONTACTO_EMAIL, co.CONTACTO_EMAIL, co.CONTACTO_WEB, co.CONTACTO_INFO, 
    dom.DOM_CALLE, dom.DOM_ALTURA, dom.DOM_CP, ci.CIUDAD_NOMBRE, pr.PROVINCIA_NOMBRE
    FROM cliente cl
    LEFT JOIN contacto co ON cl.CONTACTO_ID = co.CONTACTO_ID
    LEFT JOIN domicilio dom ON cl.DOM_ID = dom.DOM_ID
    LEFT JOIN ciudad ci ON dom.CIUDAD_ID = ci.CIUDAD_ID
    LEFT JOIN provincia pr ON ci.PROVINCIA_ID = pr.PROVINCIA_ID   
18:04:14 - Exito - SELECT cl.CLIENTE_ID, cl.DOM_ID, cl.CONTACTO_ID, cl.CLIENTE_NOMBRE, cl.CLIENTE_APELLIDO, cl.CLIENTE_FECHAALTA, cl.CLIENTE_FECHABAJA, 
    co.CONTACTO_TEL1, co.CONTACTO_TEL2, co.CONTACTO_EMAIL, co.CONTACTO_EMAIL, co.CONTACTO_WEB, co.CONTACTO_INFO, 
    dom.DOM_CALLE, dom.DOM_ALTURA, dom.DOM_CP, ci.CIUDAD_NOMBRE, pr.PROVINCIA_NOMBRE, pr.PROVINCIA_ID ,ci.CIUDAD_ID
    FROM cliente cl
    LEFT JOIN contacto co ON cl.CONTACTO_ID = co.CONTACTO_ID
    LEFT JOIN domicilio dom ON cl.DOM_ID = dom.DOM_ID
    LEFT JOIN ciudad ci ON dom.CIUDAD_ID = ci.CIUDAD_ID
    LEFT JOIN provincia pr ON ci.PROVINCIA_ID = pr.PROVINCIA_ID 
    WHERE cl.CLIENTE_ID = 8 
18:10:38 - Exito - SELECT cl.CLIENTE_ID, cl.DOM_ID, cl.CONTACTO_ID, cl.CLIENTE_NOMBRE, cl.CLIENTE_APELLIDO, cl.CLIENTE_FECHAALTA, cl.CLIENTE_FECHABAJA, 
    co.CONTACTO_TEL1, co.CONTACTO_TEL2, co.CONTACTO_EMAIL, co.CONTACTO_EMAIL, co.CONTACTO_WEB, co.CONTACTO_INFO, 
    dom.DOM_CALLE, dom.DOM_ALTURA, dom.DOM_CP, ci.CIUDAD_NOMBRE, pr.PROVINCIA_NOMBRE
    FROM cliente cl
    LEFT JOIN contacto co ON cl.CONTACTO_ID = co.CONTACTO_ID
    LEFT JOIN domicilio dom ON cl.DOM_ID = dom.DOM_ID
    LEFT JOIN ciudad ci ON dom.CIUDAD_ID = ci.CIUDAD_ID
    LEFT JOIN provincia pr ON ci.PROVINCIA_ID = pr.PROVINCIA_ID   
18:10:38 - Exito - SELECT cl.CLIENTE_ID, cl.DOM_ID, cl.CONTACTO_ID, cl.CLIENTE_NOMBRE, cl.CLIENTE_APELLIDO, cl.CLIENTE_FECHAALTA, cl.CLIENTE_FECHABAJA, 
    co.CONTACTO_TEL1, co.CONTACTO_TEL2, co.CONTACTO_EMAIL, co.CONTACTO_EMAIL, co.CONTACTO_WEB, co.CONTACTO_INFO, 
    dom.DOM_CALLE, dom.DOM_ALTURA, dom.DOM_CP, ci.CIUDAD_NOMBRE, pr.PROVINCIA_NOMBRE, pr.PROVINCIA_ID ,ci.CIUDAD_ID
    FROM cliente cl
    LEFT JOIN contacto co ON cl.CONTACTO_ID = co.CONTACTO_ID
    LEFT JOIN domicilio dom ON cl.DOM_ID = dom.DOM_ID
    LEFT JOIN ciudad ci ON dom.CIUDAD_ID = ci.CIUDAD_ID
    LEFT JOIN provincia pr ON ci.PROVINCIA_ID = pr.PROVINCIA_ID 
    WHERE cl.CLIENTE_ID = 8 
18:11:02 - Exito - SELECT cl.CLIENTE_ID, cl.DOM_ID, cl.CONTACTO_ID, cl.CLIENTE_NOMBRE, cl.CLIENTE_APELLIDO, cl.CLIENTE_FECHAALTA, cl.CLIENTE_FECHABAJA, 
    co.CONTACTO_TEL1, co.CONTACTO_TEL2, co.CONTACTO_EMAIL, co.CONTACTO_EMAIL, co.CONTACTO_WEB, co.CONTACTO_INFO, 
    dom.DOM_CALLE, dom.DOM_ALTURA, dom.DOM_CP, ci.CIUDAD_NOMBRE, pr.PROVINCIA_NOMBRE
    FROM cliente cl
    LEFT JOIN contacto co ON cl.CONTACTO_ID = co.CONTACTO_ID
    LEFT JOIN domicilio dom ON cl.DOM_ID = dom.DOM_ID
    LEFT JOIN ciudad ci ON dom.CIUDAD_ID = ci.CIUDAD_ID
    LEFT JOIN provincia pr ON ci.PROVINCIA_ID = pr.PROVINCIA_ID   
18:11:02 - Exito - SELECT cl.CLIENTE_ID, cl.DOM_ID, cl.CONTACTO_ID, cl.CLIENTE_NOMBRE, cl.CLIENTE_APELLIDO, cl.CLIENTE_FECHAALTA, cl.CLIENTE_FECHABAJA, 
    co.CONTACTO_TEL1, co.CONTACTO_TEL2, co.CONTACTO_EMAIL, co.CONTACTO_EMAIL, co.CONTACTO_WEB, co.CONTACTO_INFO, 
    dom.DOM_CALLE, dom.DOM_ALTURA, dom.DOM_CP, ci.CIUDAD_NOMBRE, pr.PROVINCIA_NOMBRE, pr.PROVINCIA_ID ,ci.CIUDAD_ID
    FROM cliente cl
    LEFT JOIN contacto co ON cl.CONTACTO_ID = co.CONTACTO_ID
    LEFT JOIN domicilio dom ON cl.DOM_ID = dom.DOM_ID
    LEFT JOIN ciudad ci ON dom.CIUDAD_ID = ci.CIUDAD_ID
    LEFT JOIN provincia pr ON ci.PROVINCIA_ID = pr.PROVINCIA_ID 
    WHERE cl.CLIENTE_ID = 8 
18:12:17 - Exito - SELECT cl.CLIENTE_ID, cl.DOM_ID, cl.CONTACTO_ID, cl.CLIENTE_NOMBRE, cl.CLIENTE_APELLIDO, cl.CLIENTE_FECHAALTA, cl.CLIENTE_FECHABAJA, 
    co.CONTACTO_TEL1, co.CONTACTO_TEL2, co.CONTACTO_EMAIL, co.CONTACTO_EMAIL, co.CONTACTO_WEB, co.CONTACTO_INFO, 
    dom.DOM_CALLE, dom.DOM_ALTURA, dom.DOM_CP, ci.CIUDAD_NOMBRE, pr.PROVINCIA_NOMBRE
    FROM cliente cl
    LEFT JOIN contacto co ON cl.CONTACTO_ID = co.CONTACTO_ID
    LEFT JOIN domicilio dom ON cl.DOM_ID = dom.DOM_ID
    LEFT JOIN ciudad ci ON dom.CIUDAD_ID = ci.CIUDAD_ID
    LEFT JOIN provincia pr ON ci.PROVINCIA_ID = pr.PROVINCIA_ID   
18:12:17 - Exito - SELECT cl.CLIENTE_ID, cl.DOM_ID, cl.CONTACTO_ID, cl.CLIENTE_NOMBRE, cl.CLIENTE_APELLIDO, cl.CLIENTE_FECHAALTA, cl.CLIENTE_FECHABAJA, 
    co.CONTACTO_TEL1, co.CONTACTO_TEL2, co.CONTACTO_EMAIL, co.CONTACTO_EMAIL, co.CONTACTO_WEB, co.CONTACTO_INFO, 
    dom.DOM_CALLE, dom.DOM_ALTURA, dom.DOM_CP, ci.CIUDAD_NOMBRE, pr.PROVINCIA_NOMBRE, pr.PROVINCIA_ID ,ci.CIUDAD_ID
    FROM cliente cl
    LEFT JOIN contacto co ON cl.CONTACTO_ID = co.CONTACTO_ID
    LEFT JOIN domicilio dom ON cl.DOM_ID = dom.DOM_ID
    LEFT JOIN ciudad ci ON dom.CIUDAD_ID = ci.CIUDAD_ID
    LEFT JOIN provincia pr ON ci.PROVINCIA_ID = pr.PROVINCIA_ID 
    WHERE cl.CLIENTE_ID = 8 
18:13:09 - Exito - SELECT cl.CLIENTE_ID, cl.DOM_ID, cl.CONTACTO_ID, cl.CLIENTE_NOMBRE, cl.CLIENTE_APELLIDO, cl.CLIENTE_FECHAALTA, cl.CLIENTE_FECHABAJA, 
    co.CONTACTO_TEL1, co.CONTACTO_TEL2, co.CONTACTO_EMAIL, co.CONTACTO_EMAIL, co.CONTACTO_WEB, co.CONTACTO_INFO, 
    dom.DOM_CALLE, dom.DOM_ALTURA, dom.DOM_CP, ci.CIUDAD_NOMBRE, pr.PROVINCIA_NOMBRE
    FROM cliente cl
    LEFT JOIN contacto co ON cl.CONTACTO_ID = co.CONTACTO_ID
    LEFT JOIN domicilio dom ON cl.DOM_ID = dom.DOM_ID
    LEFT JOIN ciudad ci ON dom.CIUDAD_ID = ci.CIUDAD_ID
    LEFT JOIN provincia pr ON ci.PROVINCIA_ID = pr.PROVINCIA_ID   
18:13:09 - Exito - SELECT cl.CLIENTE_ID, cl.DOM_ID, cl.CONTACTO_ID, cl.CLIENTE_NOMBRE, cl.CLIENTE_APELLIDO, cl.CLIENTE_FECHAALTA, cl.CLIENTE_FECHABAJA, 
    co.CONTACTO_TEL1, co.CONTACTO_TEL2, co.CONTACTO_EMAIL, co.CONTACTO_EMAIL, co.CONTACTO_WEB, co.CONTACTO_INFO, 
    dom.DOM_CALLE, dom.DOM_ALTURA, dom.DOM_CP, ci.CIUDAD_NOMBRE, pr.PROVINCIA_NOMBRE, pr.PROVINCIA_ID ,ci.CIUDAD_ID
    FROM cliente cl
    LEFT JOIN contacto co ON cl.CONTACTO_ID = co.CONTACTO_ID
    LEFT JOIN domicilio dom ON cl.DOM_ID = dom.DOM_ID
    LEFT JOIN ciudad ci ON dom.CIUDAD_ID = ci.CIUDAD_ID
    LEFT JOIN provincia pr ON ci.PROVINCIA_ID = pr.PROVINCIA_ID 
    WHERE cl.CLIENTE_ID = 8 
18:14:25 - Exito - SELECT cl.CLIENTE_ID, cl.DOM_ID, cl.CONTACTO_ID, cl.CLIENTE_NOMBRE, cl.CLIENTE_APELLIDO, cl.CLIENTE_FECHAALTA, cl.CLIENTE_FECHABAJA, 
    co.CONTACTO_TEL1, co.CONTACTO_TEL2, co.CONTACTO_EMAIL, co.CONTACTO_EMAIL, co.CONTACTO_WEB, co.CONTACTO_INFO, 
    dom.DOM_CALLE, dom.DOM_ALTURA, dom.DOM_CP, ci.CIUDAD_NOMBRE, pr.PROVINCIA_NOMBRE
    FROM cliente cl
    LEFT JOIN contacto co ON cl.CONTACTO_ID = co.CONTACTO_ID
    LEFT JOIN domicilio dom ON cl.DOM_ID = dom.DOM_ID
    LEFT JOIN ciudad ci ON dom.CIUDAD_ID = ci.CIUDAD_ID
    LEFT JOIN provincia pr ON ci.PROVINCIA_ID = pr.PROVINCIA_ID   
18:14:25 - Exito - SELECT cl.CLIENTE_ID, cl.DOM_ID, cl.CONTACTO_ID, cl.CLIENTE_NOMBRE, cl.CLIENTE_APELLIDO, cl.CLIENTE_FECHAALTA, cl.CLIENTE_FECHABAJA, 
    co.CONTACTO_TEL1, co.CONTACTO_TEL2, co.CONTACTO_EMAIL, co.CONTACTO_EMAIL, co.CONTACTO_WEB, co.CONTACTO_INFO, 
    dom.DOM_CALLE, dom.DOM_ALTURA, dom.DOM_CP, ci.CIUDAD_NOMBRE, pr.PROVINCIA_NOMBRE, pr.PROVINCIA_ID ,ci.CIUDAD_ID
    FROM cliente cl
    LEFT JOIN contacto co ON cl.CONTACTO_ID = co.CONTACTO_ID
    LEFT JOIN domicilio dom ON cl.DOM_ID = dom.DOM_ID
    LEFT JOIN ciudad ci ON dom.CIUDAD_ID = ci.CIUDAD_ID
    LEFT JOIN provincia pr ON ci.PROVINCIA_ID = pr.PROVINCIA_ID 
    WHERE cl.CLIENTE_ID = 8 
18:16:36 - Exito - SELECT cl.CLIENTE_ID, cl.DOM_ID, cl.CONTACTO_ID, cl.CLIENTE_NOMBRE, cl.CLIENTE_APELLIDO, cl.CLIENTE_FECHAALTA, cl.CLIENTE_FECHABAJA, 
    co.CONTACTO_TEL1, co.CONTACTO_TEL2, co.CONTACTO_EMAIL, co.CONTACTO_EMAIL, co.CONTACTO_WEB, co.CONTACTO_INFO, 
    dom.DOM_CALLE, dom.DOM_ALTURA, dom.DOM_CP, ci.CIUDAD_NOMBRE, pr.PROVINCIA_NOMBRE
    FROM cliente cl
    LEFT JOIN contacto co ON cl.CONTACTO_ID = co.CONTACTO_ID
    LEFT JOIN domicilio dom ON cl.DOM_ID = dom.DOM_ID
    LEFT JOIN ciudad ci ON dom.CIUDAD_ID = ci.CIUDAD_ID
    LEFT JOIN provincia pr ON ci.PROVINCIA_ID = pr.PROVINCIA_ID   
18:16:36 - Exito - SELECT cl.CLIENTE_ID, cl.DOM_ID, cl.CONTACTO_ID, cl.CLIENTE_NOMBRE, cl.CLIENTE_APELLIDO, cl.CLIENTE_FECHAALTA, cl.CLIENTE_FECHABAJA, 
    co.CONTACTO_TEL1, co.CONTACTO_TEL2, co.CONTACTO_EMAIL, co.CONTACTO_EMAIL, co.CONTACTO_WEB, co.CONTACTO_INFO, 
    dom.DOM_CALLE, dom.DOM_ALTURA, dom.DOM_CP, ci.CIUDAD_NOMBRE, pr.PROVINCIA_NOMBRE, pr.PROVINCIA_ID ,ci.CIUDAD_ID
    FROM cliente cl
    LEFT JOIN contacto co ON cl.CONTACTO_ID = co.CONTACTO_ID
    LEFT JOIN domicilio dom ON cl.DOM_ID = dom.DOM_ID
    LEFT JOIN ciudad ci ON dom.CIUDAD_ID = ci.CIUDAD_ID
    LEFT JOIN provincia pr ON ci.PROVINCIA_ID = pr.PROVINCIA_ID 
    WHERE cl.CLIENTE_ID = 8 
18:18:54 - Exito - SELECT cl.CLIENTE_ID, cl.DOM_ID, cl.CONTACTO_ID, cl.CLIENTE_NOMBRE, cl.CLIENTE_APELLIDO, cl.CLIENTE_FECHAALTA, cl.CLIENTE_FECHABAJA, 
    co.CONTACTO_TEL1, co.CONTACTO_TEL2, co.CONTACTO_EMAIL, co.CONTACTO_EMAIL, co.CONTACTO_WEB, co.CONTACTO_INFO, 
    dom.DOM_CALLE, dom.DOM_ALTURA, dom.DOM_CP, ci.CIUDAD_NOMBRE, pr.PROVINCIA_NOMBRE
    FROM cliente cl
    LEFT JOIN contacto co ON cl.CONTACTO_ID = co.CONTACTO_ID
    LEFT JOIN domicilio dom ON cl.DOM_ID = dom.DOM_ID
    LEFT JOIN ciudad ci ON dom.CIUDAD_ID = ci.CIUDAD_ID
    LEFT JOIN provincia pr ON ci.PROVINCIA_ID = pr.PROVINCIA_ID   
18:18:54 - Exito - SELECT cl.CLIENTE_ID, cl.DOM_ID, cl.CONTACTO_ID, cl.CLIENTE_NOMBRE, cl.CLIENTE_APELLIDO, cl.CLIENTE_FECHAALTA, cl.CLIENTE_FECHABAJA, 
    co.CONTACTO_TEL1, co.CONTACTO_TEL2, co.CONTACTO_EMAIL, co.CONTACTO_EMAIL, co.CONTACTO_WEB, co.CONTACTO_INFO, 
    dom.DOM_CALLE, dom.DOM_ALTURA, dom.DOM_CP, ci.CIUDAD_NOMBRE, pr.PROVINCIA_NOMBRE, pr.PROVINCIA_ID ,ci.CIUDAD_ID
    FROM cliente cl
    LEFT JOIN contacto co ON cl.CONTACTO_ID = co.CONTACTO_ID
    LEFT JOIN domicilio dom ON cl.DOM_ID = dom.DOM_ID
    LEFT JOIN ciudad ci ON dom.CIUDAD_ID = ci.CIUDAD_ID
    LEFT JOIN provincia pr ON ci.PROVINCIA_ID = pr.PROVINCIA_ID 
    WHERE cl.CLIENTE_ID = 8 
18:19:36 - Exito - SELECT cl.CLIENTE_ID, cl.DOM_ID, cl.CONTACTO_ID, cl.CLIENTE_NOMBRE, cl.CLIENTE_APELLIDO, cl.CLIENTE_FECHAALTA, cl.CLIENTE_FECHABAJA, 
    co.CONTACTO_TEL1, co.CONTACTO_TEL2, co.CONTACTO_EMAIL, co.CONTACTO_EMAIL, co.CONTACTO_WEB, co.CONTACTO_INFO, 
    dom.DOM_CALLE, dom.DOM_ALTURA, dom.DOM_CP, ci.CIUDAD_NOMBRE, pr.PROVINCIA_NOMBRE
    FROM cliente cl
    LEFT JOIN contacto co ON cl.CONTACTO_ID = co.CONTACTO_ID
    LEFT JOIN domicilio dom ON cl.DOM_ID = dom.DOM_ID
    LEFT JOIN ciudad ci ON dom.CIUDAD_ID = ci.CIUDAD_ID
    LEFT JOIN provincia pr ON ci.PROVINCIA_ID = pr.PROVINCIA_ID   
18:19:36 - Exito - SELECT cl.CLIENTE_ID, cl.DOM_ID, cl.CONTACTO_ID, cl.CLIENTE_NOMBRE, cl.CLIENTE_APELLIDO, cl.CLIENTE_FECHAALTA, cl.CLIENTE_FECHABAJA, 
    co.CONTACTO_TEL1, co.CONTACTO_TEL2, co.CONTACTO_EMAIL, co.CONTACTO_EMAIL, co.CONTACTO_WEB, co.CONTACTO_INFO, 
    dom.DOM_CALLE, dom.DOM_ALTURA, dom.DOM_CP, ci.CIUDAD_NOMBRE, pr.PROVINCIA_NOMBRE, pr.PROVINCIA_ID ,ci.CIUDAD_ID
    FROM cliente cl
    LEFT JOIN contacto co ON cl.CONTACTO_ID = co.CONTACTO_ID
    LEFT JOIN domicilio dom ON cl.DOM_ID = dom.DOM_ID
    LEFT JOIN ciudad ci ON dom.CIUDAD_ID = ci.CIUDAD_ID
    LEFT JOIN provincia pr ON ci.PROVINCIA_ID = pr.PROVINCIA_ID 
    WHERE cl.CLIENTE_ID = 8 
18:20:34 - Exito - SELECT cl.CLIENTE_ID, cl.DOM_ID, cl.CONTACTO_ID, cl.CLIENTE_NOMBRE, cl.CLIENTE_APELLIDO, cl.CLIENTE_FECHAALTA, cl.CLIENTE_FECHABAJA, 
    co.CONTACTO_TEL1, co.CONTACTO_TEL2, co.CONTACTO_EMAIL, co.CONTACTO_EMAIL, co.CONTACTO_WEB, co.CONTACTO_INFO, 
    dom.DOM_CALLE, dom.DOM_ALTURA, dom.DOM_CP, ci.CIUDAD_NOMBRE, pr.PROVINCIA_NOMBRE
    FROM cliente cl
    LEFT JOIN contacto co ON cl.CONTACTO_ID = co.CONTACTO_ID
    LEFT JOIN domicilio dom ON cl.DOM_ID = dom.DOM_ID
    LEFT JOIN ciudad ci ON dom.CIUDAD_ID = ci.CIUDAD_ID
    LEFT JOIN provincia pr ON ci.PROVINCIA_ID = pr.PROVINCIA_ID   
18:20:34 - Exito - SELECT cl.CLIENTE_ID, cl.DOM_ID, cl.CONTACTO_ID, cl.CLIENTE_NOMBRE, cl.CLIENTE_APELLIDO, cl.CLIENTE_FECHAALTA, cl.CLIENTE_FECHABAJA, 
    co.CONTACTO_TEL1, co.CONTACTO_TEL2, co.CONTACTO_EMAIL, co.CONTACTO_EMAIL, co.CONTACTO_WEB, co.CONTACTO_INFO, 
    dom.DOM_CALLE, dom.DOM_ALTURA, dom.DOM_CP, ci.CIUDAD_NOMBRE, pr.PROVINCIA_NOMBRE, pr.PROVINCIA_ID ,ci.CIUDAD_ID
    FROM cliente cl
    LEFT JOIN contacto co ON cl.CONTACTO_ID = co.CONTACTO_ID
    LEFT JOIN domicilio dom ON cl.DOM_ID = dom.DOM_ID
    LEFT JOIN ciudad ci ON dom.CIUDAD_ID = ci.CIUDAD_ID
    LEFT JOIN provincia pr ON ci.PROVINCIA_ID = pr.PROVINCIA_ID 
    WHERE cl.CLIENTE_ID = 8 
18:22:57 - Exito - SELECT cl.CLIENTE_ID, cl.DOM_ID, cl.CONTACTO_ID, cl.CLIENTE_NOMBRE, cl.CLIENTE_APELLIDO, cl.CLIENTE_FECHAALTA, cl.CLIENTE_FECHABAJA, 
    co.CONTACTO_TEL1, co.CONTACTO_TEL2, co.CONTACTO_EMAIL, co.CONTACTO_EMAIL, co.CONTACTO_WEB, co.CONTACTO_INFO, 
    dom.DOM_CALLE, dom.DOM_ALTURA, dom.DOM_CP, ci.CIUDAD_NOMBRE, pr.PROVINCIA_NOMBRE
    FROM cliente cl
    LEFT JOIN contacto co ON cl.CONTACTO_ID = co.CONTACTO_ID
    LEFT JOIN domicilio dom ON cl.DOM_ID = dom.DOM_ID
    LEFT JOIN ciudad ci ON dom.CIUDAD_ID = ci.CIUDAD_ID
    LEFT JOIN provincia pr ON ci.PROVINCIA_ID = pr.PROVINCIA_ID   
18:22:57 - Exito - SELECT cl.CLIENTE_ID, cl.DOM_ID, cl.CONTACTO_ID, cl.CLIENTE_NOMBRE, cl.CLIENTE_APELLIDO, cl.CLIENTE_FECHAALTA, cl.CLIENTE_FECHABAJA, 
    co.CONTACTO_TEL1, co.CONTACTO_TEL2, co.CONTACTO_EMAIL, co.CONTACTO_EMAIL, co.CONTACTO_WEB, co.CONTACTO_INFO, 
    dom.DOM_CALLE, dom.DOM_ALTURA, dom.DOM_CP, ci.CIUDAD_NOMBRE, pr.PROVINCIA_NOMBRE, pr.PROVINCIA_ID ,ci.CIUDAD_ID
    FROM cliente cl
    LEFT JOIN contacto co ON cl.CONTACTO_ID = co.CONTACTO_ID
    LEFT JOIN domicilio dom ON cl.DOM_ID = dom.DOM_ID
    LEFT JOIN ciudad ci ON dom.CIUDAD_ID = ci.CIUDAD_ID
    LEFT JOIN provincia pr ON ci.PROVINCIA_ID = pr.PROVINCIA_ID 
    WHERE cl.CLIENTE_ID = 8 
18:23:33 - Exito - SELECT cl.CLIENTE_ID, cl.DOM_ID, cl.CONTACTO_ID, cl.CLIENTE_NOMBRE, cl.CLIENTE_APELLIDO, cl.CLIENTE_FECHAALTA, cl.CLIENTE_FECHABAJA, 
    co.CONTACTO_TEL1, co.CONTACTO_TEL2, co.CONTACTO_EMAIL, co.CONTACTO_EMAIL, co.CONTACTO_WEB, co.CONTACTO_INFO, 
    dom.DOM_CALLE, dom.DOM_ALTURA, dom.DOM_CP, ci.CIUDAD_NOMBRE, pr.PROVINCIA_NOMBRE
    FROM cliente cl
    LEFT JOIN contacto co ON cl.CONTACTO_ID = co.CONTACTO_ID
    LEFT JOIN domicilio dom ON cl.DOM_ID = dom.DOM_ID
    LEFT JOIN ciudad ci ON dom.CIUDAD_ID = ci.CIUDAD_ID
    LEFT JOIN provincia pr ON ci.PROVINCIA_ID = pr.PROVINCIA_ID   
18:26:38 - Exito - SELECT cl.CLIENTE_ID, cl.DOM_ID, cl.CONTACTO_ID, cl.CLIENTE_NOMBRE, cl.CLIENTE_APELLIDO, cl.CLIENTE_FECHAALTA, cl.CLIENTE_FECHABAJA, 
    co.CONTACTO_TEL1, co.CONTACTO_TEL2, co.CONTACTO_EMAIL, co.CONTACTO_EMAIL, co.CONTACTO_WEB, co.CONTACTO_INFO, 
    dom.DOM_CALLE, dom.DOM_ALTURA, dom.DOM_CP, ci.CIUDAD_NOMBRE, pr.PROVINCIA_NOMBRE
    FROM cliente cl
    LEFT JOIN contacto co ON cl.CONTACTO_ID = co.CONTACTO_ID
    LEFT JOIN domicilio dom ON cl.DOM_ID = dom.DOM_ID
    LEFT JOIN ciudad ci ON dom.CIUDAD_ID = ci.CIUDAD_ID
    LEFT JOIN provincia pr ON ci.PROVINCIA_ID = pr.PROVINCIA_ID   
18:26:43 - Exito - SELECT cl.CLIENTE_ID, cl.DOM_ID, cl.CONTACTO_ID, cl.CLIENTE_NOMBRE, cl.CLIENTE_APELLIDO, cl.CLIENTE_FECHAALTA, cl.CLIENTE_FECHABAJA, 
    co.CONTACTO_TEL1, co.CONTACTO_TEL2, co.CONTACTO_EMAIL, co.CONTACTO_EMAIL, co.CONTACTO_WEB, co.CONTACTO_INFO, 
    dom.DOM_CALLE, dom.DOM_ALTURA, dom.DOM_CP, ci.CIUDAD_NOMBRE, pr.PROVINCIA_NOMBRE
    FROM cliente cl
    LEFT JOIN contacto co ON cl.CONTACTO_ID = co.CONTACTO_ID
    LEFT JOIN domicilio dom ON cl.DOM_ID = dom.DOM_ID
    LEFT JOIN ciudad ci ON dom.CIUDAD_ID = ci.CIUDAD_ID
    LEFT JOIN provincia pr ON ci.PROVINCIA_ID = pr.PROVINCIA_ID   
18:26:43 - Exito - SELECT cl.CLIENTE_ID, cl.DOM_ID, cl.CONTACTO_ID, cl.CLIENTE_NOMBRE, cl.CLIENTE_APELLIDO, cl.CLIENTE_FECHAALTA, cl.CLIENTE_FECHABAJA, 
    co.CONTACTO_TEL1, co.CONTACTO_TEL2, co.CONTACTO_EMAIL, co.CONTACTO_EMAIL, co.CONTACTO_WEB, co.CONTACTO_INFO, 
    dom.DOM_CALLE, dom.DOM_ALTURA, dom.DOM_CP, ci.CIUDAD_NOMBRE, pr.PROVINCIA_NOMBRE, pr.PROVINCIA_ID ,ci.CIUDAD_ID
    FROM cliente cl
    LEFT JOIN contacto co ON cl.CONTACTO_ID = co.CONTACTO_ID
    LEFT JOIN domicilio dom ON cl.DOM_ID = dom.DOM_ID
    LEFT JOIN ciudad ci ON dom.CIUDAD_ID = ci.CIUDAD_ID
    LEFT JOIN provincia pr ON ci.PROVINCIA_ID = pr.PROVINCIA_ID 
    WHERE cl.CLIENTE_ID = 8 
18:29:01 - Exito - SELECT cl.CLIENTE_ID, cl.DOM_ID, cl.CONTACTO_ID, cl.CLIENTE_NOMBRE, cl.CLIENTE_APELLIDO, cl.CLIENTE_FECHAALTA, cl.CLIENTE_FECHABAJA, 
    co.CONTACTO_TEL1, co.CONTACTO_TEL2, co.CONTACTO_EMAIL, co.CONTACTO_EMAIL, co.CONTACTO_WEB, co.CONTACTO_INFO, 
    dom.DOM_CALLE, dom.DOM_ALTURA, dom.DOM_CP, ci.CIUDAD_NOMBRE, pr.PROVINCIA_NOMBRE
    FROM cliente cl
    LEFT JOIN contacto co ON cl.CONTACTO_ID = co.CONTACTO_ID
    LEFT JOIN domicilio dom ON cl.DOM_ID = dom.DOM_ID
    LEFT JOIN ciudad ci ON dom.CIUDAD_ID = ci.CIUDAD_ID
    LEFT JOIN provincia pr ON ci.PROVINCIA_ID = pr.PROVINCIA_ID   
18:29:01 - Exito - SELECT cl.CLIENTE_ID, cl.DOM_ID, cl.CONTACTO_ID, cl.CLIENTE_NOMBRE, cl.CLIENTE_APELLIDO, cl.CLIENTE_FECHAALTA, cl.CLIENTE_FECHABAJA, 
    co.CONTACTO_TEL1, co.CONTACTO_TEL2, co.CONTACTO_EMAIL, co.CONTACTO_EMAIL, co.CONTACTO_WEB, co.CONTACTO_INFO, 
    dom.DOM_CALLE, dom.DOM_ALTURA, dom.DOM_CP, ci.CIUDAD_NOMBRE, pr.PROVINCIA_NOMBRE, pr.PROVINCIA_ID ,ci.CIUDAD_ID
    FROM cliente cl
    LEFT JOIN contacto co ON cl.CONTACTO_ID = co.CONTACTO_ID
    LEFT JOIN domicilio dom ON cl.DOM_ID = dom.DOM_ID
    LEFT JOIN ciudad ci ON dom.CIUDAD_ID = ci.CIUDAD_ID
    LEFT JOIN provincia pr ON ci.PROVINCIA_ID = pr.PROVINCIA_ID 
    WHERE cl.CLIENTE_ID = 8 
18:29:48 - Exito - SELECT cl.CLIENTE_ID, cl.DOM_ID, cl.CONTACTO_ID, cl.CLIENTE_NOMBRE, cl.CLIENTE_APELLIDO, cl.CLIENTE_FECHAALTA, cl.CLIENTE_FECHABAJA, 
    co.CONTACTO_TEL1, co.CONTACTO_TEL2, co.CONTACTO_EMAIL, co.CONTACTO_EMAIL, co.CONTACTO_WEB, co.CONTACTO_INFO, 
    dom.DOM_CALLE, dom.DOM_ALTURA, dom.DOM_CP, ci.CIUDAD_NOMBRE, pr.PROVINCIA_NOMBRE
    FROM cliente cl
    LEFT JOIN contacto co ON cl.CONTACTO_ID = co.CONTACTO_ID
    LEFT JOIN domicilio dom ON cl.DOM_ID = dom.DOM_ID
    LEFT JOIN ciudad ci ON dom.CIUDAD_ID = ci.CIUDAD_ID
    LEFT JOIN provincia pr ON ci.PROVINCIA_ID = pr.PROVINCIA_ID   
18:58:13 - Exito - SELECT cl.CLIENTE_ID, cl.DOM_ID, cl.CONTACTO_ID, cl.CLIENTE_NOMBRE, cl.CLIENTE_APELLIDO, cl.CLIENTE_FECHAALTA, cl.CLIENTE_FECHABAJA, 
    co.CONTACTO_TEL1, co.CONTACTO_TEL2, co.CONTACTO_EMAIL, co.CONTACTO_EMAIL, co.CONTACTO_WEB, co.CONTACTO_INFO, 
    dom.DOM_CALLE, dom.DOM_ALTURA, dom.DOM_CP, ci.CIUDAD_NOMBRE, pr.PROVINCIA_NOMBRE
    FROM cliente cl
    LEFT JOIN contacto co ON cl.CONTACTO_ID = co.CONTACTO_ID
    LEFT JOIN domicilio dom ON cl.DOM_ID = dom.DOM_ID
    LEFT JOIN ciudad ci ON dom.CIUDAD_ID = ci.CIUDAD_ID
    LEFT JOIN provincia pr ON ci.PROVINCIA_ID = pr.PROVINCIA_ID   
18:58:15 - Exito - SELECT * FROM provincia ORDER BY 2; 
19:01:05 - Exito - SELECT CIUDAD_ID, CIUDAD_NOMBRE FROM ciudad WHERE PROVINCIA_ID = 14 ORDER BY CIUDAD_NOMBRE 
19:01:13 - Exito - SELECT * FROM provincia ORDER BY 2; 
19:01:13 - Exito - INSERT INTO domicilio () VALUES (NULL,1452,'Superi','144','1778') 
19:01:13 - Exito - INSERT INTO contacto () VALUES (NULL,'0879-889-6644','','guliana@hotmail.com','','') 
19:01:13 - Exito - INSERT INTO cliente () VALUEs
    (NULL,37,26,'Guliana','Mendariz',NOW(),NULL); 
19:01:16 - Exito - SELECT cl.CLIENTE_ID, cl.DOM_ID, cl.CONTACTO_ID, cl.CLIENTE_NOMBRE, cl.CLIENTE_APELLIDO, cl.CLIENTE_FECHAALTA, cl.CLIENTE_FECHABAJA, 
    co.CONTACTO_TEL1, co.CONTACTO_TEL2, co.CONTACTO_EMAIL, co.CONTACTO_EMAIL, co.CONTACTO_WEB, co.CONTACTO_INFO, 
    dom.DOM_CALLE, dom.DOM_ALTURA, dom.DOM_CP, ci.CIUDAD_NOMBRE, pr.PROVINCIA_NOMBRE
    FROM cliente cl
    LEFT JOIN contacto co ON cl.CONTACTO_ID = co.CONTACTO_ID
    LEFT JOIN domicilio dom ON cl.DOM_ID = dom.DOM_ID
    LEFT JOIN ciudad ci ON dom.CIUDAD_ID = ci.CIUDAD_ID
    LEFT JOIN provincia pr ON ci.PROVINCIA_ID = pr.PROVINCIA_ID   
19:53:57 - Exito - SELECT cl.CLIENTE_ID, cl.DOM_ID, cl.CONTACTO_ID, cl.CLIENTE_NOMBRE, cl.CLIENTE_APELLIDO, cl.CLIENTE_FECHAALTA, cl.CLIENTE_FECHABAJA, 
    co.CONTACTO_TEL1, co.CONTACTO_TEL2, co.CONTACTO_EMAIL, co.CONTACTO_EMAIL, co.CONTACTO_WEB, co.CONTACTO_INFO, 
    dom.DOM_CALLE, dom.DOM_ALTURA, dom.DOM_CP, ci.CIUDAD_NOMBRE, pr.PROVINCIA_NOMBRE
    FROM cliente cl
    LEFT JOIN contacto co ON cl.CONTACTO_ID = co.CONTACTO_ID
    LEFT JOIN domicilio dom ON cl.DOM_ID = dom.DOM_ID
    LEFT JOIN ciudad ci ON dom.CIUDAD_ID = ci.CIUDAD_ID
    LEFT JOIN provincia pr ON ci.PROVINCIA_ID = pr.PROVINCIA_ID   
19:54:03 - Exito - SELECT cl.CLIENTE_ID, cl.DOM_ID, cl.CONTACTO_ID, cl.CLIENTE_NOMBRE, cl.CLIENTE_APELLIDO, cl.CLIENTE_FECHAALTA, cl.CLIENTE_FECHABAJA, 
    co.CONTACTO_TEL1, co.CONTACTO_TEL2, co.CONTACTO_EMAIL, co.CONTACTO_EMAIL, co.CONTACTO_WEB, co.CONTACTO_INFO, 
    dom.DOM_CALLE, dom.DOM_ALTURA, dom.DOM_CP, ci.CIUDAD_NOMBRE, pr.PROVINCIA_NOMBRE
    FROM cliente cl
    LEFT JOIN contacto co ON cl.CONTACTO_ID = co.CONTACTO_ID
    LEFT JOIN domicilio dom ON cl.DOM_ID = dom.DOM_ID
    LEFT JOIN ciudad ci ON dom.CIUDAD_ID = ci.CIUDAD_ID
    LEFT JOIN provincia pr ON ci.PROVINCIA_ID = pr.PROVINCIA_ID   
19:54:03 - Exito - SELECT cl.CLIENTE_ID, cl.DOM_ID, cl.CONTACTO_ID, cl.CLIENTE_NOMBRE, cl.CLIENTE_APELLIDO, cl.CLIENTE_FECHAALTA, cl.CLIENTE_FECHABAJA, 
    co.CONTACTO_TEL1, co.CONTACTO_TEL2, co.CONTACTO_EMAIL, co.CONTACTO_EMAIL, co.CONTACTO_WEB, co.CONTACTO_INFO, 
    dom.DOM_CALLE, dom.DOM_ALTURA, dom.DOM_CP, ci.CIUDAD_NOMBRE, pr.PROVINCIA_NOMBRE, pr.PROVINCIA_ID ,ci.CIUDAD_ID
    FROM cliente cl
    LEFT JOIN contacto co ON cl.CONTACTO_ID = co.CONTACTO_ID
    LEFT JOIN domicilio dom ON cl.DOM_ID = dom.DOM_ID
    LEFT JOIN ciudad ci ON dom.CIUDAD_ID = ci.CIUDAD_ID
    LEFT JOIN provincia pr ON ci.PROVINCIA_ID = pr.PROVINCIA_ID 
    WHERE cl.CLIENTE_ID = 10 
19:54:29 - Exito - SELECT cl.CLIENTE_ID, cl.DOM_ID, cl.CONTACTO_ID, cl.CLIENTE_NOMBRE, cl.CLIENTE_APELLIDO, cl.CLIENTE_FECHAALTA, cl.CLIENTE_FECHABAJA, 
    co.CONTACTO_TEL1, co.CONTACTO_TEL2, co.CONTACTO_EMAIL, co.CONTACTO_EMAIL, co.CONTACTO_WEB, co.CONTACTO_INFO, 
    dom.DOM_CALLE, dom.DOM_ALTURA, dom.DOM_CP, ci.CIUDAD_NOMBRE, pr.PROVINCIA_NOMBRE
    FROM cliente cl
    LEFT JOIN contacto co ON cl.CONTACTO_ID = co.CONTACTO_ID
    LEFT JOIN domicilio dom ON cl.DOM_ID = dom.DOM_ID
    LEFT JOIN ciudad ci ON dom.CIUDAD_ID = ci.CIUDAD_ID
    LEFT JOIN provincia pr ON ci.PROVINCIA_ID = pr.PROVINCIA_ID   
21:25:54 - Exito - SELECT cl.CLIENTE_ID, cl.DOM_ID, cl.CONTACTO_ID, cl.CLIENTE_NOMBRE, cl.CLIENTE_APELLIDO, cl.CLIENTE_FECHAALTA, cl.CLIENTE_FECHABAJA, 
    co.CONTACTO_TEL1, co.CONTACTO_TEL2, co.CONTACTO_EMAIL, co.CONTACTO_EMAIL, co.CONTACTO_WEB, co.CONTACTO_INFO, 
    dom.DOM_CALLE, dom.DOM_ALTURA, dom.DOM_CP, ci.CIUDAD_NOMBRE, pr.PROVINCIA_NOMBRE
    FROM cliente cl
    LEFT JOIN contacto co ON cl.CONTACTO_ID = co.CONTACTO_ID
    LEFT JOIN domicilio dom ON cl.DOM_ID = dom.DOM_ID
    LEFT JOIN ciudad ci ON dom.CIUDAD_ID = ci.CIUDAD_ID
    LEFT JOIN provincia pr ON ci.PROVINCIA_ID = pr.PROVINCIA_ID   
21:26:10 - Exito - SELECT cl.CLIENTE_ID, cl.DOM_ID, cl.CONTACTO_ID, cl.CLIENTE_NOMBRE, cl.CLIENTE_APELLIDO, cl.CLIENTE_FECHAALTA, cl.CLIENTE_FECHABAJA, 
    co.CONTACTO_TEL1, co.CONTACTO_TEL2, co.CONTACTO_EMAIL, co.CONTACTO_EMAIL, co.CONTACTO_WEB, co.CONTACTO_INFO, 
    dom.DOM_CALLE, dom.DOM_ALTURA, dom.DOM_CP, ci.CIUDAD_NOMBRE, pr.PROVINCIA_NOMBRE
    FROM cliente cl
    LEFT JOIN contacto co ON cl.CONTACTO_ID = co.CONTACTO_ID
    LEFT JOIN domicilio dom ON cl.DOM_ID = dom.DOM_ID
    LEFT JOIN ciudad ci ON dom.CIUDAD_ID = ci.CIUDAD_ID
    LEFT JOIN provincia pr ON ci.PROVINCIA_ID = pr.PROVINCIA_ID   
21:26:10 - Exito - SELECT cl.CLIENTE_ID, cl.DOM_ID, cl.CONTACTO_ID, cl.CLIENTE_NOMBRE, cl.CLIENTE_APELLIDO, cl.CLIENTE_FECHAALTA, cl.CLIENTE_FECHABAJA, 
    co.CONTACTO_TEL1, co.CONTACTO_TEL2, co.CONTACTO_EMAIL, co.CONTACTO_EMAIL, co.CONTACTO_WEB, co.CONTACTO_INFO, 
    dom.DOM_CALLE, dom.DOM_ALTURA, dom.DOM_CP, ci.CIUDAD_NOMBRE, pr.PROVINCIA_NOMBRE, pr.PROVINCIA_ID ,ci.CIUDAD_ID
    FROM cliente cl
    LEFT JOIN contacto co ON cl.CONTACTO_ID = co.CONTACTO_ID
    LEFT JOIN domicilio dom ON cl.DOM_ID = dom.DOM_ID
    LEFT JOIN ciudad ci ON dom.CIUDAD_ID = ci.CIUDAD_ID
    LEFT JOIN provincia pr ON ci.PROVINCIA_ID = pr.PROVINCIA_ID 
    WHERE cl.CLIENTE_ID = 1 
21:27:37 - Exito - SELECT cl.CLIENTE_ID, cl.DOM_ID, cl.CONTACTO_ID, cl.CLIENTE_NOMBRE, cl.CLIENTE_APELLIDO, cl.CLIENTE_FECHAALTA, cl.CLIENTE_FECHABAJA, 
    co.CONTACTO_TEL1, co.CONTACTO_TEL2, co.CONTACTO_EMAIL, co.CONTACTO_EMAIL, co.CONTACTO_WEB, co.CONTACTO_INFO, 
    dom.DOM_CALLE, dom.DOM_ALTURA, dom.DOM_CP, ci.CIUDAD_NOMBRE, pr.PROVINCIA_NOMBRE
    FROM cliente cl
    LEFT JOIN contacto co ON cl.CONTACTO_ID = co.CONTACTO_ID
    LEFT JOIN domicilio dom ON cl.DOM_ID = dom.DOM_ID
    LEFT JOIN ciudad ci ON dom.CIUDAD_ID = ci.CIUDAD_ID
    LEFT JOIN provincia pr ON ci.PROVINCIA_ID = pr.PROVINCIA_ID   
21:28:32 - Exito - SELECT cl.CLIENTE_ID, cl.DOM_ID, cl.CONTACTO_ID, cl.CLIENTE_NOMBRE, cl.CLIENTE_APELLIDO, cl.CLIENTE_FECHAALTA, cl.CLIENTE_FECHABAJA, 
    co.CONTACTO_TEL1, co.CONTACTO_TEL2, co.CONTACTO_EMAIL, co.CONTACTO_EMAIL, co.CONTACTO_WEB, co.CONTACTO_INFO, 
    dom.DOM_CALLE, dom.DOM_ALTURA, dom.DOM_CP, ci.CIUDAD_NOMBRE, pr.PROVINCIA_NOMBRE
    FROM cliente cl
    LEFT JOIN contacto co ON cl.CONTACTO_ID = co.CONTACTO_ID
    LEFT JOIN domicilio dom ON cl.DOM_ID = dom.DOM_ID
    LEFT JOIN ciudad ci ON dom.CIUDAD_ID = ci.CIUDAD_ID
    LEFT JOIN provincia pr ON ci.PROVINCIA_ID = pr.PROVINCIA_ID   
21:30:01 - Exito - SELECT cl.CLIENTE_ID, cl.DOM_ID, cl.CONTACTO_ID, cl.CLIENTE_NOMBRE, cl.CLIENTE_APELLIDO, cl.CLIENTE_FECHAALTA, cl.CLIENTE_FECHABAJA, 
    co.CONTACTO_TEL1, co.CONTACTO_TEL2, co.CONTACTO_EMAIL, co.CONTACTO_EMAIL, co.CONTACTO_WEB, co.CONTACTO_INFO, 
    dom.DOM_CALLE, dom.DOM_ALTURA, dom.DOM_CP, ci.CIUDAD_NOMBRE, pr.PROVINCIA_NOMBRE
    FROM cliente cl
    LEFT JOIN contacto co ON cl.CONTACTO_ID = co.CONTACTO_ID
    LEFT JOIN domicilio dom ON cl.DOM_ID = dom.DOM_ID
    LEFT JOIN ciudad ci ON dom.CIUDAD_ID = ci.CIUDAD_ID
    LEFT JOIN provincia pr ON ci.PROVINCIA_ID = pr.PROVINCIA_ID   
21:30:54 - Exito - SELECT cl.CLIENTE_ID, cl.DOM_ID, cl.CONTACTO_ID, cl.CLIENTE_NOMBRE, cl.CLIENTE_APELLIDO, cl.CLIENTE_FECHAALTA, cl.CLIENTE_FECHABAJA, 
    co.CONTACTO_TEL1, co.CONTACTO_TEL2, co.CONTACTO_EMAIL, co.CONTACTO_EMAIL, co.CONTACTO_WEB, co.CONTACTO_INFO, 
    dom.DOM_CALLE, dom.DOM_ALTURA, dom.DOM_CP, ci.CIUDAD_NOMBRE, pr.PROVINCIA_NOMBRE
    FROM cliente cl
    LEFT JOIN contacto co ON cl.CONTACTO_ID = co.CONTACTO_ID
    LEFT JOIN domicilio dom ON cl.DOM_ID = dom.DOM_ID
    LEFT JOIN ciudad ci ON dom.CIUDAD_ID = ci.CIUDAD_ID
    LEFT JOIN provincia pr ON ci.PROVINCIA_ID = pr.PROVINCIA_ID   
21:31:52 - Exito - SELECT cl.CLIENTE_ID, cl.DOM_ID, cl.CONTACTO_ID, cl.CLIENTE_NOMBRE, cl.CLIENTE_APELLIDO, cl.CLIENTE_FECHAALTA, cl.CLIENTE_FECHABAJA, 
    co.CONTACTO_TEL1, co.CONTACTO_TEL2, co.CONTACTO_EMAIL, co.CONTACTO_EMAIL, co.CONTACTO_WEB, co.CONTACTO_INFO, 
    dom.DOM_CALLE, dom.DOM_ALTURA, dom.DOM_CP, ci.CIUDAD_NOMBRE, pr.PROVINCIA_NOMBRE
    FROM cliente cl
    LEFT JOIN contacto co ON cl.CONTACTO_ID = co.CONTACTO_ID
    LEFT JOIN domicilio dom ON cl.DOM_ID = dom.DOM_ID
    LEFT JOIN ciudad ci ON dom.CIUDAD_ID = ci.CIUDAD_ID
    LEFT JOIN provincia pr ON ci.PROVINCIA_ID = pr.PROVINCIA_ID   
21:32:04 - Exito - SELECT cl.CLIENTE_ID, cl.DOM_ID, cl.CONTACTO_ID, cl.CLIENTE_NOMBRE, cl.CLIENTE_APELLIDO, cl.CLIENTE_FECHAALTA, cl.CLIENTE_FECHABAJA, 
    co.CONTACTO_TEL1, co.CONTACTO_TEL2, co.CONTACTO_EMAIL, co.CONTACTO_EMAIL, co.CONTACTO_WEB, co.CONTACTO_INFO, 
    dom.DOM_CALLE, dom.DOM_ALTURA, dom.DOM_CP, ci.CIUDAD_NOMBRE, pr.PROVINCIA_NOMBRE
    FROM cliente cl
    LEFT JOIN contacto co ON cl.CONTACTO_ID = co.CONTACTO_ID
    LEFT JOIN domicilio dom ON cl.DOM_ID = dom.DOM_ID
    LEFT JOIN ciudad ci ON dom.CIUDAD_ID = ci.CIUDAD_ID
    LEFT JOIN provincia pr ON ci.PROVINCIA_ID = pr.PROVINCIA_ID   
21:32:17 - Exito - SELECT cl.CLIENTE_ID, cl.DOM_ID, cl.CONTACTO_ID, cl.CLIENTE_NOMBRE, cl.CLIENTE_APELLIDO, cl.CLIENTE_FECHAALTA, cl.CLIENTE_FECHABAJA, 
    co.CONTACTO_TEL1, co.CONTACTO_TEL2, co.CONTACTO_EMAIL, co.CONTACTO_EMAIL, co.CONTACTO_WEB, co.CONTACTO_INFO, 
    dom.DOM_CALLE, dom.DOM_ALTURA, dom.DOM_CP, ci.CIUDAD_NOMBRE, pr.PROVINCIA_NOMBRE
    FROM cliente cl
    LEFT JOIN contacto co ON cl.CONTACTO_ID = co.CONTACTO_ID
    LEFT JOIN domicilio dom ON cl.DOM_ID = dom.DOM_ID
    LEFT JOIN ciudad ci ON dom.CIUDAD_ID = ci.CIUDAD_ID
    LEFT JOIN provincia pr ON ci.PROVINCIA_ID = pr.PROVINCIA_ID   
21:32:26 - Exito - SELECT cl.CLIENTE_ID, cl.DOM_ID, cl.CONTACTO_ID, cl.CLIENTE_NOMBRE, cl.CLIENTE_APELLIDO, cl.CLIENTE_FECHAALTA, cl.CLIENTE_FECHABAJA, 
    co.CONTACTO_TEL1, co.CONTACTO_TEL2, co.CONTACTO_EMAIL, co.CONTACTO_EMAIL, co.CONTACTO_WEB, co.CONTACTO_INFO, 
    dom.DOM_CALLE, dom.DOM_ALTURA, dom.DOM_CP, ci.CIUDAD_NOMBRE, pr.PROVINCIA_NOMBRE
    FROM cliente cl
    LEFT JOIN contacto co ON cl.CONTACTO_ID = co.CONTACTO_ID
    LEFT JOIN domicilio dom ON cl.DOM_ID = dom.DOM_ID
    LEFT JOIN ciudad ci ON dom.CIUDAD_ID = ci.CIUDAD_ID
    LEFT JOIN provincia pr ON ci.PROVINCIA_ID = pr.PROVINCIA_ID   
22:09:59 - Exito - SELECT cl.CLIENTE_ID, cl.DOM_ID, cl.CONTACTO_ID, cl.CLIENTE_NOMBRE, cl.CLIENTE_APELLIDO, cl.CLIENTE_FECHAALTA, cl.CLIENTE_FECHABAJA, 
    co.CONTACTO_TEL1, co.CONTACTO_TEL2, co.CONTACTO_EMAIL, co.CONTACTO_EMAIL, co.CONTACTO_WEB, co.CONTACTO_INFO, 
    dom.DOM_CALLE, dom.DOM_ALTURA, dom.DOM_CP, ci.CIUDAD_NOMBRE, pr.PROVINCIA_NOMBRE
    FROM cliente cl
    LEFT JOIN contacto co ON cl.CONTACTO_ID = co.CONTACTO_ID
    LEFT JOIN domicilio dom ON cl.DOM_ID = dom.DOM_ID
    LEFT JOIN ciudad ci ON dom.CIUDAD_ID = ci.CIUDAD_ID
    LEFT JOIN provincia pr ON ci.PROVINCIA_ID = pr.PROVINCIA_ID   
22:10:04 - Exito - SELECT cl.CLIENTE_ID, cl.DOM_ID, cl.CONTACTO_ID, cl.CLIENTE_NOMBRE, cl.CLIENTE_APELLIDO, cl.CLIENTE_FECHAALTA, cl.CLIENTE_FECHABAJA, 
    co.CONTACTO_TEL1, co.CONTACTO_TEL2, co.CONTACTO_EMAIL, co.CONTACTO_EMAIL, co.CONTACTO_WEB, co.CONTACTO_INFO, 
    dom.DOM_CALLE, dom.DOM_ALTURA, dom.DOM_CP, ci.CIUDAD_NOMBRE, pr.PROVINCIA_NOMBRE
    FROM cliente cl
    LEFT JOIN contacto co ON cl.CONTACTO_ID = co.CONTACTO_ID
    LEFT JOIN domicilio dom ON cl.DOM_ID = dom.DOM_ID
    LEFT JOIN ciudad ci ON dom.CIUDAD_ID = ci.CIUDAD_ID
    LEFT JOIN provincia pr ON ci.PROVINCIA_ID = pr.PROVINCIA_ID   
22:10:04 - Exito - SELECT cl.CLIENTE_ID, cl.DOM_ID, cl.CONTACTO_ID, cl.CLIENTE_NOMBRE, cl.CLIENTE_APELLIDO, cl.CLIENTE_FECHAALTA, cl.CLIENTE_FECHABAJA, 
    co.CONTACTO_TEL1, co.CONTACTO_TEL2, co.CONTACTO_EMAIL, co.CONTACTO_EMAIL, co.CONTACTO_WEB, co.CONTACTO_INFO, 
    dom.DOM_CALLE, dom.DOM_ALTURA, dom.DOM_CP, ci.CIUDAD_NOMBRE, pr.PROVINCIA_NOMBRE, pr.PROVINCIA_ID ,ci.CIUDAD_ID
    FROM cliente cl
    LEFT JOIN contacto co ON cl.CONTACTO_ID = co.CONTACTO_ID
    LEFT JOIN domicilio dom ON cl.DOM_ID = dom.DOM_ID
    LEFT JOIN ciudad ci ON dom.CIUDAD_ID = ci.CIUDAD_ID
    LEFT JOIN provincia pr ON ci.PROVINCIA_ID = pr.PROVINCIA_ID 
    WHERE cl.CLIENTE_ID = 9 
22:10:26 - Exito - SELECT cl.CLIENTE_ID, cl.DOM_ID, cl.CONTACTO_ID, cl.CLIENTE_NOMBRE, cl.CLIENTE_APELLIDO, cl.CLIENTE_FECHAALTA, cl.CLIENTE_FECHABAJA, 
    co.CONTACTO_TEL1, co.CONTACTO_TEL2, co.CONTACTO_EMAIL, co.CONTACTO_EMAIL, co.CONTACTO_WEB, co.CONTACTO_INFO, 
    dom.DOM_CALLE, dom.DOM_ALTURA, dom.DOM_CP, ci.CIUDAD_NOMBRE, pr.PROVINCIA_NOMBRE
    FROM cliente cl
    LEFT JOIN contacto co ON cl.CONTACTO_ID = co.CONTACTO_ID
    LEFT JOIN domicilio dom ON cl.DOM_ID = dom.DOM_ID
    LEFT JOIN ciudad ci ON dom.CIUDAD_ID = ci.CIUDAD_ID
    LEFT JOIN provincia pr ON ci.PROVINCIA_ID = pr.PROVINCIA_ID   
22:24:18 - Exito - SELECT cl.CLIENTE_ID, cl.DOM_ID, cl.CONTACTO_ID, cl.CLIENTE_NOMBRE, cl.CLIENTE_APELLIDO, cl.CLIENTE_FECHAALTA, cl.CLIENTE_FECHABAJA, 
    co.CONTACTO_TEL1, co.CONTACTO_TEL2, co.CONTACTO_EMAIL, co.CONTACTO_EMAIL, co.CONTACTO_WEB, co.CONTACTO_INFO, 
    dom.DOM_CALLE, dom.DOM_ALTURA, dom.DOM_CP, ci.CIUDAD_NOMBRE, pr.PROVINCIA_NOMBRE
    FROM cliente cl
    LEFT JOIN contacto co ON cl.CONTACTO_ID = co.CONTACTO_ID
    LEFT JOIN domicilio dom ON cl.DOM_ID = dom.DOM_ID
    LEFT JOIN ciudad ci ON dom.CIUDAD_ID = ci.CIUDAD_ID
    LEFT JOIN provincia pr ON ci.PROVINCIA_ID = pr.PROVINCIA_ID   
